#! c:/iverilog-x64/bin/vvp
:ivl_version "10.1 (stable)" "(v10_1_1)";
:ivl_delay_selection "TYPICAL";
:vpi_time_precision + 0;
:vpi_module "system";
:vpi_module "vhdl_sys";
:vpi_module "v2005_math";
:vpi_module "va_math";
S_00000000001a65f0 .scope module, "fc_tb" "fc_tb" 2 1;
 .timescale 0 0;
v00000000008ccd50_0 .var "clk", 0 0;
v00000000008cd610_0 .var "fc_in_idx", 3 0;
v00000000008ccc10_0 .var "fc_input", 31 0;
v00000000008cd750_0 .net "fc_out_idx", 9 0, v00000000008cd7f0_0;  1 drivers
v00000000008ccad0_0 .net "fc_output", 31 0, v00000000008ccb70_0;  1 drivers
v00000000008ccdf0_0 .net "in_rdy", 0 0, L_0000000000869ba0;  1 drivers
v00000000008cce90_0 .var "out_rdy", 0 0;
S_0000000000876750 .scope module, "fc_layer" "fc" 2 11, 3 1 0, S_00000000001a65f0;
 .timescale 0 0;
    .port_info 0 /INPUT 1 "clk"
    .port_info 1 /INPUT 1 "out_rdy"
    .port_info 2 /INPUT 32 "fc_input"
    .port_info 3 /INPUT 4 "fc_input_idx"
    .port_info 4 /OUTPUT 1 "in_rdy"
    .port_info 5 /OUTPUT 32 "fc_output"
    .port_info 6 /OUTPUT 10 "fc_output_idx"
P_00000000001a6770 .param/l "INPUT_IDX_WIDTH" 0 3 3, +C4<00000000000000000000000000000100>;
P_00000000001a67a8 .param/l "INPUT_WIDTH" 0 3 2, +C4<00000000000000000000000000001010>;
P_00000000001a67e0 .param/l "OUTPUT_IDX_WIDTH" 0 3 5, +C4<00000000000000000000000000001010>;
P_00000000001a6818 .param/l "OUTPUT_WIDTH" 0 3 4, +C4<00000000000000000000010000000000>;
L_0000000000869ba0 .functor OR 1, L_00000000008cdc20, L_00000000008cf480, C4<0>, C4<0>;
v0000000000874dd0_0 .net *"_s0", 31 0, L_00000000008cf3e0;  1 drivers
L_0000000002800118 .functor BUFT 1, C4<0000000000000000000000000000>, C4<0>, C4<0>, C4<0>;
v00000000001acf50_0 .net *"_s11", 27 0, L_0000000002800118;  1 drivers
L_0000000002800160 .functor BUFT 1, C4<00000000000000000000000000001001>, C4<0>, C4<0>, C4<0>;
v00000000001acff0_0 .net/2u *"_s12", 31 0, L_0000000002800160;  1 drivers
v00000000008768d0_0 .net *"_s14", 0 0, L_00000000008cf480;  1 drivers
L_0000000002800088 .functor BUFT 1, C4<0000000000000000000000000000000>, C4<0>, C4<0>, C4<0>;
v0000000000876970_0 .net *"_s3", 30 0, L_0000000002800088;  1 drivers
L_00000000028000d0 .functor BUFT 1, C4<00000000000000000000000000000000>, C4<0>, C4<0>, C4<0>;
v00000000008cccb0_0 .net/2u *"_s4", 31 0, L_00000000028000d0;  1 drivers
v00000000008cd570_0 .net *"_s6", 0 0, L_00000000008cdc20;  1 drivers
v00000000008cd6b0_0 .net *"_s8", 31 0, L_00000000008cdb80;  1 drivers
v00000000008cca30_0 .net "clk", 0 0, v00000000008ccd50_0;  1 drivers
v00000000008cd890_0 .net "fc_input", 31 0, v00000000008ccc10_0;  1 drivers
v00000000008cd390_0 .net "fc_input_idx", 3 0, v00000000008cd610_0;  1 drivers
v00000000008ccb70_0 .var "fc_output", 31 0;
v00000000008cd7f0_0 .var "fc_output_idx", 9 0;
v00000000008cd430_0 .var/i "i", 31 0;
v00000000008cd250_0 .net "in_rdy", 0 0, L_0000000000869ba0;  alias, 1 drivers
v00000000008cd1b0_0 .var/i "j", 31 0;
v00000000008ccf30_0 .var "last_input_idx", 3 0;
v00000000008ccfd0 .array "last_output", 0 1023, 31 0;
v00000000008cd4d0_0 .net "out_rdy", 0 0, v00000000008cce90_0;  1 drivers
v00000000008cd070_0 .var "sending", 0 0;
v00000000008cd2f0_0 .var "temp", 47 0;
v00000000008cd110 .array "temp_output", 0 1023, 31 0;
v00000000008cd930 .array "weights", 10239 0, 31 0;
E_0000000000873bc0 .event posedge, v00000000008cca30_0;
L_00000000008cf3e0 .concat [ 1 31 0 0], v00000000008cd070_0, L_0000000002800088;
L_00000000008cdc20 .cmp/eq 32, L_00000000008cf3e0, L_00000000028000d0;
L_00000000008cdb80 .concat [ 4 28 0 0], v00000000008cd610_0, L_0000000002800118;
L_00000000008cf480 .cmp/ne 32, L_00000000008cdb80, L_0000000002800160;
    .scope S_0000000000876750;
T_0 ;
    %pushi/vec4 0, 0, 1;
    %store/vec4 v00000000008cd070_0, 0, 1;
    %pushi/vec4 1023, 0, 10;
    %store/vec4 v00000000008cd7f0_0, 0, 10;
    %pushi/vec4 9, 0, 4;
    %store/vec4 v00000000008ccf30_0, 0, 4;
    %pushi/vec4 0, 0, 32;
    %store/vec4 v00000000008ccb70_0, 0, 32;
    %pushi/vec4 0, 0, 32;
    %store/vec4 v00000000008cd430_0, 0, 32;
T_0.0 ;
    %load/vec4 v00000000008cd430_0;
    %cmpi/s 1024, 0, 32;
    %jmp/0xz T_0.1, 5;
    %pushi/vec4 0, 0, 32;
    %ix/getv/s 4, v00000000008cd430_0;
    %store/vec4a v00000000008cd110, 4, 0;
    %load/vec4 v00000000008cd430_0;
    %addi 1, 0, 32;
    %store/vec4 v00000000008cd430_0, 0, 32;
    %jmp T_0.0;
T_0.1 ;
    %end;
    .thread T_0;
    .scope S_0000000000876750;
T_1 ;
    %wait E_0000000000873bc0;
    %load/vec4 v00000000008cd390_0;
    %load/vec4 v00000000008ccf30_0;
    %cmp/ne;
    %jmp/0xz  T_1.0, 4;
    %load/vec4 v00000000008cd390_0;
    %assign/vec4 v00000000008ccf30_0, 0;
    %pushi/vec4 0, 0, 32;
    %store/vec4 v00000000008cd430_0, 0, 32;
T_1.2 ;
    %load/vec4 v00000000008cd430_0;
    %cmpi/s 1024, 0, 32;
    %jmp/0xz T_1.3, 5;
    %load/vec4 v00000000008cd430_0;
    %pad/s 36;
    %pad/s 40;
    %muli 10, 0, 40;
    %pad/s 41;
    %load/vec4 v00000000008cd390_0;
    %pad/u 5;
    %pad/u 41;
    %add;
    %ix/vec4 4;
    %load/vec4a v00000000008cd930, 4;
    %pad/u 48;
    %load/vec4 v00000000008cd890_0;
    %pad/u 48;
    %mul;
    %ix/load 4, 16, 0;
    %flag_set/imm 4, 0;
    %shiftr 4;
    %store/vec4 v00000000008cd2f0_0, 0, 48;
    %ix/getv/s 4, v00000000008cd430_0;
    %load/vec4a v00000000008cd110, 4;
    %pad/u 48;
    %load/vec4 v00000000008cd2f0_0;
    %add;
    %pad/u 32;
    %ix/getv/s 3, v00000000008cd430_0;
    %ix/load 4, 0, 0; Constant delay
    %assign/vec4/a/d v00000000008cd110, 0, 4;
    %load/vec4 v00000000008cd390_0;
    %pad/u 32;
    %pushi/vec4 9, 0, 32;
    %cmp/e;
    %flag_get/vec4 4;
    %load/vec4 v00000000008cd070_0;
    %pad/u 32;
    %pushi/vec4 0, 0, 32;
    %cmp/e;
    %flag_get/vec4 4;
    %and;
    %load/vec4 v00000000008cd4d0_0;
    %pad/u 32;
    %pushi/vec4 1, 0, 32;
    %cmp/e;
    %flag_get/vec4 4;
    %and;
    %flag_set/vec4 8;
    %jmp/0xz  T_1.4, 8;
    %load/vec4 v00000000008cd430_0;
    %cmpi/e 0, 0, 32;
    %jmp/0xz  T_1.6, 4;
    %ix/load 4, 0, 0;
    %flag_set/imm 4, 0;
    %load/vec4a v00000000008cd110, 4;
    %pad/u 48;
    %load/vec4 v00000000008cd2f0_0;
    %add;
    %pad/u 32;
    %assign/vec4 v00000000008ccb70_0, 0;
T_1.6 ;
    %pushi/vec4 1, 0, 1;
    %assign/vec4 v00000000008cd070_0, 0;
    %pushi/vec4 0, 0, 10;
    %assign/vec4 v00000000008cd7f0_0, 0;
    %ix/getv/s 4, v00000000008cd430_0;
    %load/vec4a v00000000008cd110, 4;
    %pad/u 48;
    %load/vec4 v00000000008cd2f0_0;
    %add;
    %pad/u 32;
    %ix/getv/s 3, v00000000008cd430_0;
    %ix/load 4, 0, 0; Constant delay
    %assign/vec4/a/d v00000000008ccfd0, 0, 4;
    %pushi/vec4 0, 0, 32;
    %ix/getv/s 3, v00000000008cd430_0;
    %ix/load 4, 0, 0; Constant delay
    %assign/vec4/a/d v00000000008cd110, 0, 4;
    %jmp T_1.5;
T_1.4 ;
    %load/vec4 v00000000008cd390_0;
    %pad/u 32;
    %pushi/vec4 0, 0, 32;
    %cmp/e;
    %flag_get/vec4 4;
    %load/vec4 v00000000008cd070_0;
    %pad/u 32;
    %pushi/vec4 0, 0, 32;
    %cmp/e;
    %flag_get/vec4 4;
    %and;
    %load/vec4 v00000000008cd4d0_0;
    %pad/u 32;
    %pushi/vec4 1, 0, 32;
    %cmp/e;
    %flag_get/vec4 4;
    %and;
    %flag_set/vec4 8;
    %jmp/0xz  T_1.8, 8;
    %load/vec4 v00000000008cd430_0;
    %cmpi/e 0, 0, 32;
    %jmp/0xz  T_1.10, 4;
    %ix/load 4, 0, 0;
    %flag_set/imm 4, 0;
    %load/vec4a v00000000008cd110, 4;
    %assign/vec4 v00000000008ccb70_0, 0;
T_1.10 ;
    %pushi/vec4 1, 0, 1;
    %assign/vec4 v00000000008cd070_0, 0;
    %pushi/vec4 0, 0, 10;
    %assign/vec4 v00000000008cd7f0_0, 0;
    %ix/getv/s 4, v00000000008cd430_0;
    %load/vec4a v00000000008cd110, 4;
    %ix/getv/s 3, v00000000008cd430_0;
    %ix/load 4, 0, 0; Constant delay
    %assign/vec4/a/d v00000000008ccfd0, 0, 4;
    %load/vec4 v00000000008cd2f0_0;
    %pad/u 32;
    %ix/getv/s 3, v00000000008cd430_0;
    %ix/load 4, 0, 0; Constant delay
    %assign/vec4/a/d v00000000008cd110, 0, 4;
T_1.8 ;
T_1.5 ;
    %load/vec4 v00000000008cd430_0;
    %addi 1, 0, 32;
    %store/vec4 v00000000008cd430_0, 0, 32;
    %jmp T_1.2;
T_1.3 ;
T_1.0 ;
    %load/vec4 v00000000008cd070_0;
    %pad/u 32;
    %cmpi/e 1, 0, 32;
    %jmp/0xz  T_1.12, 4;
    %load/vec4 v00000000008cd7f0_0;
    %pad/u 32;
    %cmpi/e 1022, 0, 32;
    %jmp/0xz  T_1.14, 4;
    %pushi/vec4 0, 0, 1;
    %assign/vec4 v00000000008cd070_0, 0;
    %pushi/vec4 1023, 0, 10;
    %assign/vec4 v00000000008cd7f0_0, 0;
    %ix/load 4, 1023, 0;
    %flag_set/imm 4, 0;
    %load/vec4a v00000000008ccfd0, 4;
    %assign/vec4 v00000000008ccb70_0, 0;
    %jmp T_1.15;
T_1.14 ;
    %load/vec4 v00000000008cd7f0_0;
    %pad/u 32;
    %cmpi/u 1022, 0, 32;
    %jmp/0xz  T_1.16, 5;
    %load/vec4 v00000000008cd7f0_0;
    %addi 1, 0, 10;
    %assign/vec4 v00000000008cd7f0_0, 0;
    %load/vec4 v00000000008cd7f0_0;
    %pad/u 33;
    %addi 1, 0, 33;
    %ix/vec4 4;
    %load/vec4a v00000000008ccfd0, 4;
    %assign/vec4 v00000000008ccb70_0, 0;
T_1.16 ;
T_1.15 ;
T_1.12 ;
    %jmp T_1;
    .thread T_1;
    .scope S_0000000000876750;
T_2 ;
    %pushi/vec4 0, 0, 32;
    %store/vec4 v00000000008cd430_0, 0, 32;
T_2.0 ;
    %load/vec4 v00000000008cd430_0;
    %cmpi/s 1024, 0, 32;
    %jmp/0xz T_2.1, 5;
    %pushi/vec4 0, 0, 32;
    %ix/getv/s 4, v00000000008cd430_0;
    %store/vec4a v00000000008ccfd0, 4, 0;
    %pushi/vec4 0, 0, 32;
    %ix/getv/s 4, v00000000008cd430_0;
    %store/vec4a v00000000008cd110, 4, 0;
    %pushi/vec4 0, 0, 32;
    %store/vec4 v00000000008cd1b0_0, 0, 32;
T_2.2 ;
    %load/vec4 v00000000008cd1b0_0;
    %cmpi/s 10, 0, 32;
    %jmp/0xz T_2.3, 5;
    %load/vec4 v00000000008cd430_0;
    %load/vec4 v00000000008cd1b0_0;
    %mul;
    %ix/load 4, 10, 0;
    %flag_set/imm 4, 0;
    %shiftl 4;
    %load/vec4 v00000000008cd430_0;
    %pad/s 36;
    %pad/s 40;
    %muli 10, 0, 40;
    %pad/s 41;
    %load/vec4 v00000000008cd1b0_0;
    %pad/s 41;
    %add;
    %ix/vec4/s 4;
    %store/vec4a v00000000008cd930, 4, 0;
    %load/vec4 v00000000008cd1b0_0;
    %addi 1, 0, 32;
    %store/vec4 v00000000008cd1b0_0, 0, 32;
    %jmp T_2.2;
T_2.3 ;
    %load/vec4 v00000000008cd430_0;
    %addi 1, 0, 32;
    %store/vec4 v00000000008cd430_0, 0, 32;
    %jmp T_2.0;
T_2.1 ;
    %end;
    .thread T_2;
    .scope S_00000000001a65f0;
T_3 ;
    %pushi/vec4 0, 0, 1;
    %store/vec4 v00000000008ccd50_0, 0, 1;
    %pushi/vec4 1, 0, 1;
    %store/vec4 v00000000008cce90_0, 0, 1;
    %pushi/vec4 65536, 0, 32;
    %store/vec4 v00000000008ccc10_0, 0, 32;
    %pushi/vec4 0, 0, 4;
    %store/vec4 v00000000008cd610_0, 0, 4;
    %end;
    .thread T_3;
    .scope S_00000000001a65f0;
T_4 ;
    %delay 5, 0;
    %load/vec4 v00000000008ccd50_0;
    %inv;
    %assign/vec4 v00000000008ccd50_0, 0;
    %jmp T_4;
    .thread T_4;
    .scope S_00000000001a65f0;
T_5 ;
    %wait E_0000000000873bc0;
    %load/vec4 v00000000008ccdf0_0;
    %pad/u 32;
    %cmpi/e 1, 0, 32;
    %jmp/0xz  T_5.0, 4;
    %load/vec4 v00000000008cd610_0;
    %pad/u 32;
    %cmpi/e 9, 0, 32;
    %jmp/0xz  T_5.2, 4;
    %pushi/vec4 0, 0, 4;
    %assign/vec4 v00000000008cd610_0, 0;
    %jmp T_5.3;
T_5.2 ;
    %load/vec4 v00000000008cd610_0;
    %addi 1, 0, 4;
    %assign/vec4 v00000000008cd610_0, 0;
T_5.3 ;
T_5.0 ;
    %vpi_call 2 30 "$display", "in_idx (%d), o_idx (%d), o_val (%d.%d)", v00000000008cd610_0, v00000000008cd750_0, &PV<v00000000008ccad0_0, 16, 16>, &PV<v00000000008ccad0_0, 0, 16> {0 0 0};
    %jmp T_5;
    .thread T_5;
# The file index is used to find the file name in the following table.
:file_names 4;
    "N/A";
    "<interactive>";
    "fc_tb.v";
    "fc.v";
