#! c:/iverilog-x64/bin/vvp
:ivl_version "10.1 (stable)" "(v10_1_1)";
:ivl_delay_selection "TYPICAL";
:vpi_time_precision + 0;
:vpi_module "system";
:vpi_module "vhdl_sys";
:vpi_module "v2005_math";
:vpi_module "va_math";
S_0000000000e20710 .scope module, "conv_tb" "conv_tb" 2 1;
 .timescale 0 0;
v0000000000ea1da0_0 .var "clk", 0 0;
v0000000000eac270_0 .var "conv_input", 31 0;
v0000000000eabeb0_0 .var "conv_input_idx", 2 0;
v0000000000eab870_0 .var "conv_input_x", 3 0;
v0000000000eacdb0_0 .var "conv_input_y", 3 0;
v0000000000eac810_0 .net "conv_output", 31 0, v0000000000ea18a0_0;  1 drivers
v0000000000eac950_0 .net "conv_output_idx", 3 0, v0000000000ea14e0_0;  1 drivers
v0000000000eac8b0_0 .net "conv_output_x", 2 0, v0000000000ea1620_0;  1 drivers
v0000000000eabaf0_0 .net "conv_output_y", 2 0, v0000000000ea2520_0;  1 drivers
v0000000000eac590_0 .net "in_rdy", 0 0, L_0000000000e38ef0;  1 drivers
v0000000000eac630_0 .var "out_rdy", 0 0;
S_0000000000e20890 .scope module, "conv_inst" "conv" 2 13, 3 1 0, S_0000000000e20710;
 .timescale 0 0;
    .port_info 0 /INPUT 1 "clk"
    .port_info 1 /INPUT 1 "out_rdy"
    .port_info 2 /INPUT 32 "conv_input"
    .port_info 3 /INPUT 3 "conv_input_idx"
    .port_info 4 /INPUT 4 "conv_input_x"
    .port_info 5 /INPUT 4 "conv_input_y"
    .port_info 6 /OUTPUT 1 "in_rdy"
    .port_info 7 /OUTPUT 32 "conv_output"
    .port_info 8 /OUTPUT 4 "conv_output_idx"
    .port_info 9 /OUTPUT 3 "conv_output_x"
    .port_info 10 /OUTPUT 3 "conv_output_y"
P_0000000000e27010 .param/l "INPUT_COORD_WIDTH" 0 3 5, +C4<00000000000000000000000000000100>;
P_0000000000e27048 .param/l "INPUT_DEPTH" 0 3 2, +C4<00000000000000000000000000001000>;
P_0000000000e27080 .param/l "INPUT_IDX_WIDTH" 0 3 4, +C4<00000000000000000000000000000011>;
P_0000000000e270b8 .param/l "INPUT_SIZE" 0 3 3, +C4<00000000000000000000000000001100>;
P_0000000000e270f0 .param/l "KERNEL_SIZE" 0 3 6, +C4<00000000000000000000000000000101>;
P_0000000000e27128 .param/l "OUTPUT_COORD_WIDTH" 0 3 11, +C4<00000000000000000000000000000011>;
P_0000000000e27160 .param/l "OUTPUT_DEPTH" 0 3 8, +C4<00000000000000000000000000010000>;
P_0000000000e27198 .param/l "OUTPUT_IDX_WIDTH" 0 3 10, +C4<00000000000000000000000000000100>;
P_0000000000e271d0 .param/l "OUTPUT_SIZE" 0 3 9, +C4<00000000000000000000000000001000>;
P_0000000000e27208 .param/l "STRIDE" 0 3 7, +C4<00000000000000000000000000000001>;
L_0000000000e390b0 .functor AND 1, L_0000000000eabf50, L_0000000000eac9f0, C4<1>, C4<1>;
L_0000000000e387f0 .functor AND 1, L_0000000000e390b0, L_0000000000eabb90, C4<1>, C4<1>;
L_0000000000e38860 .functor AND 1, L_0000000000eab5f0, L_0000000000eabc30, C4<1>, C4<1>;
L_0000000000e38b70 .functor AND 1, L_0000000000e38860, L_0000000000eace50, C4<1>, C4<1>;
L_0000000000e38ef0 .functor OR 1, L_0000000000eacef0, L_0000000000ead350, C4<0>, C4<0>;
v0000000000e32440_0 .net *"_s0", 31 0, L_0000000000eab7d0;  1 drivers
L_00000000026f0118 .functor BUFT 1, C4<0000000000000000000000000000>, C4<0>, C4<0>, C4<0>;
v0000000000e31cc0_0 .net *"_s11", 27 0, L_00000000026f0118;  1 drivers
L_00000000026f0160 .functor BUFT 1, C4<00000000000000000000000000001011>, C4<0>, C4<0>, C4<0>;
v0000000000e32800_0 .net/2u *"_s12", 31 0, L_00000000026f0160;  1 drivers
v0000000000e319a0_0 .net *"_s14", 0 0, L_0000000000eac9f0;  1 drivers
v0000000000e31d60_0 .net *"_s16", 0 0, L_0000000000e390b0;  1 drivers
v0000000000e31a40_0 .net *"_s18", 31 0, L_0000000000eac310;  1 drivers
L_00000000026f01a8 .functor BUFT 1, C4<0000000000000000000000000000>, C4<0>, C4<0>, C4<0>;
v0000000000e31ae0_0 .net *"_s21", 27 0, L_00000000026f01a8;  1 drivers
L_00000000026f01f0 .functor BUFT 1, C4<00000000000000000000000000001011>, C4<0>, C4<0>, C4<0>;
v0000000000ea23e0_0 .net/2u *"_s22", 31 0, L_00000000026f01f0;  1 drivers
v0000000000ea16c0_0 .net *"_s24", 0 0, L_0000000000eabb90;  1 drivers
v0000000000ea2700_0 .net *"_s28", 31 0, L_0000000000eabff0;  1 drivers
L_00000000026f0088 .functor BUFT 1, C4<00000000000000000000000000000>, C4<0>, C4<0>, C4<0>;
v0000000000ea1ee0_0 .net *"_s3", 28 0, L_00000000026f0088;  1 drivers
L_00000000026f0238 .functor BUFT 1, C4<0000000000000000000000000000>, C4<0>, C4<0>, C4<0>;
v0000000000ea1580_0 .net *"_s31", 27 0, L_00000000026f0238;  1 drivers
L_00000000026f0280 .functor BUFT 1, C4<00000000000000000000000000001111>, C4<0>, C4<0>, C4<0>;
v0000000000ea2480_0 .net/2u *"_s32", 31 0, L_00000000026f0280;  1 drivers
v0000000000ea1760_0 .net *"_s34", 0 0, L_0000000000eab5f0;  1 drivers
v0000000000ea2660_0 .net *"_s36", 31 0, L_0000000000eab4b0;  1 drivers
L_00000000026f02c8 .functor BUFT 1, C4<00000000000000000000000000000>, C4<0>, C4<0>, C4<0>;
v0000000000ea1440_0 .net *"_s39", 28 0, L_00000000026f02c8;  1 drivers
L_00000000026f00d0 .functor BUFT 1, C4<00000000000000000000000000000111>, C4<0>, C4<0>, C4<0>;
v0000000000ea2ca0_0 .net/2u *"_s4", 31 0, L_00000000026f00d0;  1 drivers
L_00000000026f0310 .functor BUFT 1, C4<00000000000000000000000000000111>, C4<0>, C4<0>, C4<0>;
v0000000000ea1080_0 .net/2u *"_s40", 31 0, L_00000000026f0310;  1 drivers
v0000000000ea1120_0 .net *"_s42", 0 0, L_0000000000eabc30;  1 drivers
v0000000000ea2c00_0 .net *"_s44", 0 0, L_0000000000e38860;  1 drivers
v0000000000ea1a80_0 .net *"_s46", 31 0, L_0000000000eaca90;  1 drivers
L_00000000026f0358 .functor BUFT 1, C4<00000000000000000000000000000>, C4<0>, C4<0>, C4<0>;
v0000000000ea2b60_0 .net *"_s49", 28 0, L_00000000026f0358;  1 drivers
L_00000000026f03a0 .functor BUFT 1, C4<00000000000000000000000000000111>, C4<0>, C4<0>, C4<0>;
v0000000000ea1bc0_0 .net/2u *"_s50", 31 0, L_00000000026f03a0;  1 drivers
v0000000000ea2d40_0 .net *"_s52", 0 0, L_0000000000eace50;  1 drivers
v0000000000ea22a0_0 .net *"_s56", 31 0, L_0000000000eac130;  1 drivers
L_00000000026f03e8 .functor BUFT 1, C4<0000000000000000000000000000000>, C4<0>, C4<0>, C4<0>;
v0000000000ea2160_0 .net *"_s59", 30 0, L_00000000026f03e8;  1 drivers
v0000000000ea2e80_0 .net *"_s6", 0 0, L_0000000000eabf50;  1 drivers
L_00000000026f0430 .functor BUFT 1, C4<00000000000000000000000000000000>, C4<0>, C4<0>, C4<0>;
v0000000000ea1260_0 .net/2u *"_s60", 31 0, L_00000000026f0430;  1 drivers
v0000000000ea1300_0 .net *"_s62", 0 0, L_0000000000eacef0;  1 drivers
v0000000000ea2020_0 .net *"_s65", 0 0, L_0000000000ead350;  1 drivers
v0000000000ea1c60_0 .net *"_s8", 31 0, L_0000000000eac090;  1 drivers
v0000000000ea2340_0 .net "clk", 0 0, v0000000000ea1da0_0;  1 drivers
v0000000000ea27a0_0 .net "conv_input", 31 0, v0000000000eac270_0;  1 drivers
v0000000000ea1800_0 .net "conv_input_idx", 2 0, v0000000000eabeb0_0;  1 drivers
v0000000000ea25c0_0 .net "conv_input_x", 3 0, v0000000000eab870_0;  1 drivers
v0000000000ea2a20_0 .net "conv_input_y", 3 0, v0000000000eacdb0_0;  1 drivers
v0000000000ea18a0_0 .var "conv_output", 31 0;
v0000000000ea14e0_0 .var "conv_output_idx", 3 0;
v0000000000ea1620_0 .var "conv_output_x", 2 0;
v0000000000ea2520_0 .var "conv_output_y", 2 0;
v0000000000ea2de0_0 .var/i "i", 31 0;
v0000000000ea2200_0 .net "in_rdy", 0 0, L_0000000000e38ef0;  alias, 1 drivers
v0000000000ea1d00_0 .var/i "j", 31 0;
v0000000000ea11c0_0 .var/i "k", 31 0;
v0000000000ea20c0_0 .var/i "l", 31 0;
v0000000000ea2980_0 .net "last_in_idx", 0 0, L_0000000000e387f0;  1 drivers
v0000000000ea1e40_0 .var "last_input_idx", 2 0;
v0000000000ea1f80_0 .var "last_input_x", 3 0;
v0000000000ea2840_0 .var "last_input_y", 3 0;
v0000000000ea1940_0 .net "last_out_idx", 0 0, L_0000000000e38b70;  1 drivers
v0000000000ea28e0 .array "last_output", 1023 0, 31 0;
v0000000000ea2f20_0 .net "out_rdy", 0 0, v0000000000eac630_0;  1 drivers
v0000000000ea2ac0_0 .var "sending", 0 0;
v0000000000ea13a0_0 .var "temp", 47 0;
v0000000000ea19e0 .array "temp_output", 1023 0, 31 0;
v0000000000ea1b20 .array "weights", 3199 0, 31 0;
E_0000000000e468d0 .event posedge, v0000000000ea2340_0;
L_0000000000eab7d0 .concat [ 3 29 0 0], v0000000000eabeb0_0, L_00000000026f0088;
L_0000000000eabf50 .cmp/eq 32, L_0000000000eab7d0, L_00000000026f00d0;
L_0000000000eac090 .concat [ 4 28 0 0], v0000000000eab870_0, L_00000000026f0118;
L_0000000000eac9f0 .cmp/eq 32, L_0000000000eac090, L_00000000026f0160;
L_0000000000eac310 .concat [ 4 28 0 0], v0000000000eacdb0_0, L_00000000026f01a8;
L_0000000000eabb90 .cmp/eq 32, L_0000000000eac310, L_00000000026f01f0;
L_0000000000eabff0 .concat [ 4 28 0 0], v0000000000ea14e0_0, L_00000000026f0238;
L_0000000000eab5f0 .cmp/eq 32, L_0000000000eabff0, L_00000000026f0280;
L_0000000000eab4b0 .concat [ 3 29 0 0], v0000000000ea1620_0, L_00000000026f02c8;
L_0000000000eabc30 .cmp/eq 32, L_0000000000eab4b0, L_00000000026f0310;
L_0000000000eaca90 .concat [ 3 29 0 0], v0000000000ea2520_0, L_00000000026f0358;
L_0000000000eace50 .cmp/eq 32, L_0000000000eaca90, L_00000000026f03a0;
L_0000000000eac130 .concat [ 1 31 0 0], v0000000000ea2ac0_0, L_00000000026f03e8;
L_0000000000eacef0 .cmp/eq 32, L_0000000000eac130, L_00000000026f0430;
L_0000000000ead350 .reduce/nor L_0000000000e387f0;
    .scope S_0000000000e20890;
T_0 ;
    %pushi/vec4 0, 0, 1;
    %store/vec4 v0000000000ea2ac0_0, 0, 1;
    %pushi/vec4 15, 0, 4;
    %store/vec4 v0000000000ea14e0_0, 0, 4;
    %pushi/vec4 7, 0, 3;
    %store/vec4 v0000000000ea1620_0, 0, 3;
    %pushi/vec4 7, 0, 3;
    %store/vec4 v0000000000ea2520_0, 0, 3;
    %pushi/vec4 7, 0, 3;
    %store/vec4 v0000000000ea1e40_0, 0, 3;
    %pushi/vec4 11, 0, 4;
    %store/vec4 v0000000000ea1f80_0, 0, 4;
    %pushi/vec4 11, 0, 4;
    %store/vec4 v0000000000ea2840_0, 0, 4;
    %pushi/vec4 0, 0, 32;
    %store/vec4 v0000000000ea18a0_0, 0, 32;
    %pushi/vec4 0, 0, 32;
    %store/vec4 v0000000000ea2de0_0, 0, 32;
T_0.0 ;
    %load/vec4 v0000000000ea2de0_0;
    %cmpi/s 5, 0, 32;
    %jmp/0xz T_0.1, 5;
    %pushi/vec4 0, 0, 32;
    %store/vec4 v0000000000ea1d00_0, 0, 32;
T_0.2 ;
    %load/vec4 v0000000000ea1d00_0;
    %cmpi/s 5, 0, 32;
    %jmp/0xz T_0.3, 5;
    %pushi/vec4 0, 0, 32;
    %store/vec4 v0000000000ea11c0_0, 0, 32;
T_0.4 ;
    %load/vec4 v0000000000ea11c0_0;
    %cmpi/s 16, 0, 32;
    %jmp/0xz T_0.5, 5;
    %pushi/vec4 0, 0, 32;
    %store/vec4 v0000000000ea20c0_0, 0, 32;
T_0.6 ;
    %load/vec4 v0000000000ea20c0_0;
    %cmpi/s 8, 0, 32;
    %jmp/0xz T_0.7, 5;
    %load/vec4 v0000000000ea2de0_0;
    %load/vec4 v0000000000ea1d00_0;
    %mul;
    %load/vec4 v0000000000ea11c0_0;
    %mul;
    %load/vec4 v0000000000ea20c0_0;
    %mul;
    %load/vec4 v0000000000ea2de0_0;
    %pad/s 42;
    %pad/s 52;
    %muli 640, 0, 52;
    %pad/s 53;
    %load/vec4 v0000000000ea1d00_0;
    %pad/s 40;
    %pad/s 47;
    %muli 128, 0, 47;
    %pad/s 53;
    %add;
    %pad/s 54;
    %load/vec4 v0000000000ea11c0_0;
    %pad/s 36;
    %pad/s 39;
    %muli 8, 0, 39;
    %pad/s 54;
    %add;
    %pad/s 55;
    %load/vec4 v0000000000ea20c0_0;
    %pad/s 55;
    %add;
    %ix/vec4/s 4;
    %store/vec4a v0000000000ea1b20, 4, 0;
    %load/vec4 v0000000000ea20c0_0;
    %addi 1, 0, 32;
    %store/vec4 v0000000000ea20c0_0, 0, 32;
    %jmp T_0.6;
T_0.7 ;
    %load/vec4 v0000000000ea11c0_0;
    %addi 1, 0, 32;
    %store/vec4 v0000000000ea11c0_0, 0, 32;
    %jmp T_0.4;
T_0.5 ;
    %load/vec4 v0000000000ea1d00_0;
    %addi 1, 0, 32;
    %store/vec4 v0000000000ea1d00_0, 0, 32;
    %jmp T_0.2;
T_0.3 ;
    %load/vec4 v0000000000ea2de0_0;
    %addi 1, 0, 32;
    %store/vec4 v0000000000ea2de0_0, 0, 32;
    %jmp T_0.0;
T_0.1 ;
    %pushi/vec4 0, 0, 32;
    %store/vec4 v0000000000ea2de0_0, 0, 32;
T_0.8 ;
    %load/vec4 v0000000000ea2de0_0;
    %cmpi/s 16, 0, 32;
    %jmp/0xz T_0.9, 5;
    %pushi/vec4 0, 0, 32;
    %store/vec4 v0000000000ea1d00_0, 0, 32;
T_0.10 ;
    %load/vec4 v0000000000ea1d00_0;
    %cmpi/s 8, 0, 32;
    %jmp/0xz T_0.11, 5;
    %pushi/vec4 0, 0, 32;
    %store/vec4 v0000000000ea11c0_0, 0, 32;
T_0.12 ;
    %load/vec4 v0000000000ea11c0_0;
    %cmpi/s 8, 0, 32;
    %jmp/0xz T_0.13, 5;
    %pushi/vec4 0, 0, 32;
    %load/vec4 v0000000000ea1d00_0;
    %pad/s 40;
    %pad/s 47;
    %muli 128, 0, 47;
    %pad/s 48;
    %load/vec4 v0000000000ea11c0_0;
    %pad/s 37;
    %pad/s 41;
    %muli 16, 0, 41;
    %pad/s 48;
    %add;
    %pad/s 49;
    %load/vec4 v0000000000ea2de0_0;
    %pad/s 49;
    %add;
    %ix/vec4/s 4;
    %store/vec4a v0000000000ea19e0, 4, 0;
    %load/vec4 v0000000000ea11c0_0;
    %addi 1, 0, 32;
    %store/vec4 v0000000000ea11c0_0, 0, 32;
    %jmp T_0.12;
T_0.13 ;
    %load/vec4 v0000000000ea1d00_0;
    %addi 1, 0, 32;
    %store/vec4 v0000000000ea1d00_0, 0, 32;
    %jmp T_0.10;
T_0.11 ;
    %load/vec4 v0000000000ea2de0_0;
    %addi 1, 0, 32;
    %store/vec4 v0000000000ea2de0_0, 0, 32;
    %jmp T_0.8;
T_0.9 ;
    %end;
    .thread T_0;
    .scope S_0000000000e20890;
T_1 ;
    %wait E_0000000000e468d0;
    %load/vec4 v0000000000ea1800_0;
    %load/vec4 v0000000000ea1e40_0;
    %cmp/ne;
    %flag_mov 8, 4;
    %load/vec4 v0000000000ea25c0_0;
    %load/vec4 v0000000000ea1f80_0;
    %cmp/ne;
    %flag_or 4, 8;
    %flag_mov 8, 4;
    %load/vec4 v0000000000ea2a20_0;
    %load/vec4 v0000000000ea2840_0;
    %cmp/ne;
    %flag_or 4, 8;
    %jmp/0xz  T_1.0, 4;
    %load/vec4 v0000000000ea1800_0;
    %assign/vec4 v0000000000ea1e40_0, 0;
    %load/vec4 v0000000000ea25c0_0;
    %assign/vec4 v0000000000ea1f80_0, 0;
    %load/vec4 v0000000000ea2a20_0;
    %assign/vec4 v0000000000ea2840_0, 0;
    %pushi/vec4 0, 0, 32;
    %store/vec4 v0000000000ea2de0_0, 0, 32;
T_1.2 ;
    %load/vec4 v0000000000ea2de0_0;
    %cmpi/s 16, 0, 32;
    %jmp/0xz T_1.3, 5;
    %pushi/vec4 0, 0, 32;
    %store/vec4 v0000000000ea1d00_0, 0, 32;
T_1.4 ;
    %load/vec4 v0000000000ea1d00_0;
    %cmpi/s 5, 0, 32;
    %jmp/0xz T_1.5, 5;
    %pushi/vec4 0, 0, 32;
    %store/vec4 v0000000000ea11c0_0, 0, 32;
T_1.6 ;
    %load/vec4 v0000000000ea11c0_0;
    %cmpi/s 5, 0, 32;
    %jmp/0xz T_1.7, 5;
    %load/vec4 v0000000000ea1d00_0;
    %load/vec4 v0000000000ea25c0_0;
    %pad/u 32;
    %cmp/u;
    %flag_get/vec4 4;
    %flag_get/vec4 5;
    %or;
    %load/vec4 v0000000000ea25c0_0;
    %pad/u 32;
    %load/vec4 v0000000000ea1d00_0;
    %sub;
    %cmpi/u 8, 0, 32;
    %flag_get/vec4 5;
    %and;
    %load/vec4 v0000000000ea11c0_0;
    %load/vec4 v0000000000ea2a20_0;
    %pad/u 32;
    %cmp/u;
    %flag_get/vec4 4;
    %flag_get/vec4 5;
    %or;
    %and;
    %load/vec4 v0000000000ea2a20_0;
    %pad/u 32;
    %load/vec4 v0000000000ea11c0_0;
    %sub;
    %cmpi/u 8, 0, 32;
    %flag_get/vec4 5;
    %and;
    %flag_set/vec4 8;
    %jmp/0xz  T_1.8, 8;
    %load/vec4 v0000000000ea1d00_0;
    %pad/s 42;
    %pad/s 52;
    %muli 640, 0, 52;
    %pad/s 53;
    %load/vec4 v0000000000ea11c0_0;
    %pad/s 40;
    %pad/s 47;
    %muli 128, 0, 47;
    %pad/s 53;
    %add;
    %pad/s 54;
    %load/vec4 v0000000000ea2de0_0;
    %pad/s 36;
    %pad/s 39;
    %muli 8, 0, 39;
    %pad/s 54;
    %add;
    %pad/s 55;
    %load/vec4 v0000000000ea1800_0;
    %pad/u 5;
    %pad/u 55;
    %add;
    %ix/vec4 4;
    %load/vec4a v0000000000ea1b20, 4;
    %pad/u 48;
    %load/vec4 v0000000000ea27a0_0;
    %pad/u 48;
    %mul;
    %ix/load 4, 16, 0;
    %flag_set/imm 4, 0;
    %shiftr 4;
    %store/vec4 v0000000000ea13a0_0, 0, 48;
    %load/vec4 v0000000000ea25c0_0;
    %pad/u 33;
    %load/vec4 v0000000000ea1d00_0;
    %pad/u 33;
    %sub;
    %pad/u 41;
    %pad/u 48;
    %muli 128, 0, 48;
    %pad/u 49;
    %load/vec4 v0000000000ea2a20_0;
    %pad/u 33;
    %load/vec4 v0000000000ea11c0_0;
    %pad/u 33;
    %sub;
    %pad/u 38;
    %pad/u 42;
    %muli 16, 0, 42;
    %pad/u 49;
    %add;
    %pad/u 50;
    %load/vec4 v0000000000ea2de0_0;
    %pad/s 50;
    %add;
    %ix/vec4 4;
    %load/vec4a v0000000000ea19e0, 4;
    %pad/u 48;
    %load/vec4 v0000000000ea13a0_0;
    %add;
    %pad/u 32;
    %load/vec4 v0000000000ea25c0_0;
    %pad/u 33;
    %load/vec4 v0000000000ea1d00_0;
    %pad/u 33;
    %sub;
    %pad/u 41;
    %pad/u 48;
    %muli 128, 0, 48;
    %pad/u 49;
    %load/vec4 v0000000000ea2a20_0;
    %pad/u 33;
    %load/vec4 v0000000000ea11c0_0;
    %pad/u 33;
    %sub;
    %pad/u 38;
    %pad/u 42;
    %muli 16, 0, 42;
    %pad/u 49;
    %add;
    %pad/u 50;
    %load/vec4 v0000000000ea2de0_0;
    %pad/s 50;
    %add;
    %ix/vec4 3;
    %ix/load 4, 0, 0; Constant delay
    %assign/vec4/a/d v0000000000ea19e0, 0, 4;
T_1.8 ;
    %load/vec4 v0000000000ea11c0_0;
    %addi 1, 0, 32;
    %store/vec4 v0000000000ea11c0_0, 0, 32;
    %jmp T_1.6;
T_1.7 ;
    %load/vec4 v0000000000ea1d00_0;
    %addi 1, 0, 32;
    %store/vec4 v0000000000ea1d00_0, 0, 32;
    %jmp T_1.4;
T_1.5 ;
    %load/vec4 v0000000000ea2de0_0;
    %addi 1, 0, 32;
    %store/vec4 v0000000000ea2de0_0, 0, 32;
    %jmp T_1.2;
T_1.3 ;
T_1.0 ;
    %load/vec4 v0000000000ea2980_0;
    %pad/u 32;
    %pushi/vec4 1, 0, 32;
    %cmp/e;
    %flag_get/vec4 4;
    %load/vec4 v0000000000ea2ac0_0;
    %pad/u 32;
    %pushi/vec4 0, 0, 32;
    %cmp/e;
    %flag_get/vec4 4;
    %and;
    %load/vec4 v0000000000ea2f20_0;
    %pad/u 32;
    %pushi/vec4 1, 0, 32;
    %cmp/e;
    %flag_get/vec4 4;
    %and;
    %flag_set/vec4 8;
    %jmp/0xz  T_1.10, 8;
    %pushi/vec4 1, 0, 1;
    %assign/vec4 v0000000000ea2ac0_0, 0;
T_1.10 ;
    %load/vec4 v0000000000ea2ac0_0;
    %pad/u 32;
    %cmpi/e 1, 0, 32;
    %jmp/0xz  T_1.12, 4;
    %load/vec4 v0000000000ea1940_0;
    %pad/u 32;
    %pushi/vec4 1, 0, 32;
    %cmp/e;
    %flag_get/vec4 4;
    %load/vec4 v0000000000ea2f20_0;
    %pad/u 32;
    %pushi/vec4 1, 0, 32;
    %cmp/e;
    %flag_get/vec4 4;
    %and;
    %flag_set/vec4 8;
    %jmp/0xz  T_1.14, 8;
    %ix/load 4, 0, 0;
    %flag_set/imm 4, 0;
    %load/vec4a v0000000000ea19e0, 4;
    %assign/vec4 v0000000000ea18a0_0, 0;
    %pushi/vec4 0, 0, 4;
    %assign/vec4 v0000000000ea14e0_0, 0;
    %pushi/vec4 0, 0, 3;
    %assign/vec4 v0000000000ea1620_0, 0;
    %pushi/vec4 0, 0, 3;
    %assign/vec4 v0000000000ea2520_0, 0;
    %pushi/vec4 0, 0, 32;
    %store/vec4 v0000000000ea2de0_0, 0, 32;
T_1.16 ;
    %load/vec4 v0000000000ea2de0_0;
    %cmpi/s 16, 0, 32;
    %jmp/0xz T_1.17, 5;
    %pushi/vec4 0, 0, 32;
    %store/vec4 v0000000000ea1d00_0, 0, 32;
T_1.18 ;
    %load/vec4 v0000000000ea1d00_0;
    %cmpi/s 8, 0, 32;
    %jmp/0xz T_1.19, 5;
    %pushi/vec4 0, 0, 32;
    %store/vec4 v0000000000ea11c0_0, 0, 32;
T_1.20 ;
    %load/vec4 v0000000000ea11c0_0;
    %cmpi/s 8, 0, 32;
    %jmp/0xz T_1.21, 5;
    %load/vec4 v0000000000ea1d00_0;
    %pad/s 40;
    %pad/s 47;
    %muli 128, 0, 47;
    %pad/s 48;
    %load/vec4 v0000000000ea11c0_0;
    %pad/s 37;
    %pad/s 41;
    %muli 16, 0, 41;
    %pad/s 48;
    %add;
    %pad/s 49;
    %load/vec4 v0000000000ea2de0_0;
    %pad/s 49;
    %add;
    %ix/vec4/s 4;
    %load/vec4a v0000000000ea19e0, 4;
    %load/vec4 v0000000000ea1d00_0;
    %pad/s 40;
    %pad/s 47;
    %muli 128, 0, 47;
    %pad/s 48;
    %load/vec4 v0000000000ea11c0_0;
    %pad/s 37;
    %pad/s 41;
    %muli 16, 0, 41;
    %pad/s 48;
    %add;
    %pad/s 49;
    %load/vec4 v0000000000ea2de0_0;
    %pad/s 49;
    %add;
    %ix/vec4/s 3;
    %ix/load 4, 0, 0; Constant delay
    %assign/vec4/a/d v0000000000ea28e0, 0, 4;
    %pushi/vec4 0, 0, 32;
    %load/vec4 v0000000000ea1d00_0;
    %pad/s 40;
    %pad/s 47;
    %muli 128, 0, 47;
    %pad/s 48;
    %load/vec4 v0000000000ea11c0_0;
    %pad/s 37;
    %pad/s 41;
    %muli 16, 0, 41;
    %pad/s 48;
    %add;
    %pad/s 49;
    %load/vec4 v0000000000ea2de0_0;
    %pad/s 49;
    %add;
    %ix/vec4/s 3;
    %ix/load 4, 0, 0; Constant delay
    %assign/vec4/a/d v0000000000ea19e0, 0, 4;
    %load/vec4 v0000000000ea11c0_0;
    %addi 1, 0, 32;
    %store/vec4 v0000000000ea11c0_0, 0, 32;
    %jmp T_1.20;
T_1.21 ;
    %load/vec4 v0000000000ea1d00_0;
    %addi 1, 0, 32;
    %store/vec4 v0000000000ea1d00_0, 0, 32;
    %jmp T_1.18;
T_1.19 ;
    %load/vec4 v0000000000ea2de0_0;
    %addi 1, 0, 32;
    %store/vec4 v0000000000ea2de0_0, 0, 32;
    %jmp T_1.16;
T_1.17 ;
    %jmp T_1.15;
T_1.14 ;
    %load/vec4 v0000000000ea2520_0;
    %pad/u 32;
    %cmpi/e 7, 0, 32;
    %jmp/0xz  T_1.22, 4;
    %load/vec4 v0000000000ea1620_0;
    %pad/u 32;
    %cmpi/e 7, 0, 32;
    %jmp/0xz  T_1.24, 4;
    %load/vec4 v0000000000ea14e0_0;
    %pad/u 33;
    %addi 1, 0, 33;
    %ix/vec4 4;
    %load/vec4a v0000000000ea28e0, 4;
    %assign/vec4 v0000000000ea18a0_0, 0;
    %load/vec4 v0000000000ea14e0_0;
    %addi 1, 0, 4;
    %assign/vec4 v0000000000ea14e0_0, 0;
    %pushi/vec4 0, 0, 3;
    %assign/vec4 v0000000000ea1620_0, 0;
    %pushi/vec4 0, 0, 3;
    %assign/vec4 v0000000000ea2520_0, 0;
    %jmp T_1.25;
T_1.24 ;
    %load/vec4 v0000000000ea1620_0;
    %pad/u 33;
    %addi 1, 0, 33;
    %pad/u 41;
    %pad/u 48;
    %muli 128, 0, 48;
    %pad/u 49;
    %load/vec4 v0000000000ea14e0_0;
    %pad/u 6;
    %pad/u 49;
    %add;
    %ix/vec4 4;
    %load/vec4a v0000000000ea28e0, 4;
    %assign/vec4 v0000000000ea18a0_0, 0;
    %pushi/vec4 0, 0, 3;
    %assign/vec4 v0000000000ea2520_0, 0;
    %load/vec4 v0000000000ea1620_0;
    %addi 1, 0, 3;
    %assign/vec4 v0000000000ea1620_0, 0;
T_1.25 ;
    %jmp T_1.23;
T_1.22 ;
    %load/vec4 v0000000000ea1620_0;
    %pad/u 13;
    %pad/u 20;
    %muli 128, 0, 20;
    %pad/u 21;
    %load/vec4 v0000000000ea2520_0;
    %pad/u 33;
    %addi 1, 0, 33;
    %pad/u 38;
    %pad/u 42;
    %muli 16, 0, 42;
    %pad/u 21;
    %add;
    %pad/u 22;
    %load/vec4 v0000000000ea14e0_0;
    %pad/u 6;
    %pad/u 22;
    %add;
    %ix/vec4 4;
    %load/vec4a v0000000000ea28e0, 4;
    %assign/vec4 v0000000000ea18a0_0, 0;
    %load/vec4 v0000000000ea2520_0;
    %addi 1, 0, 3;
    %assign/vec4 v0000000000ea2520_0, 0;
T_1.23 ;
T_1.15 ;
    %load/vec4 v0000000000ea14e0_0;
    %pad/u 32;
    %pushi/vec4 15, 0, 32;
    %cmp/e;
    %flag_get/vec4 4;
    %load/vec4 v0000000000ea1620_0;
    %pad/u 32;
    %pushi/vec4 7, 0, 32;
    %cmp/e;
    %flag_get/vec4 4;
    %and;
    %load/vec4 v0000000000ea2520_0;
    %pad/u 32;
    %pushi/vec4 6, 0, 32;
    %cmp/e;
    %flag_get/vec4 4;
    %and;
    %flag_set/vec4 8;
    %jmp/0xz  T_1.26, 8;
    %pushi/vec4 0, 0, 1;
    %assign/vec4 v0000000000ea2ac0_0, 0;
T_1.26 ;
T_1.12 ;
    %jmp T_1;
    .thread T_1;
    .scope S_0000000000e20710;
T_2 ;
    %pushi/vec4 0, 0, 1;
    %store/vec4 v0000000000ea1da0_0, 0, 1;
    %pushi/vec4 1, 0, 1;
    %store/vec4 v0000000000eac630_0, 0, 1;
    %pushi/vec4 65536, 0, 32;
    %store/vec4 v0000000000eac270_0, 0, 32;
    %pushi/vec4 0, 0, 3;
    %store/vec4 v0000000000eabeb0_0, 0, 3;
    %pushi/vec4 0, 0, 4;
    %store/vec4 v0000000000eab870_0, 0, 4;
    %pushi/vec4 0, 0, 4;
    %store/vec4 v0000000000eacdb0_0, 0, 4;
    %end;
    .thread T_2;
    .scope S_0000000000e20710;
T_3 ;
    %delay 5, 0;
    %load/vec4 v0000000000ea1da0_0;
    %inv;
    %assign/vec4 v0000000000ea1da0_0, 0;
    %jmp T_3;
    .thread T_3;
    .scope S_0000000000e20710;
T_4 ;
    %wait E_0000000000e468d0;
    %load/vec4 v0000000000eab870_0;
    %pad/u 32;
    %cmpi/e 11, 0, 32;
    %jmp/0xz  T_4.0, 4;
    %load/vec4 v0000000000eacdb0_0;
    %pad/u 32;
    %cmpi/e 11, 0, 32;
    %jmp/0xz  T_4.2, 4;
    %load/vec4 v0000000000eabeb0_0;
    %pad/u 32;
    %cmpi/e 7, 0, 32;
    %jmp/0xz  T_4.4, 4;
    %load/vec4 v0000000000eac590_0;
    %pad/u 32;
    %cmpi/e 1, 0, 32;
    %jmp/0xz  T_4.6, 4;
    %pushi/vec4 0, 0, 4;
    %assign/vec4 v0000000000eab870_0, 0;
    %pushi/vec4 0, 0, 4;
    %assign/vec4 v0000000000eacdb0_0, 0;
    %pushi/vec4 0, 0, 3;
    %assign/vec4 v0000000000eabeb0_0, 0;
T_4.6 ;
    %jmp T_4.5;
T_4.4 ;
    %load/vec4 v0000000000eabeb0_0;
    %addi 1, 0, 3;
    %assign/vec4 v0000000000eabeb0_0, 0;
    %pushi/vec4 0, 0, 4;
    %assign/vec4 v0000000000eab870_0, 0;
    %pushi/vec4 0, 0, 4;
    %assign/vec4 v0000000000eacdb0_0, 0;
T_4.5 ;
    %jmp T_4.3;
T_4.2 ;
    %load/vec4 v0000000000eacdb0_0;
    %addi 1, 0, 4;
    %assign/vec4 v0000000000eacdb0_0, 0;
    %pushi/vec4 0, 0, 4;
    %assign/vec4 v0000000000eab870_0, 0;
T_4.3 ;
    %jmp T_4.1;
T_4.0 ;
    %load/vec4 v0000000000eab870_0;
    %addi 1, 0, 4;
    %assign/vec4 v0000000000eab870_0, 0;
T_4.1 ;
    %vpi_call 2 50 "$display", "Input (%d,%d,%d)--Output (%d,%d,%d) %d", v0000000000eab870_0, v0000000000eacdb0_0, v0000000000eabeb0_0, v0000000000eac8b0_0, v0000000000eabaf0_0, v0000000000eac950_0, v0000000000eac810_0 {0 0 0};
    %jmp T_4;
    .thread T_4;
# The file index is used to find the file name in the following table.
:file_names 4;
    "N/A";
    "<interactive>";
    "conv_tb.v";
    "conv.v";
