#! c:/iverilog-x64/bin/vvp
:ivl_version "10.1 (stable)" "(v10_1_1)";
:ivl_delay_selection "TYPICAL";
:vpi_time_precision + 0;
:vpi_module "system";
:vpi_module "vhdl_sys";
:vpi_module "v2005_math";
:vpi_module "va_math";
S_00000000008604b0 .scope module, "fc_tb" "fc_tb" 2 1;
 .timescale 0 0;
v00000000008cea50_0 .var "clk", 0 0;
v00000000008ceaf0_0 .var "fc_in_idx", 9 0;
v00000000008cec30_0 .var "fc_input", 31 0;
v00000000008cf450_0 .net "fc_out_idx", 3 0, v00000000008cf090_0;  1 drivers
v00000000008cf4f0_0 .net "fc_output", 31 0, v00000000008cf6d0_0;  1 drivers
v00000000008cee10_0 .net "in_rdy", 0 0, L_000000000086bdc0;  1 drivers
v00000000008ceff0_0 .var "out_rdy", 0 0;
S_00000000001b6450 .scope module, "fc_layer" "fc" 2 11, 3 1 0, S_00000000008604b0;
 .timescale 0 0;
    .port_info 0 /INPUT 1 "clk"
    .port_info 1 /INPUT 1 "out_rdy"
    .port_info 2 /INPUT 32 "fc_input"
    .port_info 3 /INPUT 10 "fc_input_idx"
    .port_info 4 /OUTPUT 1 "in_rdy"
    .port_info 5 /OUTPUT 32 "fc_output"
    .port_info 6 /OUTPUT 4 "fc_output_idx"
P_0000000000860630 .param/l "INPUT_IDX_WIDTH" 0 3 3, +C4<00000000000000000000000000001010>;
P_0000000000860668 .param/l "INPUT_WIDTH" 0 3 2, +C4<00000000000000000000010000000000>;
P_00000000008606a0 .param/l "OUTPUT_IDX_WIDTH" 0 3 5, +C4<00000000000000000000000000000100>;
P_00000000008606d8 .param/l "OUTPUT_WIDTH" 0 3 4, +C4<00000000000000000000000000001010>;
L_000000000086bdc0 .functor OR 1, L_00000000008e12d0, L_00000000008e0fb0, C4<0>, C4<0>;
v0000000000874790_0 .net *"_s0", 31 0, L_00000000008cf130;  1 drivers
L_00000000025e0118 .functor BUFT 1, C4<0000000000000000000000>, C4<0>, C4<0>, C4<0>;
v00000000001b65d0_0 .net *"_s11", 21 0, L_00000000025e0118;  1 drivers
L_00000000025e0160 .functor BUFT 1, C4<00000000000000000000001111111111>, C4<0>, C4<0>, C4<0>;
v00000000001b6670_0 .net/2u *"_s12", 31 0, L_00000000025e0160;  1 drivers
v00000000001b6710_0 .net *"_s14", 0 0, L_00000000008e0fb0;  1 drivers
L_00000000025e0088 .functor BUFT 1, C4<0000000000000000000000000000000>, C4<0>, C4<0>, C4<0>;
v00000000001b67b0_0 .net *"_s3", 30 0, L_00000000025e0088;  1 drivers
L_00000000025e00d0 .functor BUFT 1, C4<00000000000000000000000000000000>, C4<0>, C4<0>, C4<0>;
v0000000000877180_0 .net/2u *"_s4", 31 0, L_00000000025e00d0;  1 drivers
v00000000008cf770_0 .net *"_s6", 0 0, L_00000000008e12d0;  1 drivers
v00000000008cf590_0 .net *"_s8", 31 0, L_00000000008e0790;  1 drivers
v00000000008ced70_0 .net "clk", 0 0, v00000000008cea50_0;  1 drivers
v00000000008ceeb0_0 .net "fc_input", 31 0, v00000000008cec30_0;  1 drivers
v00000000008cf1d0_0 .net "fc_input_idx", 9 0, v00000000008ceaf0_0;  1 drivers
v00000000008cf6d0_0 .var "fc_output", 31 0;
v00000000008cf090_0 .var "fc_output_idx", 3 0;
v00000000008cf630_0 .var/i "i", 31 0;
v00000000008cf3b0_0 .net "in_rdy", 0 0, L_000000000086bdc0;  alias, 1 drivers
v00000000008cef50_0 .var/i "j", 31 0;
v00000000008ce910_0 .var "last_input_idx", 9 0;
v00000000008cf270 .array "last_output", 0 9, 31 0;
v00000000008ce870_0 .net "out_rdy", 0 0, v00000000008ceff0_0;  1 drivers
v00000000008cecd0_0 .var "sending", 0 0;
v00000000008cf310_0 .var "temp", 47 0;
v00000000008ce9b0 .array "temp_output", 0 9, 31 0;
v00000000008ceb90 .array "weights", 10239 0, 31 0;
E_0000000000873500 .event posedge, v00000000008ced70_0;
L_00000000008cf130 .concat [ 1 31 0 0], v00000000008cecd0_0, L_00000000025e0088;
L_00000000008e12d0 .cmp/eq 32, L_00000000008cf130, L_00000000025e00d0;
L_00000000008e0790 .concat [ 10 22 0 0], v00000000008ceaf0_0, L_00000000025e0118;
L_00000000008e0fb0 .cmp/ne 32, L_00000000008e0790, L_00000000025e0160;
    .scope S_00000000001b6450;
T_0 ;
    %pushi/vec4 0, 0, 1;
    %store/vec4 v00000000008cecd0_0, 0, 1;
    %pushi/vec4 9, 0, 4;
    %store/vec4 v00000000008cf090_0, 0, 4;
    %pushi/vec4 1023, 0, 10;
    %store/vec4 v00000000008ce910_0, 0, 10;
    %pushi/vec4 0, 0, 32;
    %store/vec4 v00000000008cf6d0_0, 0, 32;
    %pushi/vec4 0, 0, 32;
    %store/vec4 v00000000008cf630_0, 0, 32;
T_0.0 ;
    %load/vec4 v00000000008cf630_0;
    %cmpi/s 10, 0, 32;
    %jmp/0xz T_0.1, 5;
    %pushi/vec4 0, 0, 32;
    %ix/getv/s 4, v00000000008cf630_0;
    %store/vec4a v00000000008ce9b0, 4, 0;
    %load/vec4 v00000000008cf630_0;
    %addi 1, 0, 32;
    %store/vec4 v00000000008cf630_0, 0, 32;
    %jmp T_0.0;
T_0.1 ;
    %end;
    .thread T_0;
    .scope S_00000000001b6450;
T_1 ;
    %wait E_0000000000873500;
    %load/vec4 v00000000008cf1d0_0;
    %load/vec4 v00000000008ce910_0;
    %cmp/ne;
    %jmp/0xz  T_1.0, 4;
    %load/vec4 v00000000008cf1d0_0;
    %assign/vec4 v00000000008ce910_0, 0;
    %pushi/vec4 0, 0, 32;
    %store/vec4 v00000000008cf630_0, 0, 32;
T_1.2 ;
    %load/vec4 v00000000008cf630_0;
    %cmpi/s 10, 0, 32;
    %jmp/0xz T_1.3, 5;
    %load/vec4 v00000000008cf630_0;
    %pad/s 43;
    %pad/s 53;
    %muli 1024, 0, 53;
    %pad/s 54;
    %load/vec4 v00000000008cf1d0_0;
    %pad/u 12;
    %pad/u 54;
    %add;
    %ix/vec4 4;
    %load/vec4a v00000000008ceb90, 4;
    %pad/u 48;
    %load/vec4 v00000000008ceeb0_0;
    %pad/u 48;
    %mul;
    %ix/load 4, 16, 0;
    %flag_set/imm 4, 0;
    %shiftr 4;
    %store/vec4 v00000000008cf310_0, 0, 48;
    %ix/getv/s 4, v00000000008cf630_0;
    %load/vec4a v00000000008ce9b0, 4;
    %pad/u 48;
    %load/vec4 v00000000008cf310_0;
    %add;
    %pad/u 32;
    %ix/getv/s 3, v00000000008cf630_0;
    %ix/load 4, 0, 0; Constant delay
    %assign/vec4/a/d v00000000008ce9b0, 0, 4;
    %load/vec4 v00000000008cf1d0_0;
    %pad/u 32;
    %pushi/vec4 1023, 0, 32;
    %cmp/e;
    %flag_get/vec4 4;
    %load/vec4 v00000000008cecd0_0;
    %pad/u 32;
    %pushi/vec4 0, 0, 32;
    %cmp/e;
    %flag_get/vec4 4;
    %and;
    %load/vec4 v00000000008ce870_0;
    %pad/u 32;
    %pushi/vec4 1, 0, 32;
    %cmp/e;
    %flag_get/vec4 4;
    %and;
    %flag_set/vec4 8;
    %jmp/0xz  T_1.4, 8;
    %load/vec4 v00000000008cf630_0;
    %cmpi/e 0, 0, 32;
    %jmp/0xz  T_1.6, 4;
    %ix/load 4, 0, 0;
    %flag_set/imm 4, 0;
    %load/vec4a v00000000008ce9b0, 4;
    %pad/u 48;
    %load/vec4 v00000000008cf310_0;
    %add;
    %pad/u 32;
    %assign/vec4 v00000000008cf6d0_0, 0;
T_1.6 ;
    %pushi/vec4 1, 0, 1;
    %assign/vec4 v00000000008cecd0_0, 0;
    %pushi/vec4 0, 0, 4;
    %assign/vec4 v00000000008cf090_0, 0;
    %ix/getv/s 4, v00000000008cf630_0;
    %load/vec4a v00000000008ce9b0, 4;
    %pad/u 48;
    %load/vec4 v00000000008cf310_0;
    %add;
    %pad/u 32;
    %ix/getv/s 3, v00000000008cf630_0;
    %ix/load 4, 0, 0; Constant delay
    %assign/vec4/a/d v00000000008cf270, 0, 4;
    %pushi/vec4 0, 0, 32;
    %ix/getv/s 3, v00000000008cf630_0;
    %ix/load 4, 0, 0; Constant delay
    %assign/vec4/a/d v00000000008ce9b0, 0, 4;
T_1.4 ;
    %load/vec4 v00000000008cf630_0;
    %addi 1, 0, 32;
    %store/vec4 v00000000008cf630_0, 0, 32;
    %jmp T_1.2;
T_1.3 ;
    %jmp T_1.1;
T_1.0 ;
    %load/vec4 v00000000008cf1d0_0;
    %pad/u 32;
    %pushi/vec4 1023, 0, 32;
    %cmp/e;
    %flag_get/vec4 4;
    %load/vec4 v00000000008cf090_0;
    %pad/u 32;
    %pushi/vec4 9, 0, 32;
    %cmp/e;
    %flag_get/vec4 4;
    %and;
    %flag_set/vec4 8;
    %jmp/0xz  T_1.8, 8;
    %pushi/vec4 0, 0, 4;
    %assign/vec4 v00000000008cf090_0, 0;
    %ix/load 4, 0, 0;
    %flag_set/imm 4, 0;
    %load/vec4a v00000000008ce9b0, 4;
    %assign/vec4 v00000000008cf6d0_0, 0;
    %pushi/vec4 1, 0, 1;
    %assign/vec4 v00000000008cecd0_0, 0;
    %pushi/vec4 0, 0, 32;
    %store/vec4 v00000000008cf630_0, 0, 32;
T_1.10 ;
    %load/vec4 v00000000008cf630_0;
    %cmpi/s 10, 0, 32;
    %jmp/0xz T_1.11, 5;
    %ix/getv/s 4, v00000000008cf630_0;
    %load/vec4a v00000000008ce9b0, 4;
    %ix/getv/s 3, v00000000008cf630_0;
    %ix/load 4, 0, 0; Constant delay
    %assign/vec4/a/d v00000000008cf270, 0, 4;
    %pushi/vec4 0, 0, 32;
    %ix/getv/s 3, v00000000008cf630_0;
    %ix/load 4, 0, 0; Constant delay
    %assign/vec4/a/d v00000000008ce9b0, 0, 4;
    %load/vec4 v00000000008cf630_0;
    %addi 1, 0, 32;
    %store/vec4 v00000000008cf630_0, 0, 32;
    %jmp T_1.10;
T_1.11 ;
T_1.8 ;
T_1.1 ;
    %load/vec4 v00000000008cecd0_0;
    %pad/u 32;
    %cmpi/e 1, 0, 32;
    %jmp/0xz  T_1.12, 4;
    %load/vec4 v00000000008cf090_0;
    %pad/u 32;
    %cmpi/e 8, 0, 32;
    %jmp/0xz  T_1.14, 4;
    %pushi/vec4 0, 0, 1;
    %assign/vec4 v00000000008cecd0_0, 0;
    %pushi/vec4 9, 0, 4;
    %assign/vec4 v00000000008cf090_0, 0;
    %ix/load 4, 9, 0;
    %flag_set/imm 4, 0;
    %load/vec4a v00000000008cf270, 4;
    %assign/vec4 v00000000008cf6d0_0, 0;
    %jmp T_1.15;
T_1.14 ;
    %load/vec4 v00000000008cf090_0;
    %pad/u 32;
    %cmpi/u 8, 0, 32;
    %jmp/0xz  T_1.16, 5;
    %load/vec4 v00000000008cf090_0;
    %addi 1, 0, 4;
    %assign/vec4 v00000000008cf090_0, 0;
    %load/vec4 v00000000008cf090_0;
    %pad/u 33;
    %addi 1, 0, 33;
    %ix/vec4 4;
    %load/vec4a v00000000008cf270, 4;
    %assign/vec4 v00000000008cf6d0_0, 0;
T_1.16 ;
T_1.15 ;
T_1.12 ;
    %jmp T_1;
    .thread T_1;
    .scope S_00000000001b6450;
T_2 ;
    %pushi/vec4 0, 0, 32;
    %store/vec4 v00000000008cf630_0, 0, 32;
T_2.0 ;
    %load/vec4 v00000000008cf630_0;
    %cmpi/s 10, 0, 32;
    %jmp/0xz T_2.1, 5;
    %pushi/vec4 0, 0, 32;
    %ix/getv/s 4, v00000000008cf630_0;
    %store/vec4a v00000000008cf270, 4, 0;
    %pushi/vec4 0, 0, 32;
    %ix/getv/s 4, v00000000008cf630_0;
    %store/vec4a v00000000008ce9b0, 4, 0;
    %pushi/vec4 0, 0, 32;
    %store/vec4 v00000000008cef50_0, 0, 32;
T_2.2 ;
    %load/vec4 v00000000008cef50_0;
    %cmpi/s 1024, 0, 32;
    %jmp/0xz T_2.3, 5;
    %load/vec4 v00000000008cf630_0;
    %load/vec4 v00000000008cef50_0;
    %mul;
    %ix/load 4, 10, 0;
    %flag_set/imm 4, 0;
    %shiftl 4;
    %load/vec4 v00000000008cf630_0;
    %pad/s 43;
    %pad/s 53;
    %muli 1024, 0, 53;
    %pad/s 54;
    %load/vec4 v00000000008cef50_0;
    %pad/s 54;
    %add;
    %ix/vec4/s 4;
    %store/vec4a v00000000008ceb90, 4, 0;
    %load/vec4 v00000000008cef50_0;
    %addi 1, 0, 32;
    %store/vec4 v00000000008cef50_0, 0, 32;
    %jmp T_2.2;
T_2.3 ;
    %load/vec4 v00000000008cf630_0;
    %addi 1, 0, 32;
    %store/vec4 v00000000008cf630_0, 0, 32;
    %jmp T_2.0;
T_2.1 ;
    %end;
    .thread T_2;
    .scope S_00000000008604b0;
T_3 ;
    %pushi/vec4 0, 0, 1;
    %store/vec4 v00000000008cea50_0, 0, 1;
    %pushi/vec4 1, 0, 1;
    %store/vec4 v00000000008ceff0_0, 0, 1;
    %pushi/vec4 65536, 0, 32;
    %store/vec4 v00000000008cec30_0, 0, 32;
    %pushi/vec4 0, 0, 10;
    %store/vec4 v00000000008ceaf0_0, 0, 10;
    %end;
    .thread T_3;
    .scope S_00000000008604b0;
T_4 ;
    %delay 5, 0;
    %load/vec4 v00000000008cea50_0;
    %inv;
    %assign/vec4 v00000000008cea50_0, 0;
    %jmp T_4;
    .thread T_4;
    .scope S_00000000008604b0;
T_5 ;
    %wait E_0000000000873500;
    %load/vec4 v00000000008cee10_0;
    %pad/u 32;
    %cmpi/e 1, 0, 32;
    %jmp/0xz  T_5.0, 4;
    %load/vec4 v00000000008ceaf0_0;
    %pad/u 32;
    %cmpi/e 1023, 0, 32;
    %jmp/0xz  T_5.2, 4;
    %pushi/vec4 0, 0, 10;
    %assign/vec4 v00000000008ceaf0_0, 0;
    %jmp T_5.3;
T_5.2 ;
    %load/vec4 v00000000008ceaf0_0;
    %addi 1, 0, 10;
    %assign/vec4 v00000000008ceaf0_0, 0;
T_5.3 ;
T_5.0 ;
    %load/vec4 v00000000008cf4f0_0;
    %parti/s 16, 0, 2;
    %ix/vec4 4;
    %cvt/ru 4;
    %pushi/real 1638425000, 4066; load=1.52590
    %pushi/real 1600024, 4044; load=1.52590
    %add/wr;
    %mul/wr;
    %vpi_call 2 30 "$display", "in_idx (%d), o_idx (%d), o_val (%d.%d)", v00000000008ceaf0_0, v00000000008cf450_0, &PV<v00000000008cf4f0_0, 16, 16>, W<0,r> {0 1 0};
    %jmp T_5;
    .thread T_5;
# The file index is used to find the file name in the following table.
:file_names 4;
    "N/A";
    "<interactive>";
    "fc_tb.v";
    "fc.v";
