#! c:/iverilog-x64/bin/vvp
:ivl_version "10.1 (stable)" "(v10_1_1)";
:ivl_delay_selection "TYPICAL";
:vpi_time_precision + 0;
:vpi_module "system";
:vpi_module "vhdl_sys";
:vpi_module "v2005_math";
:vpi_module "va_math";
S_00000000026166b0 .scope module, "lfsr_rng_tb" "lfsr_rng_tb" 2 1;
 .timescale 0 0;
v000000000261b870_0 .var "clk", 0 0;
v000000000261b910_0 .var "cnt", 9 0;
v000000000266c860_0 .net "rand", 15 0, v000000000261b7d0_0;  1 drivers
S_0000000002616830 .scope module, "lfsr_inst" "lfsr_rng" 2 7, 3 1 0, S_00000000026166b0;
 .timescale 0 0;
    .port_info 0 /INPUT 1 "clk"
    .port_info 1 /OUTPUT 16 "random_num"
v00000000026169b0_0 .net "clk", 0 0, v000000000261b870_0;  1 drivers
v000000000261b5f0_0 .var "feedback", 0 0;
v000000000261b690_0 .var/i "i", 31 0;
v000000000261b730_0 .var "random_next", 15 0;
v000000000261b7d0_0 .var "random_num", 15 0;
E_000000000261aba0 .event posedge, v00000000026169b0_0;
    .scope S_0000000002616830;
T_0 ;
    %pushi/vec4 65535, 0, 16;
    %store/vec4 v000000000261b7d0_0, 0, 16;
    %end;
    .thread T_0;
    .scope S_0000000002616830;
T_1 ;
    %wait E_000000000261aba0;
    %load/vec4 v000000000261b7d0_0;
    %store/vec4 v000000000261b730_0, 0, 16;
    %pushi/vec4 0, 0, 32;
    %store/vec4 v000000000261b690_0, 0, 32;
T_1.0 ;
    %load/vec4 v000000000261b690_0;
    %cmpi/s 16, 0, 32;
    %jmp/0xz T_1.1, 5;
    %load/vec4 v000000000261b730_0;
    %parti/s 1, 10, 5;
    %load/vec4 v000000000261b730_0;
    %parti/s 1, 12, 5;
    %xor;
    %load/vec4 v000000000261b730_0;
    %parti/s 1, 13, 5;
    %xor;
    %load/vec4 v000000000261b730_0;
    %parti/s 1, 15, 5;
    %xor;
    %store/vec4 v000000000261b5f0_0, 0, 1;
    %load/vec4 v000000000261b730_0;
    %parti/s 15, 0, 2;
    %load/vec4 v000000000261b5f0_0;
    %concat/vec4; draw_concat_vec4
    %store/vec4 v000000000261b730_0, 0, 16;
    %load/vec4 v000000000261b690_0;
    %addi 1, 0, 32;
    %store/vec4 v000000000261b690_0, 0, 32;
    %jmp T_1.0;
T_1.1 ;
    %load/vec4 v000000000261b730_0;
    %assign/vec4 v000000000261b7d0_0, 0;
    %jmp T_1;
    .thread T_1;
    .scope S_00000000026166b0;
T_2 ;
    %pushi/vec4 0, 0, 10;
    %assign/vec4 v000000000261b910_0, 0;
    %pushi/vec4 0, 0, 1;
    %store/vec4 v000000000261b870_0, 0, 1;
    %end;
    .thread T_2;
    .scope S_00000000026166b0;
T_3 ;
    %delay 5, 0;
    %load/vec4 v000000000261b870_0;
    %inv;
    %store/vec4 v000000000261b870_0, 0, 1;
    %jmp T_3;
    .thread T_3;
    .scope S_00000000026166b0;
T_4 ;
    %wait E_000000000261aba0;
    %load/vec4 v000000000261b910_0;
    %pad/u 32;
    %cmpi/u 100, 0, 32;
    %jmp/0xz  T_4.0, 5;
    %load/vec4 v000000000261b910_0;
    %addi 1, 0, 10;
    %assign/vec4 v000000000261b910_0, 0;
    %vpi_call 2 21 "$display", "%d Dec (%05d) Hex (%04x) Bin (%b)", v000000000261b910_0, v000000000266c860_0, v000000000266c860_0, v000000000266c860_0 {0 0 0};
T_4.0 ;
    %jmp T_4;
    .thread T_4;
# The file index is used to find the file name in the following table.
:file_names 4;
    "N/A";
    "<interactive>";
    "lfsr_rng_tb.v";
    "lfsr_rng.v";
