Release 14.6 - xst P.68d (nt64)
Copyright (c) 1995-2013 Xilinx, Inc.  All rights reserved.
--> Parameter TMPDIR set to xst/projnav.tmp


Total REAL time to Xst completion: 0.00 secs
Total CPU time to Xst completion: 0.09 secs
 
--> Parameter xsthdpdir set to xst


Total REAL time to Xst completion: 0.00 secs
Total CPU time to Xst completion: 0.09 secs
 
--> Reading design: counter.prj

TABLE OF CONTENTS
  1) Synthesis Options Summary
  2) HDL Compilation
  3) Design Hierarchy Analysis
  4) HDL Analysis
  5) HDL Synthesis
     5.1) HDL Synthesis Report
  6) Advanced HDL Synthesis
     6.1) Advanced HDL Synthesis Report
  7) Low Level Synthesis
  8) Partition Report
  9) Final Report
	9.1) Device utilization summary
	9.2) Partition Resource Summary
	9.3) TIMING REPORT


=========================================================================
*                      Synthesis Options Summary                        *
=========================================================================
---- Source Parameters
Input File Name                    : "counter.prj"
Input Format                       : mixed
Ignore Synthesis Constraint File   : NO

---- Target Parameters
Output File Name                   : "counter"
Output Format                      : NGC
Target Device                      : xc5vlx50t-2-ff1136

---- Source Options
Top Module Name                    : counter
Automatic FSM Extraction           : YES
FSM Encoding Algorithm             : Auto
Safe Implementation                : No
FSM Style                          : LUT
RAM Extraction                     : Yes
RAM Style                          : Auto
ROM Extraction                     : Yes
Mux Style                          : Auto
Decoder Extraction                 : YES
Priority Encoder Extraction        : Yes
Shift Register Extraction          : YES
Logical Shifter Extraction         : YES
XOR Collapsing                     : YES
ROM Style                          : Auto
Mux Extraction                     : Yes
Resource Sharing                   : YES
Asynchronous To Synchronous        : NO
Use DSP Block                      : Auto
Automatic Register Balancing       : No

---- Target Options
LUT Combining                      : Off
Reduce Control Sets                : Off
Add IO Buffers                     : YES
Global Maximum Fanout              : 100000
Add Generic Clock Buffer(BUFG)     : 32
Register Duplication               : YES
Slice Packing                      : YES
Optimize Instantiated Primitives   : NO
Use Clock Enable                   : Auto
Use Synchronous Set                : Auto
Use Synchronous Reset              : Auto
Pack IO Registers into IOBs        : Auto
Equivalent register Removal        : YES

---- General Options
Optimization Goal                  : Speed
Optimization Effort                : 1
Power Reduction                    : NO
Keep Hierarchy                     : No
Netlist Hierarchy                  : As_Optimized
RTL Output                         : Yes
Global Optimization                : AllClockNets
Read Cores                         : YES
Write Timing Constraints           : NO
Cross Clock Analysis               : NO
Hierarchy Separator                : /
Bus Delimiter                      : <>
Case Specifier                     : Maintain
Slice Utilization Ratio            : 100
BRAM Utilization Ratio             : 100
DSP48 Utilization Ratio            : 100
Verilog 2001                       : YES
Auto BRAM Packing                  : NO
Slice Utilization Ratio Delta      : 5

=========================================================================


=========================================================================
*                          HDL Compilation                              *
=========================================================================
Compiling verilog file "counter.v" in library work
Module <counter> compiled
No errors in compilation
Analysis of file <"counter.prj"> succeeded.
 

=========================================================================
*                     Design Hierarchy Analysis                         *
=========================================================================
Analyzing hierarchy for module <counter> in library <work>.


=========================================================================
*                            HDL Analysis                               *
=========================================================================
Analyzing top module <counter>.
WARNING:Xst:916 - "counter.v" line 53: Delay is ignored for synthesis.
WARNING:Xst:916 - "counter.v" line 57: Delay is ignored for synthesis.
Module <counter> is correct for synthesis.
 

=========================================================================
*                           HDL Synthesis                               *
=========================================================================

Performing bidirectional port resolution...

Synthesizing Unit <counter>.
    Related source file is "counter.v".
    Found 4-bit up counter for signal <counter_out>.
    Found 26-bit up counter for signal <divider>.
    Summary:
	inferred   2 Counter(s).
Unit <counter> synthesized.


=========================================================================
HDL Synthesis Report

Macro Statistics
# Counters                                             : 2
 26-bit up counter                                     : 1
 4-bit up counter                                      : 1

=========================================================================

=========================================================================
*                       Advanced HDL Synthesis                          *
=========================================================================


=========================================================================
Advanced HDL Synthesis Report

Macro Statistics
# Counters                                             : 2
 26-bit up counter                                     : 1
 4-bit up counter                                      : 1

=========================================================================

=========================================================================
*                         Low Level Synthesis                           *
=========================================================================

Optimizing unit <counter> ...

Mapping all equations...
Building and optimizing final netlist ...
Found area constraint ratio of 100 (+ 5) on block counter, actual ratio is 0.

Final Macro Processing ...

=========================================================================
Final Register Report

Macro Statistics
# Registers                                            : 30
 Flip-Flops                                            : 30

=========================================================================

=========================================================================
*                           Partition Report                            *
=========================================================================

Partition Implementation Status
-------------------------------

  No Partitions were found in this design.

-------------------------------

=========================================================================
*                            Final Report                               *
=========================================================================
Final Results
RTL Top Level Output File Name     : counter.ngr
Top Level Output File Name         : counter
Output Format                      : NGC
Optimization Goal                  : Speed
Keep Hierarchy                     : No

Design Statistics
# IOs                              : 7

Cell Usage :
# BELS                             : 83
#      GND                         : 1
#      INV                         : 2
#      LUT1                        : 25
#      LUT2                        : 1
#      LUT3                        : 1
#      LUT4                        : 1
#      MUXCY                       : 25
#      VCC                         : 1
#      XORCY                       : 26
# FlipFlops/Latches                : 30
#      FD                          : 26
#      FDRE                        : 4
# Clock Buffers                    : 1
#      BUFGP                       : 1
# IO Buffers                       : 6
#      IBUF                        : 2
#      OBUF                        : 4
=========================================================================

Device utilization summary:
---------------------------

Selected Device : 5vlx50tff1136-2 


Slice Logic Utilization: 
 Number of Slice Registers:              30  out of  28800     0%  
 Number of Slice LUTs:                   30  out of  28800     0%  
    Number used as Logic:                30  out of  28800     0%  

Slice Logic Distribution: 
 Number of LUT Flip Flop pairs used:     30
   Number with an unused Flip Flop:       0  out of     30     0%  
   Number with an unused LUT:             0  out of     30     0%  
   Number of fully used LUT-FF pairs:    30  out of     30   100%  
   Number of unique control sets:         2

IO Utilization: 
 Number of IOs:                           7
 Number of bonded IOBs:                   7  out of    480     1%  

Specific Feature Utilization:
 Number of BUFG/BUFGCTRLs:                1  out of     32     3%  

---------------------------
Partition Resource Summary:
---------------------------

  No Partitions were found in this design.

---------------------------


=========================================================================
TIMING REPORT

NOTE: THESE TIMING NUMBERS ARE ONLY A SYNTHESIS ESTIMATE.
      FOR ACCURATE TIMING INFORMATION PLEASE REFER TO THE TRACE REPORT
      GENERATED AFTER PLACE-and-ROUTE.

Clock Information:
------------------
-----------------------------------+------------------------+-------+
Clock Signal                       | Clock buffer(FF name)  | Load  |
-----------------------------------+------------------------+-------+
clock                              | BUFGP                  | 26    |
divider_25                         | NONE(counter_out_0)    | 4     |
-----------------------------------+------------------------+-------+
INFO:Xst:2169 - HDL ADVISOR - Some clock signals were not automatically buffered by XST with BUFG/BUFR resources. Please use the buffer_type constraint in order to insert these buffers to the clock signals to help prevent skew problems.

Asynchronous Control Signals Information:
----------------------------------------
No asynchronous control signals found in this design

Timing Summary:
---------------
Speed Grade: -2

   Minimum period: 2.045ns (Maximum Frequency: 489.093MHz)
   Minimum input arrival time before clock: 1.461ns
   Maximum output required time after clock: 2.844ns
   Maximum combinational path delay: No path found

Timing Detail:
--------------
All values displayed in nanoseconds (ns)

=========================================================================
Timing constraint: Default period analysis for Clock 'clock'
  Clock period: 2.045ns (frequency: 489.093MHz)
  Total number of paths / destination ports: 351 / 26
-------------------------------------------------------------------------
Delay:               2.045ns (Levels of Logic = 27)
  Source:            divider_0 (FF)
  Destination:       divider_25 (FF)
  Source Clock:      clock rising
  Destination Clock: clock rising

  Data Path: divider_0 to divider_25
                                Gate     Net
    Cell:in->out      fanout   Delay   Delay  Logical Name (Net Name)
    ----------------------------------------  ------------
     FD:C->Q               1   0.396   0.286  divider_0 (divider_0)
     INV:I->O              1   0.212   0.000  Mcount_divider_lut<0>_INV_0 (Mcount_divider_lut<0>)
     MUXCY:S->O            1   0.305   0.000  Mcount_divider_cy<0> (Mcount_divider_cy<0>)
     MUXCY:CI->O           1   0.023   0.000  Mcount_divider_cy<1> (Mcount_divider_cy<1>)
     MUXCY:CI->O           1   0.023   0.000  Mcount_divider_cy<2> (Mcount_divider_cy<2>)
     MUXCY:CI->O           1   0.023   0.000  Mcount_divider_cy<3> (Mcount_divider_cy<3>)
     MUXCY:CI->O           1   0.023   0.000  Mcount_divider_cy<4> (Mcount_divider_cy<4>)
     MUXCY:CI->O           1   0.023   0.000  Mcount_divider_cy<5> (Mcount_divider_cy<5>)
     MUXCY:CI->O           1   0.023   0.000  Mcount_divider_cy<6> (Mcount_divider_cy<6>)
     MUXCY:CI->O           1   0.023   0.000  Mcount_divider_cy<7> (Mcount_divider_cy<7>)
     MUXCY:CI->O           1   0.023   0.000  Mcount_divider_cy<8> (Mcount_divider_cy<8>)
     MUXCY:CI->O           1   0.023   0.000  Mcount_divider_cy<9> (Mcount_divider_cy<9>)
     MUXCY:CI->O           1   0.023   0.000  Mcount_divider_cy<10> (Mcount_divider_cy<10>)
     MUXCY:CI->O           1   0.023   0.000  Mcount_divider_cy<11> (Mcount_divider_cy<11>)
     MUXCY:CI->O           1   0.023   0.000  Mcount_divider_cy<12> (Mcount_divider_cy<12>)
     MUXCY:CI->O           1   0.023   0.000  Mcount_divider_cy<13> (Mcount_divider_cy<13>)
     MUXCY:CI->O           1   0.023   0.000  Mcount_divider_cy<14> (Mcount_divider_cy<14>)
     MUXCY:CI->O           1   0.023   0.000  Mcount_divider_cy<15> (Mcount_divider_cy<15>)
     MUXCY:CI->O           1   0.023   0.000  Mcount_divider_cy<16> (Mcount_divider_cy<16>)
     MUXCY:CI->O           1   0.023   0.000  Mcount_divider_cy<17> (Mcount_divider_cy<17>)
     MUXCY:CI->O           1   0.023   0.000  Mcount_divider_cy<18> (Mcount_divider_cy<18>)
     MUXCY:CI->O           1   0.023   0.000  Mcount_divider_cy<19> (Mcount_divider_cy<19>)
     MUXCY:CI->O           1   0.023   0.000  Mcount_divider_cy<20> (Mcount_divider_cy<20>)
     MUXCY:CI->O           1   0.023   0.000  Mcount_divider_cy<21> (Mcount_divider_cy<21>)
     MUXCY:CI->O           1   0.023   0.000  Mcount_divider_cy<22> (Mcount_divider_cy<22>)
     MUXCY:CI->O           1   0.023   0.000  Mcount_divider_cy<23> (Mcount_divider_cy<23>)
     MUXCY:CI->O           0   0.023   0.000  Mcount_divider_cy<24> (Mcount_divider_cy<24>)
     XORCY:CI->O           1   0.300   0.000  Mcount_divider_xor<25> (Result<25>)
     FD:D                     -0.022          divider_25
    ----------------------------------------
    Total                      2.045ns (1.759ns logic, 0.286ns route)
                                       (86.0% logic, 14.0% route)

=========================================================================
Timing constraint: Default period analysis for Clock 'divider_25'
  Clock period: 1.198ns (frequency: 834.794MHz)
  Total number of paths / destination ports: 10 / 4
-------------------------------------------------------------------------
Delay:               1.198ns (Levels of Logic = 1)
  Source:            counter_out_0 (FF)
  Destination:       counter_out_0 (FF)
  Source Clock:      divider_25 rising
  Destination Clock: divider_25 rising

  Data Path: counter_out_0 to counter_out_0
                                Gate     Net
    Cell:in->out      fanout   Delay   Delay  Logical Name (Net Name)
    ----------------------------------------  ------------
     FDRE:C->Q             5   0.396   0.304  counter_out_0 (counter_out_0)
     INV:I->O              1   0.212   0.286  Mcount_counter_out_xor<0>11_INV_0 (Result<0>1)
     FDRE:D                   -0.022          counter_out_0
    ----------------------------------------
    Total                      1.198ns (0.608ns logic, 0.590ns route)
                                       (50.8% logic, 49.2% route)

=========================================================================
Timing constraint: Default OFFSET IN BEFORE for Clock 'divider_25'
  Total number of paths / destination ports: 8 / 8
-------------------------------------------------------------------------
Offset:              1.461ns (Levels of Logic = 1)
  Source:            reset (PAD)
  Destination:       counter_out_0 (FF)
  Destination Clock: divider_25 rising

  Data Path: reset to counter_out_0
                                Gate     Net
    Cell:in->out      fanout   Delay   Delay  Logical Name (Net Name)
    ----------------------------------------  ------------
     IBUF:I->O             4   0.694   0.299  reset_IBUF (reset_IBUF)
     FDRE:R                    0.468          counter_out_0
    ----------------------------------------
    Total                      1.461ns (1.162ns logic, 0.299ns route)
                                       (79.5% logic, 20.5% route)

=========================================================================
Timing constraint: Default OFFSET OUT AFTER for Clock 'divider_25'
  Total number of paths / destination ports: 4 / 4
-------------------------------------------------------------------------
Offset:              2.844ns (Levels of Logic = 1)
  Source:            counter_out_0 (FF)
  Destination:       counter_out<0> (PAD)
  Source Clock:      divider_25 rising

  Data Path: counter_out_0 to counter_out<0>
                                Gate     Net
    Cell:in->out      fanout   Delay   Delay  Logical Name (Net Name)
    ----------------------------------------  ------------
     FDRE:C->Q             5   0.396   0.304  counter_out_0 (counter_out_0)
     OBUF:I->O                 2.144          counter_out_0_OBUF (counter_out<0>)
    ----------------------------------------
    Total                      2.844ns (2.540ns logic, 0.304ns route)
                                       (89.3% logic, 10.7% route)

=========================================================================


Total REAL time to Xst completion: 5.00 secs
Total CPU time to Xst completion: 5.10 secs
 
--> 

Total memory usage is 282308 kilobytes

Number of errors   :    0 (   0 filtered)
Number of warnings :    2 (   0 filtered)
Number of infos    :    1 (   0 filtered)

