This is LuaTeX, Version 1.07.0 (MiKTeX 2.9.6630 64-bit)  (format=lualatex 2018.9.25)  3 OCT 2018 13:23
 restricted system commands enabled.
**lab0.tex
(./lab0.tex
LaTeX2e <2017-04-15>
Lua module: luaotfload-main 2017/01/29 2.80001 OpenType layout system.
Lua module: lualibs 2017-02-01 2.5 ConTeXt Lua standard libraries.
Lua module: lualibs-extended 2017-02-01 2.5 ConTeXt Lua libraries -- extended co
llection.(using cache: C:/Users/Michael/AppData/Local/MiKTeX/2.9/luatex-cache/ge
neric)
luaotfload | conf : Root cache directory is C:/Users/Michael/AppData/Local/MiKTe
X/2.9/luatex-cache/generic/names.
luaotfload | init : Loading fontloader “fontloader-2017-02-11.lua” from kpse
-resolved path “C:/Users/Michael/AppData/Local/Programs/MiKTeX 2.9/tex/luatex/
luaotfload/fontloader-2017-02-11.lua”.
Lua-only attribute luaotfload@state = 1
Lua-only attribute luaotfload@noligature = 2
Lua-only attribute luaotfload@syllabe = 3
luaotfload | init : Context OpenType loader version “3.027”
Inserting `luaotfload.node_processor' at position 1 in `pre_linebreak_filter'.
Inserting `luaotfload.node_processor' at position 1 in `hpack_filter'.
Inserting `luaotfload.define_font' at position 1 in `define_font'.
Lua-only attribute luaotfload_color_attribute = 4
luaotfload | conf : Root cache directory is C:/Users/Michael/AppData/Local/MiKTe
X/2.9/luatex-cache/generic/names.
Inserting `luaotfload.aux.set_sscale_dimens' at position 1 in `luaotfload.patch_
font'.
Inserting `luaotfload.aux.patch_cambria_domh' at position 2 in `luaotfload.patch
_font'.
Inserting `luaotfload.aux.fixup_fontdata' at position 1 in `luaotfload.patch_fon
t_unsafe'.
Inserting `luaotfload.aux.set_capheight' at position 3 in `luaotfload.patch_font
'.
Inserting `luaotfload.rewrite_fontname' at position 4 in `luaotfload.patch_font'
.
luaotfload | main : initialization completed in 0.808 seconds
Babel <3.18> and hyphenation patterns for 1 language(s) loaded.
("C:/Users/Michael/AppData/Local/Programs/MiKTeX 2.9/tex/latex/base/article.cls
"
Document Class: article 2014/09/29 v1.4h Standard LaTeX document class
("C:/Users/Michael/AppData/Local/Programs/MiKTeX 2.9/tex/latex/base/size11.clo"
File: size11.clo 2014/09/29 v1.4h Standard LaTeX file (size option)
luaotfload | db : Font names database loaded from C:/Users/Michael/AppData/Local
/MiKTeX/2.9/luatex-cache/generic/names/luaotfload-names.luc(load luc: C:/Users/M
ichael/AppData/Local/MiKTeX/2.9/luatex-cache/generic/fonts/otl/lmroman10-regular
.luc))
\c@part=\count79
\c@section=\count80
\c@subsection=\count81
\c@subsubsection=\count82
\c@paragraph=\count83
\c@subparagraph=\count84
\c@figure=\count85
\c@table=\count86
\abovecaptionskip=\skip41
\belowcaptionskip=\skip42
\bibindent=\dimen102
)
("C:/Users/Michael/AppData/Local/Programs/MiKTeX 2.9/tex/latex/enumitem/enumite
m.sty"
Package: enumitem 2011/09/28 v3.5.2 Customized lists
\enitkv@toks@=\toks14
\labelindent=\skip43
\enit@outerparindent=\dimen103
\enit@toks=\toks15
\enit@inbox=\box26
\enitdp@description=\count87
)
("C:/Users/Michael/AppData/Local/Programs/MiKTeX 2.9/tex/latex/amsmath/amsmath.
sty"
Package: amsmath 2017/09/02 v2.17a AMS math features
\@mathmargin=\skip44

For additional information on amsmath, use the `?' option.

("C:/Users/Michael/AppData/Local/Programs/MiKTeX 2.9/tex/latex/amsmath/amstext.
sty"
Package: amstext 2000/06/29 v2.01 AMS text

("C:/Users/Michael/AppData/Local/Programs/MiKTeX 2.9/tex/latex/amsmath/amsgen.s
ty"
File: amsgen.sty 1999/11/30 v2.0 generic functions
\@emptytoks=\toks16
\ex@=\dimen104
))
("C:/Users/Michael/AppData/Local/Programs/MiKTeX 2.9/tex/latex/amsmath/amsbsy.s
ty"
Package: amsbsy 1999/11/29 v1.2d Bold Symbols
\pmbraise@=\dimen105
)
("C:/Users/Michael/AppData/Local/Programs/MiKTeX 2.9/tex/latex/amsmath/amsopn.s
ty"
Package: amsopn 2016/03/08 v2.02 operator names
)
\inf@bad=\count88
LaTeX Info: Redefining \frac on input line 213.
\uproot@=\count89
\leftroot@=\count90
LaTeX Info: Redefining \overline on input line 375.
\classnum@=\count91
\DOTSCASE@=\count92
LaTeX Info: Redefining \ldots on input line 472.
LaTeX Info: Redefining \dots on input line 475.
LaTeX Info: Redefining \cdots on input line 596.
\Mathstrutbox@=\box27
\strutbox@=\box28
\big@size=\dimen106
LaTeX Font Info:    Redeclaring font encoding OML on input line 712.
LaTeX Font Info:    Redeclaring font encoding OMS on input line 713.
\macc@depth=\count93
\c@MaxMatrixCols=\count94
\dotsspace@=\muskip10
\c@parentequation=\count95
\dspbrk@lvl=\count96
\tag@help=\toks17
\row@=\count97
\column@=\count98
\maxfields@=\count99
\andhelp@=\toks18
\eqnshift@=\dimen107
\alignsep@=\dimen108
\tagshift@=\dimen109
\tagwidth@=\dimen110
\totwidth@=\dimen111
\lineht@=\dimen112
\@envbody=\toks19
\multlinegap=\skip45
\multlinetaggap=\skip46
\mathdisplay@stack=\toks20
LaTeX Info: Redefining \[ on input line 2817.
LaTeX Info: Redefining \] on input line 2818.
)
("C:/Users/Michael/AppData/Local/Programs/MiKTeX 2.9/tex/latex/amsfonts/amssymb
.sty"
Package: amssymb 2013/01/14 v3.01 AMS font symbols

("C:/Users/Michael/AppData/Local/Programs/MiKTeX 2.9/tex/latex/amsfonts/amsfont
s.sty"
Package: amsfonts 2013/01/14 v3.01 Basic AMSFonts support
\symAMSa=\mathgroup4
\symAMSb=\mathgroup5
LaTeX Font Info:    Overwriting math alphabet `\mathfrak' in version `bold'
(Font)                  U/euf/m/n --> U/euf/b/n on input line 106.
))
("C:/Users/Michael/AppData/Local/Programs/MiKTeX 2.9/tex/latex/tools/bm.sty"
Package: bm 2017/01/16 v1.2c Bold Symbol Support (DPC/FMi)
\symboldoperators=\mathgroup6
\symboldletters=\mathgroup7
\symboldsymbols=\mathgroup8
LaTeX Font Info:    Redeclaring math alphabet \mathbf on input line 141.
LaTeX Info: Redefining \bm on input line 207.
)
("C:/Users/Michael/AppData/Local/Programs/MiKTeX 2.9/tex/latex/listings/listing
s.sty"
("C:/Users/Michael/AppData/Local/Programs/MiKTeX 2.9/tex/latex/graphics/keyval.
sty"
Package: keyval 2014/10/28 v1.15 key=value parser (DPC)
\KV@toks@=\toks21
)
\lst@mode=\count100
\lst@gtempboxa=\box29
\lst@token=\toks22
\lst@length=\count101
\lst@currlwidth=\dimen113
\lst@column=\count102
\lst@pos=\count103
\lst@lostspace=\dimen114
\lst@width=\dimen115
\lst@newlines=\count104
\lst@lineno=\count105
\lst@maxwidth=\dimen116

("C:/Users/Michael/AppData/Local/Programs/MiKTeX 2.9/tex/latex/listings/lstmisc
.sty"
File: lstmisc.sty 2015/06/04 1.6 (Carsten Heinz)
\c@lstnumber=\count106
\lst@skipnumbers=\count107
\lst@framebox=\box30
)
("C:/Users/Michael/AppData/Local/Programs/MiKTeX 2.9/tex/latex/listings/listing
s.cfg"
File: listings.cfg 2015/06/04 1.6 listings configuration
))
Package: listings 2015/06/04 1.6 (Carsten Heinz)

("C:/Users/Michael/AppData/Local/Programs/MiKTeX 2.9/tex/latex/pgf/frontendlaye
r/tikz.sty"
("C:/Users/Michael/AppData/Local/Programs/MiKTeX 2.9/tex/latex/pgf/basiclayer/p
gf.sty"
("C:/Users/Michael/AppData/Local/Programs/MiKTeX 2.9/tex/latex/pgf/utilities/pg
frcs.sty"
("C:/Users/Michael/AppData/Local/Programs/MiKTeX 2.9/tex/generic/pgf/utilities/
pgfutil-common.tex"
\pgfutil@everybye=\toks23
\pgfutil@tempdima=\dimen117
\pgfutil@tempdimb=\dimen118

("C:/Users/Michael/AppData/Local/Programs/MiKTeX 2.9/tex/generic/pgf/utilities/
pgfutil-common-lists.tex"))
("C:/Users/Michael/AppData/Local/Programs/MiKTeX 2.9/tex/generic/pgf/utilities/
pgfutil-latex.def"
\pgfutil@abb=\box31

("C:/Users/Michael/AppData/Local/Programs/MiKTeX 2.9/tex/latex/ms/everyshi.sty"
Package: everyshi 2001/05/15 v3.00 EveryShipout Package (MS)
))
("C:/Users/Michael/AppData/Local/Programs/MiKTeX 2.9/tex/generic/pgf/utilities/
pgfrcs.code.tex"
Package: pgfrcs 2015/08/07 v3.0.1a (rcs-revision 1.31)
))
Package: pgf 2015/08/07 v3.0.1a (rcs-revision 1.15)

("C:/Users/Michael/AppData/Local/Programs/MiKTeX 2.9/tex/latex/pgf/basiclayer/p
gfcore.sty"
("C:/Users/Michael/AppData/Local/Programs/MiKTeX 2.9/tex/latex/graphics/graphic
x.sty"
Package: graphicx 2017/06/01 v1.1a Enhanced LaTeX Graphics (DPC,SPQR)

("C:/Users/Michael/AppData/Local/Programs/MiKTeX 2.9/tex/latex/graphics/graphic
s.sty"
Package: graphics 2017/06/25 v1.2c Standard LaTeX Graphics (DPC,SPQR)

("C:/Users/Michael/AppData/Local/Programs/MiKTeX 2.9/tex/latex/graphics/trig.st
y"
Package: trig 2016/01/03 v1.10 sin cos tan (DPC)
)
("C:/Users/Michael/AppData/Local/Programs/MiKTeX 2.9/tex/latex/graphics-cfg/gra
phics.cfg"
File: graphics.cfg 2016/06/04 v1.11 sample graphics configuration
)
Package graphics Info: Driver file: luatex.def on input line 99.

("C:/Users/Michael/AppData/Local/Programs/MiKTeX 2.9/tex/latex/graphics-def/lua
tex.def"
File: luatex.def 2018/01/08 v1.0l Graphics/color driver for luatex
))
\Gin@req@height=\dimen119
\Gin@req@width=\dimen120
)
("C:/Users/Michael/AppData/Local/Programs/MiKTeX 2.9/tex/latex/pgf/systemlayer/
pgfsys.sty"
("C:/Users/Michael/AppData/Local/Programs/MiKTeX 2.9/tex/generic/pgf/systemlaye
r/pgfsys.code.tex"
Package: pgfsys 2014/07/09 v3.0.1a (rcs-revision 1.48)

("C:/Users/Michael/AppData/Local/Programs/MiKTeX 2.9/tex/generic/pgf/utilities/
pgfkeys.code.tex"
\pgfkeys@pathtoks=\toks24
\pgfkeys@temptoks=\toks25

("C:/Users/Michael/AppData/Local/Programs/MiKTeX 2.9/tex/generic/pgf/utilities/
pgfkeysfiltered.code.tex"
\pgfkeys@tmptoks=\toks26
))
\pgf@x=\dimen121
\pgf@y=\dimen122
\pgf@xa=\dimen123
\pgf@ya=\dimen124
\pgf@xb=\dimen125
\pgf@yb=\dimen126
\pgf@xc=\dimen127
\pgf@yc=\dimen128
\w@pgf@writea=\write3
\r@pgf@reada=\read1
\c@pgf@counta=\count108
\c@pgf@countb=\count109
\c@pgf@countc=\count110
\c@pgf@countd=\count111
\t@pgf@toka=\toks27
\t@pgf@tokb=\toks28
\t@pgf@tokc=\toks29

("C:/Users/Michael/AppData/Local/Programs/MiKTeX 2.9/tex/generic/pgf/systemlaye
r/pgf.cfg"
File: pgf.cfg 2008/05/14  (rcs-revision 1.7)
)
Driver file for pgf: pgfsys-luatex.def

("C:/Users/Michael/AppData/Local/Programs/MiKTeX 2.9/tex/generic/pgf/systemlaye
r/pgfsys-luatex.def"
File: pgfsys-luatex.def 2014/10/11  (rcs-revision 1.35)

("C:/Users/Michael/AppData/Local/Programs/MiKTeX 2.9/tex/generic/pgf/systemlaye
r/pgfsys-common-pdf.def"
File: pgfsys-common-pdf.def 2013/10/10  (rcs-revision 1.13)
)))
("C:/Users/Michael/AppData/Local/Programs/MiKTeX 2.9/tex/generic/pgf/systemlaye
r/pgfsyssoftpath.code.tex"
File: pgfsyssoftpath.code.tex 2013/09/09  (rcs-revision 1.9)
\pgfsyssoftpath@smallbuffer@items=\count112
\pgfsyssoftpath@bigbuffer@items=\count113
)
("C:/Users/Michael/AppData/Local/Programs/MiKTeX 2.9/tex/generic/pgf/systemlaye
r/pgfsysprotocol.code.tex"
File: pgfsysprotocol.code.tex 2006/10/16  (rcs-revision 1.4)
))
("C:/Users/Michael/AppData/Local/Programs/MiKTeX 2.9/tex/latex/xcolor/xcolor.st
y"
Package: xcolor 2016/05/11 v2.12 LaTeX color extensions (UK)

("C:/Users/Michael/AppData/Local/Programs/MiKTeX 2.9/tex/latex/graphics-cfg/col
or.cfg"
File: color.cfg 2016/01/02 v1.6 sample color configuration
)
Package xcolor Info: Driver file: luatex.def on input line 225.
Package xcolor Info: Model `cmy' substituted by `cmy0' on input line 1348.
Package xcolor Info: Model `hsb' substituted by `rgb' on input line 1352.
Package xcolor Info: Model `RGB' extended on input line 1364.
Package xcolor Info: Model `HTML' substituted by `rgb' on input line 1366.
Package xcolor Info: Model `Hsb' substituted by `hsb' on input line 1367.
Package xcolor Info: Model `tHsb' substituted by `hsb' on input line 1368.
Package xcolor Info: Model `HSB' substituted by `hsb' on input line 1369.
Package xcolor Info: Model `Gray' substituted by `gray' on input line 1370.
Package xcolor Info: Model `wave' substituted by `hsb' on input line 1371.
)
("C:/Users/Michael/AppData/Local/Programs/MiKTeX 2.9/tex/generic/pgf/basiclayer
/pgfcore.code.tex"
Package: pgfcore 2010/04/11 v3.0.1a (rcs-revision 1.7)

("C:/Users/Michael/AppData/Local/Programs/MiKTeX 2.9/tex/generic/pgf/math/pgfma
th.code.tex"
("C:/Users/Michael/AppData/Local/Programs/MiKTeX 2.9/tex/generic/pgf/math/pgfma
thcalc.code.tex"
("C:/Users/Michael/AppData/Local/Programs/MiKTeX 2.9/tex/generic/pgf/math/pgfma
thutil.code.tex")
("C:/Users/Michael/AppData/Local/Programs/MiKTeX 2.9/tex/generic/pgf/math/pgfma
thparser.code.tex"
\pgfmath@dimen=\dimen129
\pgfmath@count=\count114
\pgfmath@box=\box32
\pgfmath@toks=\toks30
\pgfmath@stack@operand=\toks31
\pgfmath@stack@operation=\toks32
)
("C:/Users/Michael/AppData/Local/Programs/MiKTeX 2.9/tex/generic/pgf/math/pgfma
thfunctions.code.tex"
("C:/Users/Michael/AppData/Local/Programs/MiKTeX 2.9/tex/generic/pgf/math/pgfma
thfunctions.basic.code.tex")
("C:/Users/Michael/AppData/Local/Programs/MiKTeX 2.9/tex/generic/pgf/math/pgfma
thfunctions.trigonometric.code.tex")
("C:/Users/Michael/AppData/Local/Programs/MiKTeX 2.9/tex/generic/pgf/math/pgfma
thfunctions.random.code.tex")
("C:/Users/Michael/AppData/Local/Programs/MiKTeX 2.9/tex/generic/pgf/math/pgfma
thfunctions.comparison.code.tex")
("C:/Users/Michael/AppData/Local/Programs/MiKTeX 2.9/tex/generic/pgf/math/pgfma
thfunctions.base.code.tex")
("C:/Users/Michael/AppData/Local/Programs/MiKTeX 2.9/tex/generic/pgf/math/pgfma
thfunctions.round.code.tex")
("C:/Users/Michael/AppData/Local/Programs/MiKTeX 2.9/tex/generic/pgf/math/pgfma
thfunctions.misc.code.tex")
("C:/Users/Michael/AppData/Local/Programs/MiKTeX 2.9/tex/generic/pgf/math/pgfma
thfunctions.integerarithmetics.code.tex")))
("C:/Users/Michael/AppData/Local/Programs/MiKTeX 2.9/tex/generic/pgf/math/pgfma
thfloat.code.tex"
\c@pgfmathroundto@lastzeros=\count115
))
("C:/Users/Michael/AppData/Local/Programs/MiKTeX 2.9/tex/generic/pgf/basiclayer
/pgfcorepoints.code.tex"
File: pgfcorepoints.code.tex 2013/10/07  (rcs-revision 1.27)
\pgf@picminx=\dimen130
\pgf@picmaxx=\dimen131
\pgf@picminy=\dimen132
\pgf@picmaxy=\dimen133
\pgf@pathminx=\dimen134
\pgf@pathmaxx=\dimen135
\pgf@pathminy=\dimen136
\pgf@pathmaxy=\dimen137
\pgf@xx=\dimen138
\pgf@xy=\dimen139
\pgf@yx=\dimen140
\pgf@yy=\dimen141
\pgf@zx=\dimen142
\pgf@zy=\dimen143
)
("C:/Users/Michael/AppData/Local/Programs/MiKTeX 2.9/tex/generic/pgf/basiclayer
/pgfcorepathconstruct.code.tex"
File: pgfcorepathconstruct.code.tex 2013/10/07  (rcs-revision 1.29)
\pgf@path@lastx=\dimen144
\pgf@path@lasty=\dimen145
)
("C:/Users/Michael/AppData/Local/Programs/MiKTeX 2.9/tex/generic/pgf/basiclayer
/pgfcorepathusage.code.tex"
File: pgfcorepathusage.code.tex 2014/11/02  (rcs-revision 1.24)
\pgf@shorten@end@additional=\dimen146
\pgf@shorten@start@additional=\dimen147
)
("C:/Users/Michael/AppData/Local/Programs/MiKTeX 2.9/tex/generic/pgf/basiclayer
/pgfcorescopes.code.tex"
File: pgfcorescopes.code.tex 2015/05/08  (rcs-revision 1.46)
\pgfpic=\box33
\pgf@hbox=\box34
\pgf@layerbox@main=\box35
\pgf@picture@serial@count=\count116
)
("C:/Users/Michael/AppData/Local/Programs/MiKTeX 2.9/tex/generic/pgf/basiclayer
/pgfcoregraphicstate.code.tex"
File: pgfcoregraphicstate.code.tex 2014/11/02  (rcs-revision 1.12)
\pgflinewidth=\dimen148
)
("C:/Users/Michael/AppData/Local/Programs/MiKTeX 2.9/tex/generic/pgf/basiclayer
/pgfcoretransformations.code.tex"
File: pgfcoretransformations.code.tex 2015/08/07  (rcs-revision 1.20)
\pgf@pt@x=\dimen149
\pgf@pt@y=\dimen150
\pgf@pt@temp=\dimen151
)
("C:/Users/Michael/AppData/Local/Programs/MiKTeX 2.9/tex/generic/pgf/basiclayer
/pgfcorequick.code.tex"
File: pgfcorequick.code.tex 2008/10/09  (rcs-revision 1.3)
)
("C:/Users/Michael/AppData/Local/Programs/MiKTeX 2.9/tex/generic/pgf/basiclayer
/pgfcoreobjects.code.tex"
File: pgfcoreobjects.code.tex 2006/10/11  (rcs-revision 1.2)
)
("C:/Users/Michael/AppData/Local/Programs/MiKTeX 2.9/tex/generic/pgf/basiclayer
/pgfcorepathprocessing.code.tex"
File: pgfcorepathprocessing.code.tex 2013/09/09  (rcs-revision 1.9)
)
("C:/Users/Michael/AppData/Local/Programs/MiKTeX 2.9/tex/generic/pgf/basiclayer
/pgfcorearrows.code.tex"
File: pgfcorearrows.code.tex 2015/05/14  (rcs-revision 1.43)
\pgfarrowsep=\dimen152
)
("C:/Users/Michael/AppData/Local/Programs/MiKTeX 2.9/tex/generic/pgf/basiclayer
/pgfcoreshade.code.tex"
File: pgfcoreshade.code.tex 2013/07/15  (rcs-revision 1.15)
\pgf@max=\dimen153
\pgf@sys@shading@range@num=\count117
)
("C:/Users/Michael/AppData/Local/Programs/MiKTeX 2.9/tex/generic/pgf/basiclayer
/pgfcoreimage.code.tex"
File: pgfcoreimage.code.tex 2013/07/15  (rcs-revision 1.18)

("C:/Users/Michael/AppData/Local/Programs/MiKTeX 2.9/tex/generic/pgf/basiclayer
/pgfcoreexternal.code.tex"
File: pgfcoreexternal.code.tex 2014/07/09  (rcs-revision 1.21)
\pgfexternal@startupbox=\box36
))
("C:/Users/Michael/AppData/Local/Programs/MiKTeX 2.9/tex/generic/pgf/basiclayer
/pgfcorelayers.code.tex"
File: pgfcorelayers.code.tex 2013/07/18  (rcs-revision 1.7)
)
("C:/Users/Michael/AppData/Local/Programs/MiKTeX 2.9/tex/generic/pgf/basiclayer
/pgfcoretransparency.code.tex"
File: pgfcoretransparency.code.tex 2013/09/30  (rcs-revision 1.5)
)
("C:/Users/Michael/AppData/Local/Programs/MiKTeX 2.9/tex/generic/pgf/basiclayer
/pgfcorepatterns.code.tex"
File: pgfcorepatterns.code.tex 2013/11/07  (rcs-revision 1.5)
)))
("C:/Users/Michael/AppData/Local/Programs/MiKTeX 2.9/tex/generic/pgf/modules/pg
fmoduleshapes.code.tex"
File: pgfmoduleshapes.code.tex 2014/03/21  (rcs-revision 1.35)
\pgfnodeparttextbox=\box37
)
("C:/Users/Michael/AppData/Local/Programs/MiKTeX 2.9/tex/generic/pgf/modules/pg
fmoduleplot.code.tex"
File: pgfmoduleplot.code.tex 2015/08/03  (rcs-revision 1.13)
)
("C:/Users/Michael/AppData/Local/Programs/MiKTeX 2.9/tex/latex/pgf/compatibilit
y/pgfcomp-version-0-65.sty"
Package: pgfcomp-version-0-65 2007/07/03 v3.0.1a (rcs-revision 1.7)
\pgf@nodesepstart=\dimen154
\pgf@nodesepend=\dimen155
)
("C:/Users/Michael/AppData/Local/Programs/MiKTeX 2.9/tex/latex/pgf/compatibilit
y/pgfcomp-version-1-18.sty"
Package: pgfcomp-version-1-18 2007/07/23 v3.0.1a (rcs-revision 1.1)
))
("C:/Users/Michael/AppData/Local/Programs/MiKTeX 2.9/tex/latex/pgf/utilities/pg
ffor.sty"
("C:/Users/Michael/AppData/Local/Programs/MiKTeX 2.9/tex/latex/pgf/utilities/pg
fkeys.sty"
("C:/Users/Michael/AppData/Local/Programs/MiKTeX 2.9/tex/generic/pgf/utilities/
pgfkeys.code.tex"))
("C:/Users/Michael/AppData/Local/Programs/MiKTeX 2.9/tex/latex/pgf/math/pgfmath
.sty"
("C:/Users/Michael/AppData/Local/Programs/MiKTeX 2.9/tex/generic/pgf/math/pgfma
th.code.tex"))
("C:/Users/Michael/AppData/Local/Programs/MiKTeX 2.9/tex/generic/pgf/utilities/
pgffor.code.tex"
Package: pgffor 2013/12/13 v3.0.1a (rcs-revision 1.25)

("C:/Users/Michael/AppData/Local/Programs/MiKTeX 2.9/tex/generic/pgf/math/pgfma
th.code.tex")
\pgffor@iter=\dimen156
\pgffor@skip=\dimen157
\pgffor@stack=\toks33
\pgffor@toks=\toks34
))
("C:/Users/Michael/AppData/Local/Programs/MiKTeX 2.9/tex/generic/pgf/frontendla
yer/tikz/tikz.code.tex"
Package: tikz 2015/08/07 v3.0.1a (rcs-revision 1.151)

("C:/Users/Michael/AppData/Local/Programs/MiKTeX 2.9/tex/generic/pgf/libraries/
pgflibraryplothandlers.code.tex"
File: pgflibraryplothandlers.code.tex 2013/08/31 v3.0.1a (rcs-revision 1.20)
\pgf@plot@mark@count=\count118
\pgfplotmarksize=\dimen158
)
\tikz@lastx=\dimen159
\tikz@lasty=\dimen160
\tikz@lastxsaved=\dimen161
\tikz@lastysaved=\dimen162
\tikzleveldistance=\dimen163
\tikzsiblingdistance=\dimen164
\tikz@figbox=\box38
\tikz@figbox@bg=\box39
\tikz@tempbox=\box40
\tikz@tempbox@bg=\box41
\tikztreelevel=\count119
\tikznumberofchildren=\count120
\tikznumberofcurrentchild=\count121
\tikz@fig@count=\count122

("C:/Users/Michael/AppData/Local/Programs/MiKTeX 2.9/tex/generic/pgf/modules/pg
fmodulematrix.code.tex"
File: pgfmodulematrix.code.tex 2013/09/17  (rcs-revision 1.8)
\pgfmatrixcurrentrow=\count123
\pgfmatrixcurrentcolumn=\count124
\pgf@matrix@numberofcolumns=\count125
)
\tikz@expandcount=\count126

("C:/Users/Michael/AppData/Local/Programs/MiKTeX 2.9/tex/generic/pgf/frontendla
yer/tikz/libraries/tikzlibrarytopaths.code.tex"
File: tikzlibrarytopaths.code.tex 2008/06/17 v3.0.1a (rcs-revision 1.2)
)))
("C:/Users/Michael/AppData/Local/Programs/MiKTeX 2.9/tex/latex/base/fontenc.sty
"
Package: fontenc 2017/04/05 v2.0i Standard LaTeX package
 ("C:/Users/Michael/AppData/Local/Programs/MiKTeX 2.9/tex/latex/base/t1enc.def"
File: t1enc.def 2017/04/05 v2.0i Standard LaTeX file
LaTeX Font Info:    Redeclaring font encoding T1 on input line 48.
)
LaTeX Font Info:    Try loading font information for T1+lmr on input line 105.
 ("C:/Users/Michael/AppData/Local/Programs/MiKTeX 2.9/tex/latex/lm/t1lmr.fd"
File: t1lmr.fd 2009/10/30 v1.6 Font defs for Latin Modern
))
("C:/Users/Michael/AppData/Local/Programs/MiKTeX 2.9/tex/latex/psnfss/courier.s
ty"
Package: courier 2005/04/12 PSNFSS-v9.2a (WaS) 
) (./lab0.aux)
\openout1 = lab0.aux

LaTeX Font Info:    Checking defaults for OML/cmm/m/it on input line 18.
LaTeX Font Info:    ... okay on input line 18.
LaTeX Font Info:    Checking defaults for T1/cmr/m/n on input line 18.
LaTeX Font Info:    ... okay on input line 18.
LaTeX Font Info:    Checking defaults for OT1/cmr/m/n on input line 18.
LaTeX Font Info:    ... okay on input line 18.
LaTeX Font Info:    Checking defaults for OMS/cmsy/m/n on input line 18.
LaTeX Font Info:    ... okay on input line 18.
LaTeX Font Info:    Checking defaults for TU/lmr/m/n on input line 18.
LaTeX Font Info:    ... okay on input line 18.
LaTeX Font Info:    Checking defaults for OMX/cmex/m/n on input line 18.
LaTeX Font Info:    ... okay on input line 18.
LaTeX Font Info:    Checking defaults for U/cmr/m/n on input line 18.
LaTeX Font Info:    ... okay on input line 18.
\c@lstlisting=\count127
 ABD: EveryShipout initializing macros
("C:/Users/Michael/AppData/Local/Programs/MiKTeX 2.9/tex/context/base/supp-pdf.
mkii"
[Loading MPS to PDF converter (version 2006.09.02).]
\scratchcounter=\count128
\scratchdimen=\dimen165
\scratchbox=\box42
\nofMPsegments=\count129
\nofMParguments=\count130
\everyMPshowfont=\toks35
\MPscratchCnt=\count131
\MPscratchDim=\dimen166
\MPnumerator=\count132
\makeMPintoPDFobject=\count133
\everyMPtoPDFconversion=\toks36
)
("C:/Users/Michael/AppData/Local/Programs/MiKTeX 2.9/tex/latex/oberdiek/epstopd
f-base.sty"
Package: epstopdf-base 2016/05/15 v2.6 Base part for package epstopdf

("C:/Users/Michael/AppData/Local/Programs/MiKTeX 2.9/tex/generic/oberdiek/infwa
rerr.sty"
Package: infwarerr 2016/05/16 v1.4 Providing info/warning/error messages (HO)
)
("C:/Users/Michael/AppData/Local/Programs/MiKTeX 2.9/tex/latex/oberdiek/grfext.
sty"
Package: grfext 2016/05/16 v1.2 Manage graphics extensions (HO)

("C:/Users/Michael/AppData/Local/Programs/MiKTeX 2.9/tex/generic/oberdiek/kvdef
inekeys.sty"
Package: kvdefinekeys 2016/05/16 v1.4 Define keys (HO)

("C:/Users/Michael/AppData/Local/Programs/MiKTeX 2.9/tex/generic/oberdiek/ltxcm
ds.sty"
Package: ltxcmds 2016/05/16 v1.23 LaTeX kernel commands for general use (HO)
)))
("C:/Users/Michael/AppData/Local/Programs/MiKTeX 2.9/tex/latex/oberdiek/kvoptio
ns.sty"
Package: kvoptions 2016/05/16 v3.12 Key value format for package options (HO)

("C:/Users/Michael/AppData/Local/Programs/MiKTeX 2.9/tex/generic/oberdiek/kvset
keys.sty"
Package: kvsetkeys 2016/05/16 v1.17 Key value parser (HO)

("C:/Users/Michael/AppData/Local/Programs/MiKTeX 2.9/tex/generic/oberdiek/etexc
mds.sty"
Package: etexcmds 2016/05/16 v1.6 Avoid name clashes with e-TeX commands (HO)

("C:/Users/Michael/AppData/Local/Programs/MiKTeX 2.9/tex/generic/oberdiek/iflua
tex.sty"
Package: ifluatex 2016/05/16 v1.4 Provides the ifluatex switch (HO)
Package ifluatex Info: LuaTeX detected.
))))
("C:/Users/Michael/AppData/Local/Programs/MiKTeX 2.9/tex/generic/oberdiek/pdfte
xcmds.sty"
Package: pdftexcmds 2018/01/21 v0.26 Utility functions of pdfTeX for LuaTeX (HO)


("C:/Users/Michael/AppData/Local/Programs/MiKTeX 2.9/tex/generic/oberdiek/ifpdf
.sty"
Package: ifpdf 2017/03/15 v3.2 Provides the ifpdf switch
)
Package pdftexcmds Info: \pdf@primitive is available.
Package pdftexcmds Info: \pdf@ifprimitive is available.
Package pdftexcmds Info: \pdfdraftmode found.
\pdftexcmds@toks=\toks37
)
Package epstopdf-base Info: Redefining graphics rule for `.eps' on input line 43
8.
Package grfext Info: Graphics extension search list:
(grfext)             [.pdf,.png,.jpg,.mps,.jpeg,.jbig2,.jb2,.PDF,.PNG,.JPG,.JPEG
,.JBIG2,.JB2,.eps]
(grfext)             \AppendGraphicsExtensions on input line 456.
)
LaTeX Font Info:    Try loading font information for U+msa on input line 24.

("C:/Users/Michael/AppData/Local/Programs/MiKTeX 2.9/tex/latex/amsfonts/umsa.fd
"
File: umsa.fd 2013/01/14 v3.01 AMS symbols A
)
LaTeX Font Info:    Try loading font information for U+msb on input line 24.

("C:/Users/Michael/AppData/Local/Programs/MiKTeX 2.9/tex/latex/amsfonts/umsb.fd
"
File: umsb.fd 2013/01/14 v3.01 AMS symbols B
)
LaTeX Font Info:    Try loading font information for OMS+lmr on input line 32.
 ("C:/Users/Michael/AppData/Local/Programs/MiKTeX 2.9/tex/latex/lm/omslmr.fd"
File: omslmr.fd 2009/10/30 v1.6 Font defs for Latin Modern
)
LaTeX Font Info:    Try loading font information for OMS+lmsy on input line 32.
 ("C:/Users/Michael/AppData/Local/Programs/MiKTeX 2.9/tex/latex/lm/omslmsy.fd"
File: omslmsy.fd 2009/10/30 v1.6 Font defs for Latin Modern
)
LaTeX Font Info:    Font shape `OMS/lmr/m/n' in size <10.95> not available
(Font)              Font shape `OMS/lmsy/m/n' tried instead on input line 32.
LaTeX Font Info:    Try loading font information for T1+pcr on input line 32.
 ("C:/Users/Michael/AppData/Local/Programs/MiKTeX 2.9/tex/latex/psnfss/t1pcr.fd
"
File: t1pcr.fd 2001/06/04 font definitions for T1/pcr.
) [1

{C:/Users/Michael/AppData/Local/MiKTeX/2.9/pdftex/config/pdftex.map}]
[2
Missing character: There is no ’ (U+2019) in font ec-lmr10!
Missing character: There is no ’ (U+2019) in font ec-lmr10!
Missing character: There is no ’ (U+2019) in font ec-lmr10!
] (./lab0.aux))

Here is how much of LuaTeX's memory you used:
 14497 strings out of 494447
 100000,319454 words of node,token memory allocated
 436 words of node memory still in use:
   5 hlist, 2 vlist, 2 rule, 2 glue, 1 kern, 6 attribute, 49 glue_spec, 6 attrib
ute_list, 1 write nodes
   avail lists: 1:1,2:227,3:61,4:42,5:142,6:17,7:2275,8:5,9:80,10:14,11:132
 18023 multiletter control sequences out of 65536+200000
 50 fonts using 3035687 bytes
 55i,6n,54p,1151b,219s stack positions out of 5000i,500n,10000p,200000b,50000s
{C:/Users/Michael/AppData/Local/Programs/MiKTeX 2.9/fonts/enc/dvips/base/8r.enc}
{C:/Users/Michael/AppData/Local/Programs/MiKTeX 2.9/fonts/enc/dvips/lm/lm-mathsy
.enc}{C:/Users/Michael/AppData/Local/Programs/MiKTeX 2.9/fonts/enc/dvips/lm/lm-e
c.enc}<C:/Users/Michael/AppData/Local/Programs/MiKTeX 2.9/fonts/type1/public/lm/
lmbx12.pfb><C:/Users/Michael/AppData/Local/Programs/MiKTeX 2.9/fonts/type1/publi
c/lm/lmr10.pfb><C:/Users/Michael/AppData/Local/Programs/MiKTeX 2.9/fonts/type1/p
ublic/lm/lmr12.pfb><C:/Users/Michael/AppData/Local/Programs/MiKTeX 2.9/fonts/typ
e1/public/lm/lmr17.pfb><C:/Users/Michael/AppData/Local/Programs/MiKTeX 2.9/fonts
/type1/public/lm/lmsy10.pfb><C:/Users/Michael/AppData/Local/Programs/MiKTeX 2.9/
fonts/type1/urw/courier/ucrr8a.pfb>
Output written on lab0.pdf (2 pages, 125269 bytes).

PDF statistics: 39 PDF objects out of 1000 (max. 8388607)
 0 named destinations out of 1000 (max. 131072)
 16 words of extra memory for PDF output out of 10000 (max. 100000000)

