C:\Users\CS152B\Desktop\cs152b\Lab3\Lab3\implementation\system.ngc 1540583215
C:/Users/CS152B/Desktop/cs152b/Lab3/Lab3/implementation/system_microblaze_0_wrapper.ngc 1540582986
C:/Users/CS152B/Desktop/cs152b/Lab3/Lab3/implementation/system_mb_plb_wrapper.ngc 1540583020
C:/Users/CS152B/Desktop/cs152b/Lab3/Lab3/implementation/system_ilmb_wrapper.ngc 1540582986
C:/Users/CS152B/Desktop/cs152b/Lab3/Lab3/implementation/system_dlmb_wrapper.ngc 1540582986
C:/Users/CS152B/Desktop/cs152b/Lab3/Lab3/implementation/system_dlmb_cntlr_wrapper.ngc 1540582986
C:/Users/CS152B/Desktop/cs152b/Lab3/Lab3/implementation/system_ilmb_cntlr_wrapper.ngc 1540582986
C:/Users/CS152B/Desktop/cs152b/Lab3/Lab3/implementation/system_lmb_bram_wrapper.ngc 1540582986
C:/Users/CS152B/Desktop/cs152b/Lab3/Lab3/implementation/system_leds_8bit_wrapper.ngc 1540582986
C:/Users/CS152B/Desktop/cs152b/Lab3/Lab3/implementation/system_push_buttons_7bit_wrapper.ngc 1540582986
C:/Users/CS152B/Desktop/cs152b/Lab3/Lab3/implementation/system_dip_switches_8bit_wrapper.ngc 1540582986
C:/Users/CS152B/Desktop/cs152b/Lab3/Lab3/implementation/system_flash_wrapper.ngc 1540582986
C:/Users/CS152B/Desktop/cs152b/Lab3/Lab3/implementation/system_ddr2_sdram_wrapper.ngc 1540582986
C:/Users/CS152B/Desktop/cs152b/Lab3/Lab3/implementation/system_rs232_uart_0_wrapper.ngc 1540582986
C:/Users/CS152B/Desktop/cs152b/Lab3/Lab3/implementation/system_rs232_uart_1_wrapper.ngc 1540582986
C:/Users/CS152B/Desktop/cs152b/Lab3/Lab3/implementation/system_clock_generator_0_wrapper.ngc 1540583025
C:/Users/CS152B/Desktop/cs152b/Lab3/Lab3/implementation/system_mdm_0_wrapper.ngc 1540582986
C:/Users/CS152B/Desktop/cs152b/Lab3/Lab3/implementation/system_proc_sys_reset_0_wrapper.ngc 1540582986
C:/Users/CS152B/Desktop/cs152b/Lab3/Lab3/implementation/system_xps_gpio_0_wrapper.ngc 1540583020
OK
