Release 14.6 Map P.68d (nt64)
Xilinx Mapping Report File for Design 'system'

Design Information
------------------
Command Line   : map -o system_map.ncd -w -pr b -ol high -timing -detail
system.ngd system.pcf 
Target Device  : xc5vlx50t
Target Package : ff1136
Target Speed   : -1
Mapper Version : virtex5 -- $Revision: 1.55 $
Mapped Date    : Fri Oct 26 12:47:41 2018

Design Summary
--------------
Number of errors   :   8
Number of warnings :   0

Section 1 - Errors
------------------
ERROR:LIT:600 - IOBUFDS symbol
   "DDR2_SDRAM/DDR2_SDRAM/mpmc_core_0/gen_v5_ddr2_phy.mpmc_phy_if_0/u_phy_io_0/g
   en_dqs[0].u_iob_dqs/gen_dqs_iob_ddr2.u_iobuf_dqs" (output
   signal=DDR2_SDRAM/DDR2_SDRAM/mpmc_core_0/gen_v5_ddr2_phy.mpmc_phy_if_0/u_phy_
   io_0/gen_dqs[0].u_iob_dqs/dqs_ibuf) does not have IOSTANDARD specified. Map
   is unable to generate a default IOSTANDARD for IOBUFDS, one has to be
   explicitly provided.
ERROR:LIT:600 - IOBUFDS symbol
   "DDR2_SDRAM/DDR2_SDRAM/mpmc_core_0/gen_v5_ddr2_phy.mpmc_phy_if_0/u_phy_io_0/g
   en_dqs[1].u_iob_dqs/gen_dqs_iob_ddr2.u_iobuf_dqs" (output
   signal=DDR2_SDRAM/DDR2_SDRAM/mpmc_core_0/gen_v5_ddr2_phy.mpmc_phy_if_0/u_phy_
   io_0/gen_dqs[1].u_iob_dqs/dqs_ibuf) does not have IOSTANDARD specified. Map
   is unable to generate a default IOSTANDARD for IOBUFDS, one has to be
   explicitly provided.
ERROR:LIT:600 - IOBUFDS symbol
   "DDR2_SDRAM/DDR2_SDRAM/mpmc_core_0/gen_v5_ddr2_phy.mpmc_phy_if_0/u_phy_io_0/g
   en_dqs[2].u_iob_dqs/gen_dqs_iob_ddr2.u_iobuf_dqs" (output
   signal=DDR2_SDRAM/DDR2_SDRAM/mpmc_core_0/gen_v5_ddr2_phy.mpmc_phy_if_0/u_phy_
   io_0/gen_dqs[2].u_iob_dqs/dqs_ibuf) does not have IOSTANDARD specified. Map
   is unable to generate a default IOSTANDARD for IOBUFDS, one has to be
   explicitly provided.
ERROR:LIT:600 - IOBUFDS symbol
   "DDR2_SDRAM/DDR2_SDRAM/mpmc_core_0/gen_v5_ddr2_phy.mpmc_phy_if_0/u_phy_io_0/g
   en_dqs[3].u_iob_dqs/gen_dqs_iob_ddr2.u_iobuf_dqs" (output
   signal=DDR2_SDRAM/DDR2_SDRAM/mpmc_core_0/gen_v5_ddr2_phy.mpmc_phy_if_0/u_phy_
   io_0/gen_dqs[3].u_iob_dqs/dqs_ibuf) does not have IOSTANDARD specified. Map
   is unable to generate a default IOSTANDARD for IOBUFDS, one has to be
   explicitly provided.
ERROR:LIT:600 - IOBUFDS symbol
   "DDR2_SDRAM/DDR2_SDRAM/mpmc_core_0/gen_v5_ddr2_phy.mpmc_phy_if_0/u_phy_io_0/g
   en_dqs[4].u_iob_dqs/gen_dqs_iob_ddr2.u_iobuf_dqs" (output
   signal=DDR2_SDRAM/DDR2_SDRAM/mpmc_core_0/gen_v5_ddr2_phy.mpmc_phy_if_0/u_phy_
   io_0/gen_dqs[4].u_iob_dqs/dqs_ibuf) does not have IOSTANDARD specified. Map
   is unable to generate a default IOSTANDARD for IOBUFDS, one has to be
   explicitly provided.
ERROR:LIT:600 - IOBUFDS symbol
   "DDR2_SDRAM/DDR2_SDRAM/mpmc_core_0/gen_v5_ddr2_phy.mpmc_phy_if_0/u_phy_io_0/g
   en_dqs[5].u_iob_dqs/gen_dqs_iob_ddr2.u_iobuf_dqs" (output
   signal=DDR2_SDRAM/DDR2_SDRAM/mpmc_core_0/gen_v5_ddr2_phy.mpmc_phy_if_0/u_phy_
   io_0/gen_dqs[5].u_iob_dqs/dqs_ibuf) does not have IOSTANDARD specified. Map
   is unable to generate a default IOSTANDARD for IOBUFDS, one has to be
   explicitly provided.
ERROR:LIT:600 - IOBUFDS symbol
   "DDR2_SDRAM/DDR2_SDRAM/mpmc_core_0/gen_v5_ddr2_phy.mpmc_phy_if_0/u_phy_io_0/g
   en_dqs[6].u_iob_dqs/gen_dqs_iob_ddr2.u_iobuf_dqs" (output
   signal=DDR2_SDRAM/DDR2_SDRAM/mpmc_core_0/gen_v5_ddr2_phy.mpmc_phy_if_0/u_phy_
   io_0/gen_dqs[6].u_iob_dqs/dqs_ibuf) does not have IOSTANDARD specified. Map
   is unable to generate a default IOSTANDARD for IOBUFDS, one has to be
   explicitly provided.
ERROR:LIT:600 - IOBUFDS symbol
   "DDR2_SDRAM/DDR2_SDRAM/mpmc_core_0/gen_v5_ddr2_phy.mpmc_phy_if_0/u_phy_io_0/g
   en_dqs[7].u_iob_dqs/gen_dqs_iob_ddr2.u_iobuf_dqs" (output
   signal=DDR2_SDRAM/DDR2_SDRAM/mpmc_core_0/gen_v5_ddr2_phy.mpmc_phy_if_0/u_phy_
   io_0/gen_dqs[7].u_iob_dqs/dqs_ibuf) does not have IOSTANDARD specified. Map
   is unable to generate a default IOSTANDARD for IOBUFDS, one has to be
   explicitly provided.

Section 2 - Warnings
--------------------
WARNING:Security:42 - Your software subscription period has lapsed. Your current
version of Xilinx tools will continue to function, but you no longer qualify for
Xilinx software updates or new releases.

Section 3 - Informational
-------------------------
INFO:Map:220 - The command line option -timing is automatically supported for
   this architecture. Therefore, it is not necessary to specify this option.
INFO:Security:54 - 'xc5vlx50t' is a WebPack part.
INFO:LIT:243 - Logical network N161 has no load.
INFO:LIT:243 - Logical network N162 has no load.
INFO:LIT:243 - Logical network N163 has no load.
INFO:LIT:243 - Logical network N164 has no load.
INFO:LIT:243 - Logical network N165 has no load.
INFO:LIT:243 - Logical network N166 has no load.
INFO:LIT:243 - Logical network N167 has no load.
INFO:LIT:243 - Logical network N168 has no load.
INFO:LIT:243 - Logical network N169 has no load.
INFO:LIT:243 - Logical network N170 has no load.
INFO:LIT:243 - Logical network N171 has no load.
INFO:LIT:243 - Logical network N172 has no load.
INFO:LIT:243 - Logical network N173 has no load.
INFO:LIT:243 - Logical network N174 has no load.
INFO:LIT:243 - Logical network N175 has no load.
INFO:LIT:243 - Logical network N176 has no load.
INFO:LIT:243 - Logical network N177 has no load.
INFO:LIT:243 - Logical network N178 has no load.
INFO:LIT:243 - Logical network N179 has no load.
INFO:LIT:243 - Logical network N180 has no load.
INFO:LIT:243 - Logical network N181 has no load.
INFO:LIT:243 - Logical network N182 has no load.
INFO:LIT:243 - Logical network N183 has no load.
INFO:LIT:243 - Logical network N184 has no load.
INFO:LIT:243 - Logical network N185 has no load.
INFO:LIT:243 - Logical network N186 has no load.
INFO:LIT:243 - Logical network N187 has no load.
INFO:LIT:243 - Logical network N188 has no load.
INFO:LIT:243 - Logical network N189 has no load.
INFO:LIT:243 - Logical network N190 has no load.
INFO:LIT:243 - Logical network N191 has no load.
INFO:LIT:243 - Logical network N192 has no load.
INFO:LIT:243 - Logical network N193 has no load.
INFO:LIT:243 - Logical network N194 has no load.
INFO:LIT:243 - Logical network N195 has no load.
INFO:LIT:243 - Logical network N196 has no load.
INFO:LIT:243 - Logical network N197 has no load.
INFO:LIT:243 - Logical network N198 has no load.
INFO:LIT:243 - Logical network N199 has no load.
INFO:LIT:243 - Logical network N200 has no load.
INFO:LIT:243 - Logical network N201 has no load.
INFO:LIT:243 - Logical network N202 has no load.
INFO:LIT:243 - Logical network N203 has no load.
INFO:LIT:243 - Logical network N204 has no load.
INFO:LIT:243 - Logical network N205 has no load.
INFO:LIT:243 - Logical network N206 has no load.
INFO:LIT:243 - Logical network N207 has no load.
INFO:LIT:243 - Logical network N208 has no load.
INFO:LIT:243 - Logical network N209 has no load.
INFO:LIT:243 - Logical network N210 has no load.
INFO:LIT:243 - Logical network N211 has no load.
INFO:LIT:243 - Logical network N212 has no load.
INFO:LIT:243 - Logical network N213 has no load.
INFO:LIT:243 - Logical network N214 has no load.
INFO:LIT:243 - Logical network N215 has no load.
INFO:LIT:243 - Logical network N216 has no load.
INFO:LIT:243 - Logical network N217 has no load.
INFO:LIT:243 - Logical network N218 has no load.
INFO:LIT:243 - Logical network N219 has no load.
INFO:LIT:243 - Logical network N220 has no load.
INFO:LIT:243 - Logical network N221 has no load.
INFO:LIT:243 - Logical network N222 has no load.
INFO:LIT:243 - Logical network N223 has no load.
INFO:LIT:243 - Logical network N224 has no load.
INFO:LIT:243 - Logical network N240 has no load.
INFO:LIT:243 - Logical network N241 has no load.
INFO:LIT:243 - Logical network N242 has no load.
INFO:LIT:243 - Logical network N243 has no load.
INFO:LIT:243 - Logical network N244 has no load.
INFO:LIT:243 - Logical network N245 has no load.
INFO:LIT:243 - Logical network N246 has no load.
INFO:LIT:243 - Logical network N247 has no load.
INFO:LIT:243 - Logical network N248 has no load.
INFO:LIT:243 - Logical network N249 has no load.
INFO:LIT:243 - Logical network N250 has no load.
INFO:LIT:243 - Logical network N251 has no load.
INFO:LIT:243 - Logical network N252 has no load.
INFO:LIT:243 - Logical network N253 has no load.
INFO:LIT:243 - Logical network N254 has no load.
INFO:LIT:243 - Logical network N255 has no load.
INFO:LIT:243 - Logical network mb_plb_PLB_MBusy<0> has no load.
INFO:LIT:243 - Logical network mb_plb_PLB_MBusy<1> has no load.
INFO:LIT:243 - Logical network mb_plb_PLB_MIRQ<0> has no load.
INFO:LIT:243 - Logical network mb_plb_PLB_MIRQ<1> has no load.
INFO:LIT:243 - Logical network mb_plb_PLB_MRdBTerm<0> has no load.
INFO:LIT:243 - Logical network mb_plb_PLB_MRdBTerm<1> has no load.
INFO:LIT:243 - Logical network mb_plb_PLB_MRdErr<0> has no load.
INFO:LIT:243 - Logical network mb_plb_PLB_MRdErr<1> has no load.
INFO:LIT:243 - Logical network mb_plb_PLB_MRdWdAddr<0> has no load.
INFO:LIT:243 - Logical network mb_plb_PLB_MRdWdAddr<1> has no load.
INFO:LIT:243 - Logical network mb_plb_PLB_MRdWdAddr<2> has no load.
INFO:LIT:243 - Logical network mb_plb_PLB_MRdWdAddr<3> has no load.
INFO:LIT:243 - Logical network mb_plb_PLB_MRearbitrate<0> has no load.
INFO:LIT:243 - Logical network mb_plb_PLB_MRearbitrate<1> has no load.
INFO:LIT:243 - Logical network mb_plb_PLB_MSSize<0> has no load.
INFO:LIT:243 - Logical network mb_plb_PLB_MSSize<1> has no load.
INFO:LIT:243 - Logical network mb_plb_PLB_MSSize<2> has no load.
INFO:LIT:243 - Logical network mb_plb_PLB_MSSize<3> has no load.
INFO:LIT:243 - Logical network mb_plb_PLB_MSize<0> has no load.
INFO:LIT:243 - Logical network mb_plb_PLB_MSize<1> has no load.
INFO:LIT:243 - Logical network mb_plb_PLB_MWrBTerm<0> has no load.
INFO:LIT:243 - Logical network mb_plb_PLB_MWrBTerm<1> has no load.
INFO:LIT:243 - Logical network mb_plb_PLB_MWrErr<0> has no load.
INFO:LIT:243 - Logical network mb_plb_PLB_MWrErr<1> has no load.
INFO:LIT:243 - Logical network mb_plb_PLB_TAttribute<0> has no load.
INFO:LIT:243 - Logical network mb_plb_PLB_TAttribute<10> has no load.
INFO:LIT:243 - Logical network mb_plb_PLB_TAttribute<11> has no load.
INFO:LIT:243 - Logical network mb_plb_PLB_TAttribute<12> has no load.
INFO:LIT:243 - Logical network mb_plb_PLB_TAttribute<13> has no load.
INFO:LIT:243 - Logical network mb_plb_PLB_TAttribute<14> has no load.
INFO:LIT:243 - Logical network mb_plb_PLB_TAttribute<15> has no load.
INFO:LIT:243 - Logical network mb_plb_PLB_TAttribute<1> has no load.
INFO:LIT:243 - Logical network mb_plb_PLB_TAttribute<2> has no load.
INFO:LIT:243 - Logical network mb_plb_PLB_TAttribute<3> has no load.
INFO:LIT:243 - Logical network mb_plb_PLB_TAttribute<4> has no load.
INFO:LIT:243 - Logical network mb_plb_PLB_TAttribute<5> has no load.
INFO:LIT:243 - Logical network mb_plb_PLB_TAttribute<6> has no load.
INFO:LIT:243 - Logical network mb_plb_PLB_TAttribute<7> has no load.
INFO:LIT:243 - Logical network mb_plb_PLB_TAttribute<8> has no load.
INFO:LIT:243 - Logical network mb_plb_PLB_TAttribute<9> has no load.
INFO:LIT:243 - Logical network mb_plb_PLB_UABus<0> has no load.
INFO:LIT:243 - Logical network mb_plb_PLB_UABus<10> has no load.
INFO:LIT:243 - Logical network mb_plb_PLB_UABus<11> has no load.
INFO:LIT:243 - Logical network mb_plb_PLB_UABus<12> has no load.
INFO:LIT:243 - Logical network mb_plb_PLB_UABus<13> has no load.
INFO:LIT:243 - Logical network mb_plb_PLB_UABus<14> has no load.
INFO:LIT:243 - Logical network mb_plb_PLB_UABus<15> has no load.
INFO:LIT:243 - Logical network mb_plb_PLB_UABus<16> has no load.
INFO:LIT:243 - Logical network mb_plb_PLB_UABus<17> has no load.
INFO:LIT:243 - Logical network mb_plb_PLB_UABus<18> has no load.
INFO:LIT:243 - Logical network mb_plb_PLB_UABus<19> has no load.
INFO:LIT:243 - Logical network mb_plb_PLB_UABus<1> has no load.
INFO:LIT:243 - Logical network mb_plb_PLB_UABus<20> has no load.
INFO:LIT:243 - Logical network mb_plb_PLB_UABus<21> has no load.
INFO:LIT:243 - Logical network mb_plb_PLB_UABus<22> has no load.
INFO:LIT:243 - Logical network mb_plb_PLB_UABus<23> has no load.
INFO:LIT:243 - Logical network mb_plb_PLB_UABus<24> has no load.
INFO:LIT:243 - Logical network mb_plb_PLB_UABus<25> has no load.
INFO:LIT:243 - Logical network mb_plb_PLB_UABus<26> has no load.
INFO:LIT:243 - Logical network mb_plb_PLB_UABus<27> has no load.
INFO:LIT:243 - Logical network mb_plb_PLB_UABus<28> has no load.
INFO:LIT:243 - Logical network mb_plb_PLB_UABus<29> has no load.
INFO:LIT:243 - Logical network mb_plb_PLB_UABus<2> has no load.
INFO:LIT:243 - Logical network mb_plb_PLB_UABus<30> has no load.
INFO:LIT:243 - Logical network mb_plb_PLB_UABus<31> has no load.
INFO:LIT:243 - Logical network mb_plb_PLB_UABus<3> has no load.
INFO:LIT:243 - Logical network mb_plb_PLB_UABus<4> has no load.
INFO:LIT:243 - Logical network mb_plb_PLB_UABus<5> has no load.
INFO:LIT:243 - Logical network mb_plb_PLB_UABus<6> has no load.
INFO:LIT:243 - Logical network mb_plb_PLB_UABus<7> has no load.
INFO:LIT:243 - Logical network mb_plb_PLB_UABus<8> has no load.
INFO:LIT:243 - Logical network mb_plb_PLB_UABus<9> has no load.
INFO:LIT:243 - Logical network mb_plb_PLB_busLock has no load.
INFO:LIT:243 - Logical network mb_plb_PLB_lockErr has no load.
INFO:LIT:243 - Logical network mb_plb_PLB_rdPendPri<0> has no load.
INFO:LIT:243 - Logical network mb_plb_PLB_rdPendPri<1> has no load.
INFO:LIT:243 - Logical network mb_plb_PLB_rdPendReq has no load.
INFO:LIT:243 - Logical network mb_plb_PLB_rdPrim<0> has no load.
INFO:LIT:243 - Logical network mb_plb_PLB_wrBurst has no load.
INFO:LIT:243 - Logical network mb_plb_PLB_wrPendPri<0> has no load.
INFO:LIT:243 - Logical network mb_plb_PLB_wrPendPri<1> has no load.
INFO:LIT:243 - Logical network mb_plb_PLB_wrPendReq has no load.
INFO:LIT:243 - Logical network mb_plb_PLB_wrPrim<0> has no load.
INFO:LIT:243 - Logical network
   microblaze_0/microblaze_0/MicroBlaze_Core_I/Performance.Use_Debug_Logic.Maste
   r_Core.Debug_Perf/Dbg_Wakeup has no load.
INFO:LIT:243 - Logical network microblaze_0/LOCKSTEP_MASTER_OUT<1> has no load.
INFO:LIT:243 - Logical network microblaze_0/microblaze_0/LOCKSTEP_Out<3818> has
   no load.
INFO:LIT:243 - Logical network microblaze_0/microblaze_0/LOCKSTEP_Out<2> has no
   load.
INFO:LIT:243 - Logical network microblaze_0/microblaze_0/LOCKSTEP_Out<3> has no
   load.
INFO:LIT:243 - Logical network microblaze_0/microblaze_0/LOCKSTEP_Out<4> has no
   load.
INFO:LIT:243 - Logical network microblaze_0/microblaze_0/LOCKSTEP_Out<5> has no
   load.
INFO:LIT:243 - Logical network microblaze_0/microblaze_0/LOCKSTEP_Out<6> has no
   load.
INFO:LIT:243 - Logical network microblaze_0/microblaze_0/LOCKSTEP_Out<7> has no
   load.
INFO:LIT:243 - Logical network microblaze_0/microblaze_0/LOCKSTEP_Out<8> has no
   load.
INFO:LIT:243 - Logical network microblaze_0/microblaze_0/LOCKSTEP_Out<9> has no
   load.
INFO:LIT:243 - Logical network microblaze_0/microblaze_0/LOCKSTEP_Out<10> has no
   load.
INFO:LIT:243 - Logical network microblaze_0/microblaze_0/LOCKSTEP_Out<11> has no
   load.
INFO:LIT:243 - Logical network microblaze_0/microblaze_0/LOCKSTEP_Out<12> has no
   load.
INFO:LIT:243 - Logical network microblaze_0/microblaze_0/LOCKSTEP_Out<13> has no
   load.
INFO:LIT:243 - Logical network microblaze_0/microblaze_0/LOCKSTEP_Out<14> has no
   load.
INFO:LIT:243 - Logical network microblaze_0/microblaze_0/LOCKSTEP_Out<15> has no
   load.
INFO:LIT:243 - Logical network microblaze_0/microblaze_0/LOCKSTEP_Out<16> has no
   load.
INFO:LIT:243 - Logical network microblaze_0/microblaze_0/LOCKSTEP_Out<17> has no
   load.
INFO:LIT:243 - Logical network microblaze_0/microblaze_0/LOCKSTEP_Out<18> has no
   load.
INFO:LIT:243 - Logical network microblaze_0/microblaze_0/LOCKSTEP_Out<19> has no
   load.
INFO:LIT:243 - Logical network microblaze_0/microblaze_0/LOCKSTEP_Out<20> has no
   load.
INFO:LIT:243 - Logical network microblaze_0/microblaze_0/LOCKSTEP_Out<21> has no
   load.
INFO:LIT:243 - Logical network microblaze_0/microblaze_0/LOCKSTEP_Out<22> has no
   load.
INFO:LIT:243 - Logical network microblaze_0/microblaze_0/LOCKSTEP_Out<23> has no
   load.
INFO:LIT:243 - Logical network microblaze_0/microblaze_0/LOCKSTEP_Out<24> has no
   load.
INFO:LIT:243 - Logical network microblaze_0/microblaze_0/LOCKSTEP_Out<25> has no
   load.
INFO:LIT:243 - Logical network microblaze_0/microblaze_0/LOCKSTEP_Out<26> has no
   load.
INFO:LIT:243 - Logical network microblaze_0/microblaze_0/LOCKSTEP_Out<27> has no
   load.
INFO:LIT:243 - Logical network microblaze_0/microblaze_0/LOCKSTEP_Out<28> has no
   load.
INFO:LIT:243 - Logical network microblaze_0/microblaze_0/LOCKSTEP_Out<29> has no
   load.
INFO:LIT:243 - Logical network microblaze_0/microblaze_0/LOCKSTEP_Out<30> has no
   load.
INFO:LIT:243 - Logical network microblaze_0/microblaze_0/LOCKSTEP_Out<31> has no
   load.
INFO:LIT:243 - Logical network microblaze_0/microblaze_0/LOCKSTEP_Out<32> has no
   load.
INFO:LIT:243 - Logical network microblaze_0/microblaze_0/LOCKSTEP_Out<33> has no
   load.
INFO:LIT:243 - Logical network microblaze_0/microblaze_0/LOCKSTEP_Out<34> has no
   load.
INFO:LIT:243 - Logical network microblaze_0/microblaze_0/LOCKSTEP_Out<35> has no
   load.
INFO:LIT:243 - Logical network microblaze_0/microblaze_0/LOCKSTEP_Out<36> has no
   load.
INFO:LIT:243 - Logical network microblaze_0/microblaze_0/LOCKSTEP_Out<37> has no
   load.
INFO:LIT:243 - Logical network microblaze_0/microblaze_0/LOCKSTEP_Out<38> has no
   load.
INFO:LIT:243 - Logical network microblaze_0/microblaze_0/LOCKSTEP_Out<39> has no
   load.
INFO:LIT:243 - Logical network microblaze_0/microblaze_0/LOCKSTEP_Out<40> has no
   load.
INFO:LIT:243 - Logical network microblaze_0/microblaze_0/LOCKSTEP_Out<41> has no
   load.
INFO:LIT:243 - Logical network microblaze_0/microblaze_0/LOCKSTEP_Out<42> has no
   load.
INFO:LIT:243 - Logical network microblaze_0/microblaze_0/LOCKSTEP_Out<43> has no
   load.
INFO:LIT:243 - Logical network microblaze_0/microblaze_0/LOCKSTEP_Out<44> has no
   load.
INFO:LIT:243 - Logical network microblaze_0/microblaze_0/LOCKSTEP_Out<45> has no
   load.
INFO:LIT:243 - Logical network microblaze_0/microblaze_0/LOCKSTEP_Out<46> has no
   load.
INFO:LIT:243 - Logical network microblaze_0/microblaze_0/LOCKSTEP_Out<47> has no
   load.
INFO:LIT:243 - Logical network microblaze_0/microblaze_0/LOCKSTEP_Out<48> has no
   load.
INFO:LIT:243 - Logical network microblaze_0/microblaze_0/LOCKSTEP_Out<49> has no
   load.
INFO:LIT:243 - Logical network microblaze_0/microblaze_0/LOCKSTEP_Out<50> has no
   load.
INFO:LIT:243 - Logical network microblaze_0/microblaze_0/LOCKSTEP_Out<51> has no
   load.
INFO:LIT:243 - Logical network microblaze_0/microblaze_0/LOCKSTEP_Out<52> has no
   load.
INFO:LIT:243 - Logical network microblaze_0/microblaze_0/LOCKSTEP_Out<53> has no
   load.
INFO:LIT:243 - Logical network microblaze_0/microblaze_0/LOCKSTEP_Out<54> has no
   load.
INFO:LIT:243 - Logical network microblaze_0/microblaze_0/LOCKSTEP_Out<55> has no
   load.
INFO:LIT:243 - Logical network microblaze_0/microblaze_0/LOCKSTEP_Out<56> has no
   load.
INFO:LIT:243 - Logical network microblaze_0/microblaze_0/LOCKSTEP_Out<57> has no
   load.
INFO:LIT:243 - Logical network microblaze_0/microblaze_0/LOCKSTEP_Out<58> has no
   load.
INFO:LIT:243 - Logical network microblaze_0/microblaze_0/LOCKSTEP_Out<59> has no
   load.
INFO:LIT:243 - Logical network microblaze_0/microblaze_0/LOCKSTEP_Out<60> has no
   load.
INFO:LIT:243 - Logical network microblaze_0/microblaze_0/LOCKSTEP_Out<61> has no
   load.
INFO:LIT:243 - Logical network microblaze_0/microblaze_0/LOCKSTEP_Out<62> has no
   load.
INFO:LIT:243 - Logical network microblaze_0/microblaze_0/LOCKSTEP_Out<63> has no
   load.
INFO:LIT:243 - Logical network microblaze_0/microblaze_0/LOCKSTEP_Out<64> has no
   load.
INFO:LIT:243 - Logical network microblaze_0/microblaze_0/LOCKSTEP_Out<65> has no
   load.
INFO:LIT:243 - Logical network microblaze_0/microblaze_0/LOCKSTEP_Out<66> has no
   load.
INFO:LIT:243 - Logical network microblaze_0/microblaze_0/LOCKSTEP_Out<67> has no
   load.
INFO:LIT:243 - Logical network microblaze_0/microblaze_0/LOCKSTEP_Out<68> has no
   load.
INFO:LIT:243 - Logical network microblaze_0/microblaze_0/LOCKSTEP_Out<69> has no
   load.
INFO:LIT:243 - Logical network microblaze_0/microblaze_0/LOCKSTEP_Out<70> has no
   load.
INFO:LIT:243 - Logical network microblaze_0/microblaze_0/LOCKSTEP_Out<71> has no
   load.
INFO:LIT:243 - Logical network microblaze_0/microblaze_0/LOCKSTEP_Out<72> has no
   load.
INFO:LIT:243 - Logical network microblaze_0/microblaze_0/LOCKSTEP_Out<73> has no
   load.
INFO:LIT:243 - Logical network microblaze_0/microblaze_0/LOCKSTEP_Out<74> has no
   load.
INFO:LIT:243 - Logical network microblaze_0/microblaze_0/LOCKSTEP_Out<75> has no
   load.
INFO:LIT:243 - Logical network microblaze_0/microblaze_0/LOCKSTEP_Out<76> has no
   load.
INFO:LIT:243 - Logical network microblaze_0/microblaze_0/LOCKSTEP_Out<77> has no
   load.
INFO:LIT:243 - Logical network microblaze_0/microblaze_0/LOCKSTEP_Out<78> has no
   load.
INFO:LIT:243 - Logical network microblaze_0/microblaze_0/LOCKSTEP_Out<79> has no
   load.
INFO:LIT:243 - Logical network microblaze_0/microblaze_0/LOCKSTEP_Out<80> has no
   load.
INFO:LIT:243 - Logical network microblaze_0/microblaze_0/LOCKSTEP_Out<81> has no
   load.
INFO:LIT:243 - Logical network microblaze_0/microblaze_0/LOCKSTEP_Out<82> has no
   load.
INFO:LIT:243 - Logical network microblaze_0/microblaze_0/LOCKSTEP_Out<83> has no
   load.
INFO:LIT:243 - Logical network microblaze_0/microblaze_0/LOCKSTEP_Out<84> has no
   load.
INFO:LIT:243 - Logical network microblaze_0/microblaze_0/LOCKSTEP_Out<85> has no
   load.
INFO:LIT:243 - Logical network microblaze_0/microblaze_0/LOCKSTEP_Out<86> has no
   load.
INFO:LIT:243 - Logical network microblaze_0/microblaze_0/LOCKSTEP_Out<87> has no
   load.
INFO:LIT:243 - Logical network microblaze_0/microblaze_0/LOCKSTEP_Out<88> has no
   load.
INFO:LIT:243 - Logical network microblaze_0/microblaze_0/LOCKSTEP_Out<89> has no
   load.
INFO:LIT:243 - Logical network microblaze_0/microblaze_0/LOCKSTEP_Out<90> has no
   load.
INFO:LIT:243 - Logical network microblaze_0/microblaze_0/LOCKSTEP_Out<91> has no
   load.
INFO:LIT:243 - Logical network microblaze_0/microblaze_0/LOCKSTEP_Out<92> has no
   load.
INFO:LIT:243 - Logical network microblaze_0/microblaze_0/LOCKSTEP_Out<93> has no
   load.
INFO:LIT:243 - Logical network microblaze_0/microblaze_0/LOCKSTEP_Out<94> has no
   load.
INFO:LIT:243 - Logical network microblaze_0/microblaze_0/LOCKSTEP_Out<95> has no
   load.
INFO:LIT:243 - Logical network microblaze_0/microblaze_0/LOCKSTEP_Out<96> has no
   load.
INFO:LIT:243 - Logical network microblaze_0/microblaze_0/LOCKSTEP_Out<97> has no
   load.
INFO:LIT:243 - Logical network microblaze_0/microblaze_0/LOCKSTEP_Out<98> has no
   load.
INFO:LIT:243 - Logical network microblaze_0/microblaze_0/LOCKSTEP_Out<99> has no
   load.
INFO:LIT:243 - Logical network microblaze_0/microblaze_0/LOCKSTEP_Out<100> has
   no load.
INFO:LIT:243 - Logical network microblaze_0/microblaze_0/LOCKSTEP_Out<101> has
   no load.
INFO:LIT:243 - Logical network microblaze_0/microblaze_0/LOCKSTEP_Out<102> has
   no load.
INFO:LIT:243 - Logical network microblaze_0/microblaze_0/LOCKSTEP_Out<103> has
   no load.
INFO:LIT:243 - Logical network microblaze_0/microblaze_0/LOCKSTEP_Out<104> has
   no load.
INFO:LIT:243 - Logical network microblaze_0/microblaze_0/LOCKSTEP_Out<105> has
   no load.
INFO:LIT:243 - Logical network microblaze_0/microblaze_0/LOCKSTEP_Out<106> has
   no load.
INFO:LIT:243 - Logical network microblaze_0/microblaze_0/LOCKSTEP_Out<111> has
   no load.
INFO:LIT:243 - Logical network microblaze_0/microblaze_0/LOCKSTEP_Out<2857> has
   no load.
INFO:LIT:243 - Logical network microblaze_0/microblaze_0/LOCKSTEP_Out<118> has
   no load.
INFO:LIT:243 - Logical network microblaze_0/microblaze_0/LOCKSTEP_Out<119> has
   no load.
INFO:LIT:243 - Logical network microblaze_0/microblaze_0/LOCKSTEP_Out<120> has
   no load.
INFO:LIT:243 - Logical network microblaze_0/microblaze_0/LOCKSTEP_Out<121> has
   no load.
INFO:LIT:243 - Logical network microblaze_0/microblaze_0/LOCKSTEP_Out<122> has
   no load.
INFO:LIT:243 - Logical network microblaze_0/microblaze_0/LOCKSTEP_Out<123> has
   no load.
INFO:LIT:243 - Logical network microblaze_0/microblaze_0/LOCKSTEP_Out<124> has
   no load.
INFO:LIT:243 - Logical network microblaze_0/microblaze_0/LOCKSTEP_Out<125> has
   no load.
INFO:LIT:243 - Logical network microblaze_0/microblaze_0/LOCKSTEP_Out<126> has
   no load.
INFO:LIT:243 - Logical network microblaze_0/microblaze_0/LOCKSTEP_Out<127> has
   no load.
INFO:LIT:243 - Logical network microblaze_0/microblaze_0/LOCKSTEP_Out<128> has
   no load.
INFO:LIT:243 - Logical network microblaze_0/microblaze_0/LOCKSTEP_Out<129> has
   no load.
INFO:LIT:243 - Logical network microblaze_0/microblaze_0/LOCKSTEP_Out<130> has
   no load.
INFO:LIT:243 - Logical network microblaze_0/microblaze_0/LOCKSTEP_Out<131> has
   no load.
INFO:LIT:243 - Logical network microblaze_0/microblaze_0/LOCKSTEP_Out<132> has
   no load.
INFO:LIT:243 - Logical network microblaze_0/microblaze_0/LOCKSTEP_Out<133> has
   no load.
INFO:LIT:243 - Logical network microblaze_0/microblaze_0/LOCKSTEP_Out<134> has
   no load.
INFO:LIT:243 - Logical network microblaze_0/microblaze_0/LOCKSTEP_Out<135> has
   no load.
INFO:LIT:243 - Logical network microblaze_0/microblaze_0/LOCKSTEP_Out<136> has
   no load.
INFO:LIT:243 - Logical network microblaze_0/microblaze_0/LOCKSTEP_Out<137> has
   no load.
INFO:LIT:243 - Logical network microblaze_0/microblaze_0/LOCKSTEP_Out<138> has
   no load.
INFO:LIT:243 - Logical network microblaze_0/microblaze_0/LOCKSTEP_Out<139> has
   no load.
INFO:LIT:243 - Logical network microblaze_0/microblaze_0/LOCKSTEP_Out<140> has
   no load.
INFO:LIT:243 - Logical network microblaze_0/microblaze_0/LOCKSTEP_Out<141> has
   no load.
INFO:LIT:243 - Logical network microblaze_0/microblaze_0/LOCKSTEP_Out<142> has
   no load.
INFO:LIT:243 - Logical network microblaze_0/microblaze_0/LOCKSTEP_Out<143> has
   no load.
INFO:LIT:243 - Logical network microblaze_0/microblaze_0/LOCKSTEP_Out<144> has
   no load.
INFO:LIT:243 - Logical network microblaze_0/microblaze_0/LOCKSTEP_Out<145> has
   no load.
INFO:LIT:243 - Logical network microblaze_0/microblaze_0/LOCKSTEP_Out<146> has
   no load.
INFO:LIT:243 - Logical network microblaze_0/microblaze_0/LOCKSTEP_Out<147> has
   no load.
INFO:LIT:243 - Logical network microblaze_0/microblaze_0/LOCKSTEP_Out<148> has
   no load.
INFO:LIT:243 - Logical network microblaze_0/microblaze_0/LOCKSTEP_Out<149> has
   no load.
INFO:LIT:243 - Logical network microblaze_0/microblaze_0/LOCKSTEP_Out<353> has
   no load.
INFO:LIT:243 - Logical network microblaze_0/microblaze_0/LOCKSTEP_Out<354> has
   no load.
INFO:LIT:243 - Logical network microblaze_0/microblaze_0/LOCKSTEP_Out<356> has
   no load.
INFO:LIT:243 - Logical network microblaze_0/microblaze_0/LOCKSTEP_Out<357> has
   no load.
INFO:LIT:243 - Logical network microblaze_0/microblaze_0/LOCKSTEP_Out<358> has
   no load.
INFO:LIT:243 - Logical network microblaze_0/microblaze_0/LOCKSTEP_Out<359> has
   no load.
INFO:LIT:243 - Logical network microblaze_0/microblaze_0/LOCKSTEP_Out<360> has
   no load.
INFO:LIT:243 - Logical network microblaze_0/microblaze_0/LOCKSTEP_Out<361> has
   no load.
INFO:LIT:243 - Logical network microblaze_0/microblaze_0/LOCKSTEP_Out<362> has
   no load.
INFO:LIT:243 - Logical network microblaze_0/microblaze_0/LOCKSTEP_Out<363> has
   no load.
INFO:LIT:243 - Logical network microblaze_0/microblaze_0/LOCKSTEP_Out<364> has
   no load.
INFO:LIT:243 - Logical network microblaze_0/microblaze_0/LOCKSTEP_Out<365> has
   no load.
INFO:LIT:243 - Logical network microblaze_0/microblaze_0/LOCKSTEP_Out<366> has
   no load.
INFO:LIT:243 - Logical network microblaze_0/microblaze_0/LOCKSTEP_Out<367> has
   no load.
INFO:LIT:243 - Logical network microblaze_0/microblaze_0/LOCKSTEP_Out<368> has
   no load.
INFO:LIT:243 - Logical network microblaze_0/microblaze_0/LOCKSTEP_Out<369> has
   no load.
INFO:LIT:243 - Logical network microblaze_0/microblaze_0/LOCKSTEP_Out<370> has
   no load.
INFO:LIT:243 - Logical network microblaze_0/microblaze_0/LOCKSTEP_Out<371> has
   no load.
INFO:LIT:243 - Logical network microblaze_0/microblaze_0/LOCKSTEP_Out<372> has
   no load.
INFO:LIT:243 - Logical network microblaze_0/microblaze_0/LOCKSTEP_Out<373> has
   no load.
INFO:LIT:243 - Logical network microblaze_0/microblaze_0/LOCKSTEP_Out<374> has
   no load.
INFO:LIT:243 - Logical network microblaze_0/microblaze_0/LOCKSTEP_Out<375> has
   no load.
INFO:LIT:243 - Logical network microblaze_0/microblaze_0/LOCKSTEP_Out<376> has
   no load.
INFO:LIT:243 - Logical network microblaze_0/microblaze_0/LOCKSTEP_Out<377> has
   no load.
INFO:LIT:243 - Logical network microblaze_0/microblaze_0/LOCKSTEP_Out<378> has
   no load.
INFO:LIT:243 - Logical network microblaze_0/microblaze_0/LOCKSTEP_Out<379> has
   no load.
INFO:LIT:243 - Logical network microblaze_0/microblaze_0/LOCKSTEP_Out<380> has
   no load.
INFO:LIT:243 - Logical network microblaze_0/microblaze_0/LOCKSTEP_Out<381> has
   no load.
INFO:LIT:243 - Logical network microblaze_0/microblaze_0/LOCKSTEP_Out<382> has
   no load.
INFO:LIT:243 - Logical network microblaze_0/microblaze_0/LOCKSTEP_Out<383> has
   no load.
INFO:LIT:243 - Logical network microblaze_0/microblaze_0/LOCKSTEP_Out<384> has
   no load.
INFO:LIT:243 - Logical network microblaze_0/microblaze_0/LOCKSTEP_Out<385> has
   no load.
INFO:LIT:243 - Logical network microblaze_0/microblaze_0/LOCKSTEP_Out<386> has
   no load.
INFO:LIT:243 - Logical network microblaze_0/microblaze_0/LOCKSTEP_Out<387> has
   no load.
INFO:LIT:243 - Logical network microblaze_0/microblaze_0/LOCKSTEP_Out<420> has
   no load.
INFO:LIT:243 - Logical network microblaze_0/microblaze_0/LOCKSTEP_Out<421> has
   no load.
INFO:LIT:243 - Logical network microblaze_0/microblaze_0/LOCKSTEP_Out<422> has
   no load.
INFO:LIT:243 - Logical network microblaze_0/microblaze_0/LOCKSTEP_Out<423> has
   no load.
INFO:LIT:243 - Logical network microblaze_0/microblaze_0/LOCKSTEP_Out<463> has
   no load.
INFO:LIT:243 - Logical network microblaze_0/microblaze_0/LOCKSTEP_Out<464> has
   no load.
INFO:LIT:243 - Logical network microblaze_0/microblaze_0/LOCKSTEP_Out<465> has
   no load.
INFO:LIT:243 - Logical network microblaze_0/microblaze_0/LOCKSTEP_Out<466> has
   no load.
INFO:LIT:243 - Logical network microblaze_0/microblaze_0/LOCKSTEP_Out<467> has
   no load.
INFO:LIT:243 - Logical network microblaze_0/microblaze_0/LOCKSTEP_Out<468> has
   no load.
INFO:LIT:243 - Logical network microblaze_0/microblaze_0/LOCKSTEP_Out<469> has
   no load.
INFO:LIT:243 - Logical network microblaze_0/microblaze_0/LOCKSTEP_Out<470> has
   no load.
INFO:LIT:243 - Logical network microblaze_0/microblaze_0/LOCKSTEP_Out<471> has
   no load.
INFO:LIT:243 - Logical network microblaze_0/microblaze_0/LOCKSTEP_Out<472> has
   no load.
INFO:LIT:243 - Logical network microblaze_0/microblaze_0/LOCKSTEP_Out<473> has
   no load.
INFO:LIT:243 - Logical network microblaze_0/microblaze_0/LOCKSTEP_Out<474> has
   no load.
INFO:LIT:243 - Logical network microblaze_0/microblaze_0/LOCKSTEP_Out<475> has
   no load.
INFO:LIT:243 - Logical network microblaze_0/microblaze_0/LOCKSTEP_Out<476> has
   no load.
INFO:LIT:243 - Logical network microblaze_0/microblaze_0/LOCKSTEP_Out<477> has
   no load.
INFO:LIT:243 - Logical network microblaze_0/microblaze_0/LOCKSTEP_Out<478> has
   no load.
INFO:LIT:243 - Logical network microblaze_0/microblaze_0/LOCKSTEP_Out<479> has
   no load.
INFO:LIT:243 - Logical network microblaze_0/microblaze_0/LOCKSTEP_Out<480> has
   no load.
INFO:LIT:243 - Logical network microblaze_0/microblaze_0/LOCKSTEP_Out<481> has
   no load.
INFO:LIT:243 - Logical network microblaze_0/microblaze_0/LOCKSTEP_Out<482> has
   no load.
INFO:LIT:243 - Logical network microblaze_0/microblaze_0/LOCKSTEP_Out<483> has
   no load.
INFO:LIT:243 - Logical network microblaze_0/microblaze_0/LOCKSTEP_Out<484> has
   no load.
INFO:LIT:243 - Logical network microblaze_0/microblaze_0/LOCKSTEP_Out<485> has
   no load.
INFO:LIT:243 - Logical network microblaze_0/microblaze_0/LOCKSTEP_Out<486> has
   no load.
INFO:LIT:243 - Logical network microblaze_0/microblaze_0/LOCKSTEP_Out<487> has
   no load.
INFO:LIT:243 - Logical network microblaze_0/microblaze_0/LOCKSTEP_Out<488> has
   no load.
INFO:LIT:243 - Logical network microblaze_0/microblaze_0/LOCKSTEP_Out<489> has
   no load.
INFO:LIT:243 - Logical network microblaze_0/microblaze_0/LOCKSTEP_Out<490> has
   no load.
INFO:LIT:243 - Logical network microblaze_0/microblaze_0/LOCKSTEP_Out<491> has
   no load.
INFO:LIT:243 - Logical network microblaze_0/microblaze_0/LOCKSTEP_Out<492> has
   no load.
INFO:LIT:243 - Logical network microblaze_0/microblaze_0/LOCKSTEP_Out<493> has
   no load.
INFO:LIT:243 - Logical network microblaze_0/microblaze_0/LOCKSTEP_Out<494> has
   no load.
INFO:LIT:243 - Logical network microblaze_0/microblaze_0/LOCKSTEP_Out<592> has
   no load.
INFO:LIT:243 - Logical network microblaze_0/microblaze_0/LOCKSTEP_Out<594> has
   no load.
INFO:LIT:243 - Logical network microblaze_0/microblaze_0/LOCKSTEP_Out<595> has
   no load.
INFO:LIT:243 - Logical network microblaze_0/microblaze_0/LOCKSTEP_Out<596> has
   no load.
INFO:LIT:243 - Logical network microblaze_0/microblaze_0/LOCKSTEP_Out<597> has
   no load.
INFO:LIT:243 - Logical network microblaze_0/microblaze_0/LOCKSTEP_Out<598> has
   no load.
INFO:LIT:243 - Logical network microblaze_0/microblaze_0/LOCKSTEP_Out<599> has
   no load.
INFO:LIT:243 - Logical network microblaze_0/microblaze_0/LOCKSTEP_Out<600> has
   no load.
INFO:LIT:243 - Logical network microblaze_0/microblaze_0/LOCKSTEP_Out<601> has
   no load.
INFO:LIT:243 - Logical network microblaze_0/microblaze_0/LOCKSTEP_Out<602> has
   no load.
INFO:LIT:243 - Logical network microblaze_0/microblaze_0/LOCKSTEP_Out<603> has
   no load.
INFO:LIT:243 - Logical network microblaze_0/microblaze_0/LOCKSTEP_Out<604> has
   no load.
INFO:LIT:243 - Logical network microblaze_0/microblaze_0/LOCKSTEP_Out<605> has
   no load.
INFO:LIT:243 - Logical network microblaze_0/microblaze_0/LOCKSTEP_Out<606> has
   no load.
INFO:LIT:243 - Logical network microblaze_0/microblaze_0/LOCKSTEP_Out<607> has
   no load.
INFO:LIT:243 - Logical network microblaze_0/microblaze_0/LOCKSTEP_Out<608> has
   no load.
INFO:LIT:243 - Logical network microblaze_0/microblaze_0/LOCKSTEP_Out<609> has
   no load.
INFO:LIT:243 - Logical network microblaze_0/microblaze_0/LOCKSTEP_Out<610> has
   no load.
INFO:LIT:243 - Logical network microblaze_0/microblaze_0/LOCKSTEP_Out<611> has
   no load.
INFO:LIT:243 - Logical network microblaze_0/microblaze_0/LOCKSTEP_Out<612> has
   no load.
INFO:LIT:243 - Logical network microblaze_0/microblaze_0/LOCKSTEP_Out<613> has
   no load.
INFO:LIT:243 - Logical network microblaze_0/microblaze_0/LOCKSTEP_Out<614> has
   no load.
INFO:LIT:243 - Logical network microblaze_0/microblaze_0/LOCKSTEP_Out<615> has
   no load.
INFO:LIT:243 - Logical network microblaze_0/microblaze_0/LOCKSTEP_Out<616> has
   no load.
INFO:LIT:243 - Logical network microblaze_0/microblaze_0/LOCKSTEP_Out<617> has
   no load.
INFO:LIT:243 - Logical network microblaze_0/microblaze_0/LOCKSTEP_Out<618> has
   no load.
INFO:LIT:243 - Logical network microblaze_0/microblaze_0/LOCKSTEP_Out<619> has
   no load.
INFO:LIT:243 - Logical network microblaze_0/microblaze_0/LOCKSTEP_Out<620> has
   no load.
INFO:LIT:243 - Logical network microblaze_0/microblaze_0/LOCKSTEP_Out<621> has
   no load.
INFO:LIT:243 - Logical network microblaze_0/microblaze_0/LOCKSTEP_Out<622> has
   no load.
INFO:LIT:243 - Logical network microblaze_0/microblaze_0/LOCKSTEP_Out<623> has
   no load.
INFO:LIT:243 - Logical network microblaze_0/microblaze_0/LOCKSTEP_Out<624> has
   no load.
INFO:LIT:243 - Logical network microblaze_0/microblaze_0/LOCKSTEP_Out<629> has
   no load.
INFO:LIT:243 - Logical network microblaze_0/microblaze_0/LOCKSTEP_Out<631> has
   no load.
INFO:LIT:243 - Logical network microblaze_0/microblaze_0/LOCKSTEP_Out<632> has
   no load.
INFO:LIT:243 - Logical network microblaze_0/microblaze_0/LOCKSTEP_Out<633> has
   no load.
INFO:LIT:243 - Logical network microblaze_0/microblaze_0/LOCKSTEP_Out<634> has
   no load.
INFO:LIT:243 - Logical network microblaze_0/microblaze_0/LOCKSTEP_Out<635> has
   no load.
INFO:LIT:243 - Logical network microblaze_0/microblaze_0/LOCKSTEP_Out<636> has
   no load.
INFO:LIT:243 - Logical network microblaze_0/microblaze_0/LOCKSTEP_Out<637> has
   no load.
INFO:LIT:243 - Logical network microblaze_0/microblaze_0/LOCKSTEP_Out<638> has
   no load.
INFO:LIT:243 - Logical network microblaze_0/microblaze_0/LOCKSTEP_Out<639> has
   no load.
INFO:LIT:243 - Logical network microblaze_0/microblaze_0/LOCKSTEP_Out<640> has
   no load.
INFO:LIT:243 - Logical network microblaze_0/microblaze_0/LOCKSTEP_Out<641> has
   no load.
INFO:LIT:243 - Logical network microblaze_0/microblaze_0/LOCKSTEP_Out<642> has
   no load.
INFO:LIT:243 - Logical network microblaze_0/microblaze_0/LOCKSTEP_Out<643> has
   no load.
INFO:LIT:243 - Logical network microblaze_0/microblaze_0/LOCKSTEP_Out<644> has
   no load.
INFO:LIT:243 - Logical network microblaze_0/microblaze_0/LOCKSTEP_Out<645> has
   no load.
INFO:LIT:243 - Logical network microblaze_0/microblaze_0/LOCKSTEP_Out<646> has
   no load.
INFO:LIT:243 - Logical network microblaze_0/microblaze_0/LOCKSTEP_Out<647> has
   no load.
INFO:LIT:243 - Logical network microblaze_0/microblaze_0/LOCKSTEP_Out<648> has
   no load.
INFO:LIT:243 - Logical network microblaze_0/microblaze_0/LOCKSTEP_Out<649> has
   no load.
INFO:LIT:243 - Logical network microblaze_0/microblaze_0/LOCKSTEP_Out<650> has
   no load.
INFO:LIT:243 - Logical network microblaze_0/microblaze_0/LOCKSTEP_Out<651> has
   no load.
INFO:LIT:243 - Logical network microblaze_0/microblaze_0/LOCKSTEP_Out<652> has
   no load.
INFO:LIT:243 - Logical network microblaze_0/microblaze_0/LOCKSTEP_Out<653> has
   no load.
INFO:LIT:243 - Logical network microblaze_0/microblaze_0/LOCKSTEP_Out<654> has
   no load.
INFO:LIT:243 - Logical network microblaze_0/microblaze_0/LOCKSTEP_Out<655> has
   no load.
INFO:LIT:243 - Logical network microblaze_0/microblaze_0/LOCKSTEP_Out<656> has
   no load.
INFO:LIT:243 - Logical network microblaze_0/microblaze_0/LOCKSTEP_Out<657> has
   no load.
INFO:LIT:243 - Logical network microblaze_0/microblaze_0/LOCKSTEP_Out<658> has
   no load.
INFO:LIT:243 - Logical network microblaze_0/microblaze_0/LOCKSTEP_Out<659> has
   no load.
INFO:LIT:243 - Logical network microblaze_0/microblaze_0/LOCKSTEP_Out<660> has
   no load.
INFO:LIT:243 - Logical network microblaze_0/microblaze_0/LOCKSTEP_Out<661> has
   no load.
INFO:LIT:243 - Logical network microblaze_0/microblaze_0/LOCKSTEP_Out<662> has
   no load.
INFO:LIT:243 - Logical network microblaze_0/microblaze_0/LOCKSTEP_Out<663> has
   no load.
INFO:LIT:243 - Logical network microblaze_0/microblaze_0/LOCKSTEP_Out<664> has
   no load.
INFO:LIT:243 - Logical network microblaze_0/microblaze_0/LOCKSTEP_Out<3603> has
   no load.
INFO:LIT:243 - Logical network microblaze_0/microblaze_0/LOCKSTEP_Out<3604> has
   no load.
INFO:LIT:243 - Logical network microblaze_0/microblaze_0/LOCKSTEP_Out<3605> has
   no load.
INFO:LIT:243 - Logical network microblaze_0/microblaze_0/LOCKSTEP_Out<3606> has
   no load.
INFO:LIT:243 - Logical network microblaze_0/microblaze_0/LOCKSTEP_Out<3607> has
   no load.
INFO:LIT:243 - Logical network microblaze_0/microblaze_0/LOCKSTEP_Out<3608> has
   no load.
INFO:LIT:243 - Logical network microblaze_0/microblaze_0/LOCKSTEP_Out<3609> has
   no load.
INFO:LIT:243 - Logical network microblaze_0/microblaze_0/LOCKSTEP_Out<3610> has
   no load.
INFO:LIT:243 - Logical network microblaze_0/microblaze_0/LOCKSTEP_Out<3611> has
   no load.
INFO:LIT:243 - Logical network microblaze_0/microblaze_0/LOCKSTEP_Out<3612> has
   no load.
INFO:LIT:243 - Logical network microblaze_0/microblaze_0/LOCKSTEP_Out<3613> has
   no load.
INFO:LIT:243 - Logical network microblaze_0/microblaze_0/LOCKSTEP_Out<3614> has
   no load.
INFO:LIT:243 - Logical network microblaze_0/microblaze_0/LOCKSTEP_Out<3615> has
   no load.
INFO:LIT:243 - Logical network microblaze_0/microblaze_0/LOCKSTEP_Out<3616> has
   no load.
INFO:LIT:243 - Logical network microblaze_0/microblaze_0/LOCKSTEP_Out<3617> has
   no load.
INFO:LIT:243 - Logical network microblaze_0/microblaze_0/LOCKSTEP_Out<3618> has
   no load.
INFO:LIT:243 - Logical network microblaze_0/microblaze_0/LOCKSTEP_Out<3619> has
   no load.
INFO:LIT:243 - Logical network microblaze_0/microblaze_0/LOCKSTEP_Out<3620> has
   no load.
INFO:LIT:243 - Logical network microblaze_0/microblaze_0/LOCKSTEP_Out<3621> has
   no load.
INFO:LIT:243 - Logical network microblaze_0/microblaze_0/LOCKSTEP_Out<3622> has
   no load.
INFO:LIT:243 - Logical network microblaze_0/microblaze_0/LOCKSTEP_Out<3623> has
   no load.
INFO:LIT:243 - Logical network microblaze_0/microblaze_0/LOCKSTEP_Out<3624> has
   no load.
INFO:LIT:243 - Logical network microblaze_0/microblaze_0/LOCKSTEP_Out<3625> has
   no load.
INFO:LIT:243 - Logical network microblaze_0/microblaze_0/LOCKSTEP_Out<3626> has
   no load.
INFO:LIT:243 - Logical network microblaze_0/microblaze_0/LOCKSTEP_Out<3627> has
   no load.
INFO:LIT:243 - Logical network microblaze_0/microblaze_0/LOCKSTEP_Out<3628> has
   no load.
INFO:LIT:243 - Logical network microblaze_0/microblaze_0/LOCKSTEP_Out<3629> has
   no load.
INFO:LIT:243 - Logical network microblaze_0/microblaze_0/LOCKSTEP_Out<3630> has
   no load.
INFO:LIT:243 - Logical network microblaze_0/microblaze_0/LOCKSTEP_Out<3631> has
   no load.
INFO:LIT:243 - Logical network microblaze_0/microblaze_0/LOCKSTEP_Out<3632> has
   no load.
INFO:LIT:243 - Logical network microblaze_0/microblaze_0/LOCKSTEP_Out<3633> has
   no load.
INFO:LIT:243 - Logical network microblaze_0/microblaze_0/LOCKSTEP_Out<3634> has
   no load.
INFO:LIT:243 - Logical network microblaze_0/microblaze_0/LOCKSTEP_Out<3635> has
   no load.
INFO:LIT:243 - Logical network microblaze_0/microblaze_0/LOCKSTEP_Out<3636> has
   no load.
INFO:LIT:243 - Logical network microblaze_0/microblaze_0/LOCKSTEP_Out<3637> has
   no load.
INFO:LIT:243 - Logical network microblaze_0/microblaze_0/LOCKSTEP_Out<3638> has
   no load.
INFO:LIT:243 - Logical network microblaze_0/microblaze_0/LOCKSTEP_Out<3639> has
   no load.
INFO:LIT:243 - Logical network microblaze_0/microblaze_0/LOCKSTEP_Out<3640> has
   no load.
INFO:LIT:243 - Logical network microblaze_0/microblaze_0/LOCKSTEP_Out<3641> has
   no load.
INFO:LIT:243 - Logical network microblaze_0/microblaze_0/LOCKSTEP_Out<3642> has
   no load.
INFO:LIT:243 - Logical network microblaze_0/microblaze_0/LOCKSTEP_Out<3643> has
   no load.
INFO:LIT:243 - Logical network microblaze_0/microblaze_0/LOCKSTEP_Out<3644> has
   no load.
INFO:LIT:243 - Logical network microblaze_0/microblaze_0/LOCKSTEP_Out<3645> has
   no load.
INFO:LIT:243 - Logical network microblaze_0/microblaze_0/LOCKSTEP_Out<3646> has
   no load.
INFO:LIT:243 - Logical network microblaze_0/microblaze_0/LOCKSTEP_Out<3647> has
   no load.
INFO:LIT:243 - Logical network microblaze_0/microblaze_0/LOCKSTEP_Out<3648> has
   no load.
INFO:LIT:243 - Logical network microblaze_0/microblaze_0/LOCKSTEP_Out<3649> has
   no load.
INFO:LIT:243 - Logical network microblaze_0/microblaze_0/LOCKSTEP_Out<3650> has
   no load.
INFO:LIT:243 - Logical network microblaze_0/microblaze_0/LOCKSTEP_Out<3651> has
   no load.
INFO:LIT:243 - Logical network microblaze_0/microblaze_0/LOCKSTEP_Out<3652> has
   no load.
INFO:LIT:243 - Logical network microblaze_0/microblaze_0/LOCKSTEP_Out<3653> has
   no load.
INFO:LIT:243 - Logical network microblaze_0/microblaze_0/LOCKSTEP_Out<3654> has
   no load.
INFO:LIT:243 - Logical network microblaze_0/microblaze_0/LOCKSTEP_Out<3655> has
   no load.
INFO:LIT:243 - Logical network microblaze_0/microblaze_0/LOCKSTEP_Out<3656> has
   no load.
INFO:LIT:243 - Logical network microblaze_0/microblaze_0/LOCKSTEP_Out<3657> has
   no load.
INFO:LIT:243 - Logical network microblaze_0/microblaze_0/LOCKSTEP_Out<3658> has
   no load.
INFO:LIT:243 - Logical network microblaze_0/microblaze_0/LOCKSTEP_Out<3659> has
   no load.
INFO:LIT:243 - Logical network microblaze_0/microblaze_0/LOCKSTEP_Out<3660> has
   no load.
INFO:LIT:243 - Logical network microblaze_0/microblaze_0/LOCKSTEP_Out<3661> has
   no load.
INFO:LIT:243 - Logical network microblaze_0/microblaze_0/LOCKSTEP_Out<3662> has
   no load.
INFO:LIT:243 - Logical network microblaze_0/microblaze_0/LOCKSTEP_Out<3663> has
   no load.
INFO:LIT:243 - Logical network microblaze_0/microblaze_0/LOCKSTEP_Out<3664> has
   no load.
INFO:LIT:243 - Logical network microblaze_0/microblaze_0/LOCKSTEP_Out<3665> has
   no load.
INFO:LIT:243 - Logical network microblaze_0/microblaze_0/LOCKSTEP_Out<3666> has
   no load.
INFO:LIT:243 - Logical network microblaze_0/microblaze_0/LOCKSTEP_Out<3667> has
   no load.
INFO:LIT:243 - Logical network microblaze_0/microblaze_0/LOCKSTEP_Out<3668> has
   no load.
INFO:LIT:243 - Logical network microblaze_0/microblaze_0/LOCKSTEP_Out<3669> has
   no load.
INFO:LIT:243 - Logical network microblaze_0/microblaze_0/LOCKSTEP_Out<3670> has
   no load.
INFO:LIT:243 - Logical network microblaze_0/microblaze_0/LOCKSTEP_Out<3671> has
   no load.
INFO:LIT:243 - Logical network microblaze_0/microblaze_0/LOCKSTEP_Out<3672> has
   no load.
INFO:LIT:243 - Logical network microblaze_0/microblaze_0/LOCKSTEP_Out<3673> has
   no load.
INFO:LIT:243 - Logical network microblaze_0/microblaze_0/LOCKSTEP_Out<3681> has
   no load.
INFO:LIT:243 - Logical network microblaze_0/microblaze_0/LOCKSTEP_Out<3683> has
   no load.
INFO:LIT:243 - Logical network microblaze_0/microblaze_0/LOCKSTEP_Out<3685> has
   no load.
INFO:LIT:243 - Logical network microblaze_0/microblaze_0/LOCKSTEP_Out<3686> has
   no load.
INFO:LIT:243 - Logical network microblaze_0/microblaze_0/LOCKSTEP_Out<3687> has
   no load.
INFO:LIT:243 - Logical network microblaze_0/microblaze_0/LOCKSTEP_Out<3697> has
   no load.
INFO:LIT:243 - Logical network microblaze_0/microblaze_0/LOCKSTEP_Out<3698> has
   no load.
INFO:LIT:243 - Logical network microblaze_0/microblaze_0/LOCKSTEP_Out<3699> has
   no load.
INFO:LIT:243 - Logical network microblaze_0/microblaze_0/LOCKSTEP_Out<3700> has
   no load.
INFO:LIT:243 - Logical network microblaze_0/microblaze_0/LOCKSTEP_Out<3701> has
   no load.
INFO:LIT:243 - Logical network microblaze_0/microblaze_0/LOCKSTEP_Out<3702> has
   no load.
INFO:LIT:243 - Logical network microblaze_0/microblaze_0/LOCKSTEP_Out<3703> has
   no load.
INFO:LIT:243 - Logical network microblaze_0/microblaze_0/LOCKSTEP_Out<3704> has
   no load.
INFO:LIT:243 - Logical network microblaze_0/microblaze_0/LOCKSTEP_Out<3705> has
   no load.
INFO:LIT:243 - Logical network microblaze_0/microblaze_0/LOCKSTEP_Out<3706> has
   no load.
INFO:LIT:243 - Logical network microblaze_0/microblaze_0/LOCKSTEP_Out<3707> has
   no load.
INFO:LIT:243 - Logical network microblaze_0/microblaze_0/LOCKSTEP_Out<3708> has
   no load.
INFO:LIT:243 - Logical network microblaze_0/microblaze_0/LOCKSTEP_Out<3709> has
   no load.
INFO:LIT:243 - Logical network microblaze_0/microblaze_0/LOCKSTEP_Out<3710> has
   no load.
INFO:LIT:243 - Logical network microblaze_0/microblaze_0/LOCKSTEP_Out<3711> has
   no load.
INFO:LIT:243 - Logical network microblaze_0/microblaze_0/LOCKSTEP_Out<3712> has
   no load.
INFO:LIT:243 - Logical network microblaze_0/microblaze_0/LOCKSTEP_Out<3713> has
   no load.
INFO:LIT:243 - Logical network microblaze_0/microblaze_0/LOCKSTEP_Out<3714> has
   no load.
INFO:LIT:243 - Logical network microblaze_0/microblaze_0/LOCKSTEP_Out<3715> has
   no load.
INFO:LIT:243 - Logical network microblaze_0/microblaze_0/LOCKSTEP_Out<3716> has
   no load.
INFO:LIT:243 - Logical network microblaze_0/microblaze_0/LOCKSTEP_Out<3717> has
   no load.
INFO:LIT:243 - Logical network microblaze_0/microblaze_0/LOCKSTEP_Out<3718> has
   no load.
INFO:LIT:243 - Logical network microblaze_0/microblaze_0/LOCKSTEP_Out<3719> has
   no load.
INFO:LIT:243 - Logical network microblaze_0/microblaze_0/LOCKSTEP_Out<3720> has
   no load.
INFO:LIT:243 - Logical network microblaze_0/microblaze_0/LOCKSTEP_Out<3721> has
   no load.
INFO:LIT:243 - Logical network microblaze_0/microblaze_0/LOCKSTEP_Out<3722> has
   no load.
INFO:LIT:243 - Logical network microblaze_0/microblaze_0/LOCKSTEP_Out<3723> has
   no load.
INFO:LIT:243 - Logical network microblaze_0/microblaze_0/LOCKSTEP_Out<3724> has
   no load.
INFO:LIT:243 - Logical network microblaze_0/microblaze_0/LOCKSTEP_Out<3725> has
   no load.
INFO:LIT:243 - Logical network microblaze_0/microblaze_0/LOCKSTEP_Out<3726> has
   no load.
INFO:LIT:243 - Logical network microblaze_0/microblaze_0/LOCKSTEP_Out<3727> has
   no load.
INFO:LIT:243 - Logical network microblaze_0/microblaze_0/LOCKSTEP_Out<3728> has
   no load.
INFO:LIT:243 - Logical network microblaze_0/microblaze_0/LOCKSTEP_Out<3729> has
   no load.
INFO:LIT:243 - Logical network microblaze_0/microblaze_0/LOCKSTEP_Out<3730> has
   no load.
INFO:LIT:243 - Logical network microblaze_0/microblaze_0/LOCKSTEP_Out<3731> has
   no load.
INFO:LIT:243 - Logical network microblaze_0/microblaze_0/LOCKSTEP_Out<3732> has
   no load.
INFO:LIT:243 - Logical network microblaze_0/microblaze_0/LOCKSTEP_Out<3733> has
   no load.
INFO:LIT:243 - Logical network microblaze_0/microblaze_0/LOCKSTEP_Out<3734> has
   no load.
INFO:LIT:243 - Logical network microblaze_0/microblaze_0/LOCKSTEP_Out<3735> has
   no load.
INFO:LIT:243 - Logical network microblaze_0/microblaze_0/LOCKSTEP_Out<3736> has
   no load.
INFO:LIT:243 - Logical network microblaze_0/microblaze_0/LOCKSTEP_Out<3737> has
   no load.
INFO:LIT:243 - Logical network microblaze_0/microblaze_0/LOCKSTEP_Out<3738> has
   no load.
INFO:LIT:243 - Logical network microblaze_0/microblaze_0/LOCKSTEP_Out<3739> has
   no load.
INFO:LIT:243 - Logical network microblaze_0/microblaze_0/LOCKSTEP_Out<3740> has
   no load.
INFO:LIT:243 - Logical network microblaze_0/microblaze_0/LOCKSTEP_Out<3741> has
   no load.
INFO:LIT:243 - Logical network microblaze_0/microblaze_0/LOCKSTEP_Out<3742> has
   no load.
INFO:LIT:243 - Logical network microblaze_0/microblaze_0/LOCKSTEP_Out<3743> has
   no load.
INFO:LIT:243 - Logical network microblaze_0/microblaze_0/LOCKSTEP_Out<3744> has
   no load.
INFO:LIT:243 - Logical network microblaze_0/microblaze_0/LOCKSTEP_Out<3745> has
   no load.
INFO:LIT:243 - Logical network microblaze_0/microblaze_0/LOCKSTEP_Out<3746> has
   no load.
INFO:LIT:243 - Logical network microblaze_0/microblaze_0/LOCKSTEP_Out<3747> has
   no load.
INFO:LIT:243 - Logical network microblaze_0/microblaze_0/LOCKSTEP_Out<3748> has
   no load.
INFO:LIT:243 - Logical network microblaze_0/microblaze_0/LOCKSTEP_Out<3749> has
   no load.
INFO:LIT:243 - Logical network microblaze_0/microblaze_0/LOCKSTEP_Out<3750> has
   no load.
INFO:LIT:243 - Logical network microblaze_0/microblaze_0/LOCKSTEP_Out<3751> has
   no load.
INFO:LIT:243 - Logical network microblaze_0/microblaze_0/LOCKSTEP_Out<3752> has
   no load.
INFO:LIT:243 - Logical network microblaze_0/microblaze_0/LOCKSTEP_Out<3753> has
   no load.
INFO:LIT:243 - Logical network microblaze_0/microblaze_0/LOCKSTEP_Out<3754> has
   no load.
INFO:LIT:243 - Logical network microblaze_0/microblaze_0/LOCKSTEP_Out<3755> has
   no load.
INFO:LIT:243 - Logical network microblaze_0/microblaze_0/LOCKSTEP_Out<3756> has
   no load.
INFO:LIT:243 - Logical network microblaze_0/microblaze_0/LOCKSTEP_Out<3757> has
   no load.
INFO:LIT:243 - Logical network microblaze_0/microblaze_0/LOCKSTEP_Out<3758> has
   no load.
INFO:LIT:243 - Logical network microblaze_0/microblaze_0/LOCKSTEP_Out<3759> has
   no load.
INFO:LIT:243 - Logical network microblaze_0/microblaze_0/LOCKSTEP_Out<3760> has
   no load.
INFO:LIT:243 - Logical network microblaze_0/microblaze_0/LOCKSTEP_Out<3761> has
   no load.
INFO:LIT:243 - Logical network microblaze_0/microblaze_0/LOCKSTEP_Out<3762> has
   no load.
INFO:LIT:243 - Logical network microblaze_0/microblaze_0/LOCKSTEP_Out<3763> has
   no load.
INFO:LIT:243 - Logical network microblaze_0/microblaze_0/LOCKSTEP_Out<3764> has
   no load.
INFO:LIT:243 - Logical network microblaze_0/microblaze_0/LOCKSTEP_Out<3765> has
   no load.
INFO:LIT:243 - Logical network microblaze_0/microblaze_0/LOCKSTEP_Out<3766> has
   no load.
INFO:LIT:243 - Logical network microblaze_0/microblaze_0/LOCKSTEP_Out<3767> has
   no load.
INFO:LIT:243 - Logical network microblaze_0/microblaze_0/LOCKSTEP_Out<3768> has
   no load.
INFO:LIT:243 - Logical network microblaze_0/microblaze_0/LOCKSTEP_Out<3769> has
   no load.
INFO:LIT:243 - Logical network microblaze_0/microblaze_0/LOCKSTEP_Out<3770> has
   no load.
INFO:LIT:243 - Logical network microblaze_0/microblaze_0/LOCKSTEP_Out<3771> has
   no load.
INFO:LIT:243 - Logical network microblaze_0/microblaze_0/LOCKSTEP_Out<3772> has
   no load.
INFO:LIT:243 - Logical network microblaze_0/microblaze_0/LOCKSTEP_Out<3773> has
   no load.
INFO:LIT:243 - Logical network microblaze_0/microblaze_0/LOCKSTEP_Out<3774> has
   no load.
INFO:LIT:243 - Logical network microblaze_0/microblaze_0/LOCKSTEP_Out<3775> has
   no load.
INFO:LIT:243 - Logical network microblaze_0/microblaze_0/LOCKSTEP_Out<3776> has
   no load.
INFO:LIT:243 - Logical network microblaze_0/microblaze_0/LOCKSTEP_Out<3777> has
   no load.
INFO:LIT:243 - Logical network microblaze_0/microblaze_0/LOCKSTEP_Out<3778> has
   no load.
INFO:LIT:243 - Logical network microblaze_0/microblaze_0/LOCKSTEP_Out<3779> has
   no load.
INFO:LIT:243 - Logical network microblaze_0/microblaze_0/LOCKSTEP_Out<3780> has
   no load.
INFO:LIT:243 - Logical network microblaze_0/microblaze_0/LOCKSTEP_Out<3781> has
   no load.
INFO:LIT:243 - Logical network microblaze_0/microblaze_0/LOCKSTEP_Out<3782> has
   no load.
INFO:LIT:243 - Logical network microblaze_0/microblaze_0/LOCKSTEP_Out<3783> has
   no load.
INFO:LIT:243 - Logical network microblaze_0/microblaze_0/LOCKSTEP_Out<3784> has
   no load.
INFO:LIT:243 - Logical network microblaze_0/microblaze_0/LOCKSTEP_Out<3785> has
   no load.
INFO:LIT:243 - Logical network microblaze_0/microblaze_0/LOCKSTEP_Out<3786> has
   no load.
INFO:LIT:243 - Logical network microblaze_0/microblaze_0/LOCKSTEP_Out<3787> has
   no load.
INFO:LIT:243 - Logical network microblaze_0/microblaze_0/LOCKSTEP_Out<3788> has
   no load.
INFO:LIT:243 - Logical network microblaze_0/microblaze_0/LOCKSTEP_Out<3789> has
   no load.
INFO:LIT:243 - Logical network microblaze_0/microblaze_0/LOCKSTEP_Out<3790> has
   no load.
INFO:LIT:243 - Logical network microblaze_0/microblaze_0/LOCKSTEP_Out<3791> has
   no load.
INFO:LIT:243 - Logical network microblaze_0/microblaze_0/LOCKSTEP_Out<3792> has
   no load.
INFO:LIT:243 - Logical network microblaze_0/microblaze_0/LOCKSTEP_Out<3793> has
   no load.
INFO:LIT:243 - Logical network microblaze_0/microblaze_0/LOCKSTEP_Out<3794> has
   no load.
INFO:LIT:243 - Logical network microblaze_0/microblaze_0/LOCKSTEP_Out<3795> has
   no load.
INFO:LIT:243 - Logical network microblaze_0/microblaze_0/LOCKSTEP_Out<3796> has
   no load.
INFO:LIT:243 - Logical network microblaze_0/microblaze_0/LOCKSTEP_Out<3797> has
   no load.
INFO:LIT:243 - Logical network microblaze_0/microblaze_0/LOCKSTEP_Out<3798> has
   no load.
INFO:LIT:243 - Logical network microblaze_0/microblaze_0/LOCKSTEP_Out<3799> has
   no load.
INFO:LIT:243 - Logical network microblaze_0/microblaze_0/LOCKSTEP_Out<3800> has
   no load.
INFO:LIT:243 - Logical network microblaze_0/microblaze_0/LOCKSTEP_Out<3801> has
   no load.
INFO:LIT:243 - Logical network microblaze_0/microblaze_0/LOCKSTEP_Out<3802> has
   no load.
INFO:LIT:243 - Logical network microblaze_0/microblaze_0/LOCKSTEP_Out<3803> has
   no load.
INFO:LIT:243 - Logical network microblaze_0/microblaze_0/LOCKSTEP_Out<3804> has
   no load.
INFO:LIT:243 - Logical network microblaze_0/microblaze_0/LOCKSTEP_Out<3805> has
   no load.
INFO:LIT:243 - Logical network microblaze_0/microblaze_0/LOCKSTEP_Out<3806> has
   no load.
INFO:LIT:243 - Logical network microblaze_0/microblaze_0/LOCKSTEP_Out<3807> has
   no load.
INFO:LIT:243 - Logical network microblaze_0/microblaze_0/LOCKSTEP_Out<3808> has
   no load.
INFO:LIT:243 - Logical network microblaze_0/microblaze_0/LOCKSTEP_Out<3809> has
   no load.
INFO:LIT:243 - Logical network microblaze_0/microblaze_0/LOCKSTEP_Out<3810> has
   no load.
INFO:LIT:243 - Logical network microblaze_0/microblaze_0/LOCKSTEP_Out<3811> has
   no load.
INFO:LIT:243 - Logical network microblaze_0/microblaze_0/LOCKSTEP_Out<3812> has
   no load.
INFO:LIT:243 - Logical network microblaze_0/microblaze_0/LOCKSTEP_Out<3813> has
   no load.
INFO:LIT:243 - Logical network microblaze_0/microblaze_0/LOCKSTEP_Out<3814> has
   no load.
INFO:LIT:243 - Logical network microblaze_0/microblaze_0/LOCKSTEP_Out<3815> has
   no load.
INFO:LIT:243 - Logical network microblaze_0/microblaze_0/LOCKSTEP_Out<3816> has
   no load.
INFO:LIT:243 - Logical network microblaze_0/microblaze_0/LOCKSTEP_Out<3817> has
   no load.
INFO:LIT:243 - Logical network
   microblaze_0/microblaze_0/MicroBlaze_Core_I/Performance.Decode_I/PC_Module_I/
   Using_FPGA.Incr_PC[0].MUXCY_I/LO has no load.
INFO:LIT:243 - Logical network
   microblaze_0/microblaze_0/MicroBlaze_Core_I/Performance.Decode_I/Use_MuxCy[11
   ].OF_Piperun_Stage/Using_FPGA.MUXCY_I/LO has no load.
INFO:LIT:243 - Logical network
   microblaze_0/microblaze_0/MicroBlaze_Core_I/Performance.Data_Flow_I/exception
   _registers_I1/FPGA_Target.Using_FPGA_LUT6.Gen_Ret_Addr[0].MUXCY_I/LO has no
   load.
INFO:LIT:243 - Logical network
   microblaze_0/microblaze_0/MicroBlaze_Core_I/Performance.Data_Flow_I/Shift_Log
   ic_Module_I/Use_PCMP_instr.Using_FPGA_PCMP.carry_equal_byte4/MUXCY_L_Enable_2
   /LO has no load.
INFO:LIT:243 - Logical network
   microblaze_0/microblaze_0/MicroBlaze_Core_I/Performance.Data_Flow_I/Shift_Log
   ic_Module_I/Use_PCMP_instr.Using_FPGA_PCMP.carry_equal_byte3/MUXCY_L_Enable_2
   /LO has no load.
INFO:LIT:243 - Logical network
   microblaze_0/microblaze_0/MicroBlaze_Core_I/Performance.Data_Flow_I/Shift_Log
   ic_Module_I/Use_PCMP_instr.Using_FPGA_PCMP.carry_equal_byte2/MUXCY_L_Enable_2
   /LO has no load.
INFO:LIT:243 - Logical network
   microblaze_0/microblaze_0/MicroBlaze_Core_I/Performance.Data_Flow_I/Shift_Log
   ic_Module_I/Use_PCMP_instr.Using_FPGA_PCMP.carry_equal_byte1/MUXCY_L_Enable_2
   /LO has no load.
INFO:LIT:243 - Logical network
   microblaze_0/microblaze_0/MicroBlaze_Core_I/Performance.Using_DCache.Using_Wr
   iteThrough.DCache_I1/Mram_cacheline_copy61/SPO has no load.
INFO:LIT:243 - Logical network
   microblaze_0/microblaze_0/MicroBlaze_Core_I/Performance.Using_DCache.Using_Wr
   iteThrough.DCache_I1/Mram_cacheline_copy62/SPO has no load.
INFO:LIT:243 - Logical network mb_plb/Bus_Error_Det has no load.
INFO:LIT:243 - Logical network mb_plb/MPLB_Rst<0> has no load.
INFO:LIT:243 - Logical network mb_plb/MPLB_Rst<1> has no load.
INFO:LIT:243 - Logical network FLASH/FLASH/EMC_CTRL_I/IO_REGISTERS_I/mem_rnw_reg
   has no load.
INFO:LIT:243 - Logical network
   FLASH/FLASH/EMC_CTRL_I/IO_REGISTERS_I/mem_ce_reg<0> has no load.
INFO:LIT:243 - Logical network
   FLASH/FLASH/EMC_CTRL_I/IO_REGISTERS_I/mem_qwen_reg<0> has no load.
INFO:LIT:243 - Logical network
   FLASH/FLASH/EMC_CTRL_I/IO_REGISTERS_I/mem_qwen_reg<1> has no load.
INFO:LIT:243 - Logical network
   FLASH/FLASH/EMC_CTRL_I/IO_REGISTERS_I/mem_ben_reg<0> has no load.
INFO:LIT:243 - Logical network
   FLASH/FLASH/EMC_CTRL_I/IO_REGISTERS_I/mem_ben_reg<1> has no load.
INFO:LIT:243 - Logical network
   FLASH/FLASH/EMC_CTRL_I/IO_REGISTERS_I/mem_a_reg<0> has no load.
INFO:LIT:243 - Logical network
   FLASH/FLASH/EMC_CTRL_I/IO_REGISTERS_I/mem_a_reg<1> has no load.
INFO:LIT:243 - Logical network
   FLASH/FLASH/EMC_CTRL_I/IO_REGISTERS_I/mem_a_reg<2> has no load.
INFO:LIT:243 - Logical network
   FLASH/FLASH/EMC_CTRL_I/IO_REGISTERS_I/mem_a_reg<3> has no load.
INFO:LIT:243 - Logical network
   FLASH/FLASH/EMC_CTRL_I/IO_REGISTERS_I/mem_a_reg<4> has no load.
INFO:LIT:243 - Logical network
   FLASH/FLASH/EMC_CTRL_I/IO_REGISTERS_I/mem_a_reg<5> has no load.
INFO:LIT:243 - Logical network
   FLASH/FLASH/EMC_CTRL_I/IO_REGISTERS_I/mem_a_reg<6> has no load.
INFO:LIT:243 - Logical network
   FLASH/FLASH/MCH_PLB_IPIF_I/NO_CHNL_IF_GEN.PLBV46_SLAVE_BURST_I/I_SLAVE_ATTACH
   MENT/I_BURST_SUPPORT/CONTROL_DBEAT_CNTR_I/STRUCTURAL_A_GEN.I_ADDSUB_GEN[5].MU
   XCY_I/LO has no load.
INFO:LIT:243 - Logical network
   FLASH/FLASH/MCH_PLB_IPIF_I/NO_CHNL_IF_GEN.PLBV46_SLAVE_BURST_I/I_SLAVE_ATTACH
   MENT/I_BURST_SUPPORT/RESPONSE_DBEAT_CNTR_I/STRUCTURAL_A_GEN.I_ADDSUB_GEN[5].M
   UXCY_I/LO has no load.
INFO:LIT:243 - Logical network
   FLASH/FLASH/MCH_PLB_IPIF_I/NO_CHNL_IF_GEN.PLBV46_SLAVE_BURST_I/I_SLAVE_ATTACH
   MENT/GEN_WRITE_BUFFER.WR_DATA_BUFFER/GEN_STRUCTURAL.C_DEPTH_LT_17.Addr_Counte
   rs[3].MUXCY_L_I/LO has no load.
INFO:LIT:243 - Logical network DDR2_SDRAM/DDR2_SDRAM/mpmc_core_0/InitDone has no
   load.
INFO:LIT:243 - Logical network DDR2_SDRAM/MPMC_Idelayctrl_Rdy_O has no load.
INFO:LIT:243 - Logical network
   DDR2_SDRAM/DDR2_SDRAM/mpmc_core_0/gen_paths.mpmc_data_path_0/gen_read_fifos[0
   ].gen_fifos.mpmc_read_fifo_0/gen_fifos_bram.mpmc_bram_fifo_0/PopParity_r<3>
   has no load.
INFO:LIT:243 - Logical network
   DDR2_SDRAM/DDR2_SDRAM/mpmc_core_0/gen_paths.mpmc_data_path_0/gen_read_fifos[0
   ].gen_fifos.mpmc_read_fifo_0/gen_fifos_bram.mpmc_bram_fifo_0/PopParity_r<2>
   has no load.
INFO:LIT:243 - Logical network
   DDR2_SDRAM/DDR2_SDRAM/mpmc_core_0/gen_paths.mpmc_data_path_0/gen_read_fifos[0
   ].gen_fifos.mpmc_read_fifo_0/gen_fifos_bram.mpmc_bram_fifo_0/PopParity_r<1>
   has no load.
INFO:LIT:243 - Logical network
   DDR2_SDRAM/DDR2_SDRAM/mpmc_core_0/gen_paths.mpmc_data_path_0/gen_read_fifos[0
   ].gen_fifos.mpmc_read_fifo_0/gen_fifos_bram.mpmc_bram_fifo_0/PopParity_r<0>
   has no load.
INFO:LIT:243 - Logical network
   DDR2_SDRAM/DDR2_SDRAM/mpmc_core_0/gen_paths.mpmc_data_path_0/gen_read_fifos[1
   ].gen_fifos.mpmc_read_fifo_0/gen_fifos_bram.mpmc_bram_fifo_0/PopParity_r<3>
   has no load.
INFO:LIT:243 - Logical network
   DDR2_SDRAM/DDR2_SDRAM/mpmc_core_0/gen_paths.mpmc_data_path_0/gen_read_fifos[1
   ].gen_fifos.mpmc_read_fifo_0/gen_fifos_bram.mpmc_bram_fifo_0/PopParity_r<2>
   has no load.
INFO:LIT:243 - Logical network
   DDR2_SDRAM/DDR2_SDRAM/mpmc_core_0/gen_paths.mpmc_data_path_0/gen_read_fifos[1
   ].gen_fifos.mpmc_read_fifo_0/gen_fifos_bram.mpmc_bram_fifo_0/PopParity_r<1>
   has no load.
INFO:LIT:243 - Logical network
   DDR2_SDRAM/DDR2_SDRAM/mpmc_core_0/gen_paths.mpmc_data_path_0/gen_read_fifos[1
   ].gen_fifos.mpmc_read_fifo_0/gen_fifos_bram.mpmc_bram_fifo_0/PopParity_r<0>
   has no load.
INFO:LIT:243 - Logical network
   DDR2_SDRAM/DDR2_SDRAM/mpmc_core_0/gen_paths.mpmc_ctrl_path_0/ctrl_path_0/inst
   antiate_SRLs[6].mpmc_srl_delay_ctrl_bram_out/gen_delay_2plus.SRL16_0/Q has no
   load.
INFO:LIT:243 - Logical network
   DDR2_SDRAM/DDR2_SDRAM/mpmc_core_0/gen_paths.mpmc_ctrl_path_0/instantiate_repl
   icate_ctrl_dp_wrfifo_whichport[0].instantiate_ctrl_dp_wrfifo_whichport[0].mpm
   c_srl_delay_Ctrl_DP_WrFIFO_WhichPort/gen_delay_2plus.SRL16_0/Q has no load.
INFO:LIT:243 - Logical network
   DDR2_SDRAM/DDR2_SDRAM/mpmc_core_0/gen_paths.mpmc_ctrl_path_0/instantiate_repl
   icate_ctrl_dp_wrfifo_whichport[1].instantiate_ctrl_dp_wrfifo_whichport[0].mpm
   c_srl_delay_Ctrl_DP_WrFIFO_WhichPort/gen_delay_2plus.SRL16_0/Q has no load.
INFO:LIT:243 - Logical network
   DDR2_SDRAM/DDR2_SDRAM/mpmc_core_0/gen_paths.mpmc_ctrl_path_0/instantiate_repl
   icate_ctrl_dp_wrfifo_whichport[2].instantiate_ctrl_dp_wrfifo_whichport[0].mpm
   c_srl_delay_Ctrl_DP_WrFIFO_WhichPort/gen_delay_2plus.SRL16_0/Q has no load.
INFO:LIT:243 - Logical network
   DDR2_SDRAM/DDR2_SDRAM/mpmc_core_0/gen_paths.mpmc_ctrl_path_0/instantiate_repl
   icate_ctrl_dp_wrfifo_whichport[3].instantiate_ctrl_dp_wrfifo_whichport[0].mpm
   c_srl_delay_Ctrl_DP_WrFIFO_WhichPort/gen_delay_2plus.SRL16_0/Q has no load.
INFO:LIT:243 - Logical network
   DDR2_SDRAM/DDR2_SDRAM/mpmc_core_0/gen_paths.mpmc_ctrl_path_0/instantiate_repl
   icate_ctrl_dp_wrfifo_whichport[4].instantiate_ctrl_dp_wrfifo_whichport[0].mpm
   c_srl_delay_Ctrl_DP_WrFIFO_WhichPort/gen_delay_2plus.SRL16_0/Q has no load.
INFO:LIT:243 - Logical network
   DDR2_SDRAM/DDR2_SDRAM/mpmc_core_0/gen_paths.mpmc_ctrl_path_0/instantiate_repl
   icate_ctrl_dp_wrfifo_whichport[5].instantiate_ctrl_dp_wrfifo_whichport[0].mpm
   c_srl_delay_Ctrl_DP_WrFIFO_WhichPort/gen_delay_2plus.SRL16_0/Q has no load.
INFO:LIT:243 - Logical network
   DDR2_SDRAM/DDR2_SDRAM/mpmc_core_0/gen_paths.mpmc_ctrl_path_0/instantiate_repl
   icate_ctrl_dp_wrfifo_whichport[6].instantiate_ctrl_dp_wrfifo_whichport[0].mpm
   c_srl_delay_Ctrl_DP_WrFIFO_WhichPort/gen_delay_2plus.SRL16_0/Q has no load.
INFO:LIT:243 - Logical network
   DDR2_SDRAM/DDR2_SDRAM/mpmc_core_0/gen_paths.mpmc_ctrl_path_0/instantiate_repl
   icate_ctrl_dp_wrfifo_whichport[7].instantiate_ctrl_dp_wrfifo_whichport[0].mpm
   c_srl_delay_Ctrl_DP_WrFIFO_WhichPort/gen_delay_2plus.SRL16_0/Q has no load.
INFO:LIT:243 - Logical network
   DDR2_SDRAM/DDR2_SDRAM/mpmc_core_0/gen_paths.mpmc_ctrl_path_0/instantiate_ctrl
   _dp_wrfifo_whichport_decode[0].mpmc_srl_delay_Ctrl_DP_WrFIFO_WhichPort_Decode
   /gen_delay_2plus.SRL16_0/Q has no load.
INFO:LIT:243 - Logical network
   DDR2_SDRAM/DDR2_SDRAM/mpmc_core_0/gen_paths.mpmc_ctrl_path_0/mpmc_srl_delay_C
   trl_Periodic_Rd_Mask/gen_delay_2plus.SRL16_0/Q has no load.
INFO:LIT:243 - Logical network
   DDR2_SDRAM/DDR2_SDRAM/DUALXCL1_INST.dualxcl_1/dualxcl_read_0/xcl_read_data_a/
   REORDER.xcl_reorder_buffer/Mram_memory2/SPO has no load.
INFO:LIT:243 - Logical network
   DDR2_SDRAM/DDR2_SDRAM/DUALXCL1_INST.dualxcl_1/dualxcl_read_0/xcl_read_data_a/
   REORDER.xcl_reorder_buffer/Mram_memory1/SPO has no load.
INFO:LIT:243 - Logical network
   DDR2_SDRAM/DDR2_SDRAM/DUALXCL1_INST.dualxcl_1/dualxcl_read_0/xcl_read_data_a/
   REORDER.xcl_reorder_buffer/Mram_memory3/SPO has no load.
INFO:LIT:243 - Logical network
   DDR2_SDRAM/DDR2_SDRAM/DUALXCL1_INST.dualxcl_1/dualxcl_read_0/xcl_read_data_a/
   REORDER.xcl_reorder_buffer/Mram_memory4/SPO has no load.
INFO:LIT:243 - Logical network
   DDR2_SDRAM/DDR2_SDRAM/DUALXCL1_INST.dualxcl_1/dualxcl_read_0/xcl_read_data_a/
   REORDER.xcl_reorder_buffer/Mram_memory7/SPO has no load.
INFO:LIT:243 - Logical network
   DDR2_SDRAM/DDR2_SDRAM/DUALXCL1_INST.dualxcl_1/dualxcl_read_0/xcl_read_data_a/
   REORDER.xcl_reorder_buffer/Mram_memory5/SPO has no load.
INFO:LIT:243 - Logical network
   DDR2_SDRAM/DDR2_SDRAM/DUALXCL1_INST.dualxcl_1/dualxcl_read_0/xcl_read_data_a/
   REORDER.xcl_reorder_buffer/Mram_memory6/SPO has no load.
INFO:LIT:243 - Logical network
   DDR2_SDRAM/DDR2_SDRAM/DUALXCL1_INST.dualxcl_1/dualxcl_read_0/xcl_read_data_a/
   REORDER.xcl_reorder_buffer/Mram_memory8/SPO has no load.
INFO:LIT:243 - Logical network
   DDR2_SDRAM/DDR2_SDRAM/DUALXCL1_INST.dualxcl_1/dualxcl_read_0/xcl_read_data_a/
   REORDER.xcl_reorder_buffer/Mram_memory9/SPO has no load.
INFO:LIT:243 - Logical network
   DDR2_SDRAM/DDR2_SDRAM/DUALXCL1_INST.dualxcl_1/dualxcl_read_0/xcl_read_data_a/
   REORDER.xcl_reorder_buffer/Mram_memory12/SPO has no load.
INFO:LIT:243 - Logical network
   DDR2_SDRAM/DDR2_SDRAM/DUALXCL1_INST.dualxcl_1/dualxcl_read_0/xcl_read_data_a/
   REORDER.xcl_reorder_buffer/Mram_memory10/SPO has no load.
INFO:LIT:243 - Logical network
   DDR2_SDRAM/DDR2_SDRAM/DUALXCL1_INST.dualxcl_1/dualxcl_read_0/xcl_read_data_a/
   REORDER.xcl_reorder_buffer/Mram_memory11/SPO has no load.
INFO:LIT:243 - Logical network
   DDR2_SDRAM/DDR2_SDRAM/DUALXCL1_INST.dualxcl_1/dualxcl_read_0/xcl_read_data_a/
   REORDER.xcl_reorder_buffer/Mram_memory13/SPO has no load.
INFO:LIT:243 - Logical network
   DDR2_SDRAM/DDR2_SDRAM/DUALXCL1_INST.dualxcl_1/dualxcl_read_0/xcl_read_data_a/
   REORDER.xcl_reorder_buffer/Mram_memory14/SPO has no load.
INFO:LIT:243 - Logical network
   DDR2_SDRAM/DDR2_SDRAM/DUALXCL1_INST.dualxcl_1/dualxcl_read_0/xcl_read_data_a/
   REORDER.xcl_reorder_buffer/Mram_memory17/SPO has no load.
INFO:LIT:243 - Logical network
   DDR2_SDRAM/DDR2_SDRAM/DUALXCL1_INST.dualxcl_1/dualxcl_read_0/xcl_read_data_a/
   REORDER.xcl_reorder_buffer/Mram_memory15/SPO has no load.
INFO:LIT:243 - Logical network
   DDR2_SDRAM/DDR2_SDRAM/DUALXCL1_INST.dualxcl_1/dualxcl_read_0/xcl_read_data_a/
   REORDER.xcl_reorder_buffer/Mram_memory16/SPO has no load.
INFO:LIT:243 - Logical network
   DDR2_SDRAM/DDR2_SDRAM/DUALXCL1_INST.dualxcl_1/dualxcl_read_0/xcl_read_data_a/
   REORDER.xcl_reorder_buffer/Mram_memory20/SPO has no load.
INFO:LIT:243 - Logical network
   DDR2_SDRAM/DDR2_SDRAM/DUALXCL1_INST.dualxcl_1/dualxcl_read_0/xcl_read_data_a/
   REORDER.xcl_reorder_buffer/Mram_memory18/SPO has no load.
INFO:LIT:243 - Logical network
   DDR2_SDRAM/DDR2_SDRAM/DUALXCL1_INST.dualxcl_1/dualxcl_read_0/xcl_read_data_a/
   REORDER.xcl_reorder_buffer/Mram_memory19/SPO has no load.
INFO:LIT:243 - Logical network
   DDR2_SDRAM/DDR2_SDRAM/DUALXCL1_INST.dualxcl_1/dualxcl_read_0/xcl_read_data_a/
   REORDER.xcl_reorder_buffer/Mram_memory23/SPO has no load.
INFO:LIT:243 - Logical network
   DDR2_SDRAM/DDR2_SDRAM/DUALXCL1_INST.dualxcl_1/dualxcl_read_0/xcl_read_data_a/
   REORDER.xcl_reorder_buffer/Mram_memory21/SPO has no load.
INFO:LIT:243 - Logical network
   DDR2_SDRAM/DDR2_SDRAM/DUALXCL1_INST.dualxcl_1/dualxcl_read_0/xcl_read_data_a/
   REORDER.xcl_reorder_buffer/Mram_memory22/SPO has no load.
INFO:LIT:243 - Logical network
   DDR2_SDRAM/DDR2_SDRAM/DUALXCL1_INST.dualxcl_1/dualxcl_read_0/xcl_read_data_a/
   REORDER.xcl_reorder_buffer/Mram_memory24/SPO has no load.
INFO:LIT:243 - Logical network
   DDR2_SDRAM/DDR2_SDRAM/DUALXCL1_INST.dualxcl_1/dualxcl_read_0/xcl_read_data_a/
   REORDER.xcl_reorder_buffer/Mram_memory25/SPO has no load.
INFO:LIT:243 - Logical network
   DDR2_SDRAM/DDR2_SDRAM/DUALXCL1_INST.dualxcl_1/dualxcl_read_0/xcl_read_data_a/
   REORDER.xcl_reorder_buffer/Mram_memory28/SPO has no load.
INFO:LIT:243 - Logical network
   DDR2_SDRAM/DDR2_SDRAM/DUALXCL1_INST.dualxcl_1/dualxcl_read_0/xcl_read_data_a/
   REORDER.xcl_reorder_buffer/Mram_memory26/SPO has no load.
INFO:LIT:243 - Logical network
   DDR2_SDRAM/DDR2_SDRAM/DUALXCL1_INST.dualxcl_1/dualxcl_read_0/xcl_read_data_a/
   REORDER.xcl_reorder_buffer/Mram_memory27/SPO has no load.
INFO:LIT:243 - Logical network
   DDR2_SDRAM/DDR2_SDRAM/DUALXCL1_INST.dualxcl_1/dualxcl_read_0/xcl_read_data_a/
   REORDER.xcl_reorder_buffer/Mram_memory29/SPO has no load.
INFO:LIT:243 - Logical network
   DDR2_SDRAM/DDR2_SDRAM/DUALXCL1_INST.dualxcl_1/dualxcl_read_0/xcl_read_data_a/
   REORDER.xcl_reorder_buffer/Mram_memory30/SPO has no load.
INFO:LIT:243 - Logical network
   DDR2_SDRAM/DDR2_SDRAM/DUALXCL1_INST.dualxcl_1/dualxcl_read_0/xcl_read_data_a/
   REORDER.xcl_reorder_buffer/Mram_memory33/SPO has no load.
INFO:LIT:243 - Logical network
   DDR2_SDRAM/DDR2_SDRAM/DUALXCL1_INST.dualxcl_1/dualxcl_read_0/xcl_read_data_a/
   REORDER.xcl_reorder_buffer/Mram_memory31/SPO has no load.
INFO:LIT:243 - Logical network
   DDR2_SDRAM/DDR2_SDRAM/DUALXCL1_INST.dualxcl_1/dualxcl_read_0/xcl_read_data_a/
   REORDER.xcl_reorder_buffer/Mram_memory32/SPO has no load.
INFO:LIT:243 - Logical network
   DDR2_SDRAM/DDR2_SDRAM/DUALXCL0_INST.dualxcl_0/dualxcl_read_0/xcl_read_data_a/
   REORDER.xcl_reorder_buffer/Mram_memory2/SPO has no load.
INFO:LIT:243 - Logical network
   DDR2_SDRAM/DDR2_SDRAM/DUALXCL0_INST.dualxcl_0/dualxcl_read_0/xcl_read_data_a/
   REORDER.xcl_reorder_buffer/Mram_memory1/SPO has no load.
INFO:LIT:243 - Logical network
   DDR2_SDRAM/DDR2_SDRAM/DUALXCL0_INST.dualxcl_0/dualxcl_read_0/xcl_read_data_a/
   REORDER.xcl_reorder_buffer/Mram_memory3/SPO has no load.
INFO:LIT:243 - Logical network
   DDR2_SDRAM/DDR2_SDRAM/DUALXCL0_INST.dualxcl_0/dualxcl_read_0/xcl_read_data_a/
   REORDER.xcl_reorder_buffer/Mram_memory4/SPO has no load.
INFO:LIT:243 - Logical network
   DDR2_SDRAM/DDR2_SDRAM/DUALXCL0_INST.dualxcl_0/dualxcl_read_0/xcl_read_data_a/
   REORDER.xcl_reorder_buffer/Mram_memory7/SPO has no load.
INFO:LIT:243 - Logical network
   DDR2_SDRAM/DDR2_SDRAM/DUALXCL0_INST.dualxcl_0/dualxcl_read_0/xcl_read_data_a/
   REORDER.xcl_reorder_buffer/Mram_memory5/SPO has no load.
INFO:LIT:243 - Logical network
   DDR2_SDRAM/DDR2_SDRAM/DUALXCL0_INST.dualxcl_0/dualxcl_read_0/xcl_read_data_a/
   REORDER.xcl_reorder_buffer/Mram_memory6/SPO has no load.
INFO:LIT:243 - Logical network
   DDR2_SDRAM/DDR2_SDRAM/DUALXCL0_INST.dualxcl_0/dualxcl_read_0/xcl_read_data_a/
   REORDER.xcl_reorder_buffer/Mram_memory8/SPO has no load.
INFO:LIT:243 - Logical network
   DDR2_SDRAM/DDR2_SDRAM/DUALXCL0_INST.dualxcl_0/dualxcl_read_0/xcl_read_data_a/
   REORDER.xcl_reorder_buffer/Mram_memory9/SPO has no load.
INFO:LIT:243 - Logical network
   DDR2_SDRAM/DDR2_SDRAM/DUALXCL0_INST.dualxcl_0/dualxcl_read_0/xcl_read_data_a/
   REORDER.xcl_reorder_buffer/Mram_memory12/SPO has no load.
INFO:LIT:243 - Logical network
   DDR2_SDRAM/DDR2_SDRAM/DUALXCL0_INST.dualxcl_0/dualxcl_read_0/xcl_read_data_a/
   REORDER.xcl_reorder_buffer/Mram_memory10/SPO has no load.
INFO:LIT:243 - Logical network
   DDR2_SDRAM/DDR2_SDRAM/DUALXCL0_INST.dualxcl_0/dualxcl_read_0/xcl_read_data_a/
   REORDER.xcl_reorder_buffer/Mram_memory11/SPO has no load.
INFO:LIT:243 - Logical network
   DDR2_SDRAM/DDR2_SDRAM/DUALXCL0_INST.dualxcl_0/dualxcl_read_0/xcl_read_data_a/
   REORDER.xcl_reorder_buffer/Mram_memory13/SPO has no load.
INFO:LIT:243 - Logical network
   DDR2_SDRAM/DDR2_SDRAM/DUALXCL0_INST.dualxcl_0/dualxcl_read_0/xcl_read_data_a/
   REORDER.xcl_reorder_buffer/Mram_memory14/SPO has no load.
INFO:LIT:243 - Logical network
   DDR2_SDRAM/DDR2_SDRAM/DUALXCL0_INST.dualxcl_0/dualxcl_read_0/xcl_read_data_a/
   REORDER.xcl_reorder_buffer/Mram_memory17/SPO has no load.
INFO:LIT:243 - Logical network
   DDR2_SDRAM/DDR2_SDRAM/DUALXCL0_INST.dualxcl_0/dualxcl_read_0/xcl_read_data_a/
   REORDER.xcl_reorder_buffer/Mram_memory15/SPO has no load.
INFO:LIT:243 - Logical network
   DDR2_SDRAM/DDR2_SDRAM/DUALXCL0_INST.dualxcl_0/dualxcl_read_0/xcl_read_data_a/
   REORDER.xcl_reorder_buffer/Mram_memory16/SPO has no load.
INFO:LIT:243 - Logical network
   DDR2_SDRAM/DDR2_SDRAM/DUALXCL0_INST.dualxcl_0/dualxcl_read_0/xcl_read_data_a/
   REORDER.xcl_reorder_buffer/Mram_memory20/SPO has no load.
INFO:LIT:243 - Logical network
   DDR2_SDRAM/DDR2_SDRAM/DUALXCL0_INST.dualxcl_0/dualxcl_read_0/xcl_read_data_a/
   REORDER.xcl_reorder_buffer/Mram_memory18/SPO has no load.
INFO:LIT:243 - Logical network
   DDR2_SDRAM/DDR2_SDRAM/DUALXCL0_INST.dualxcl_0/dualxcl_read_0/xcl_read_data_a/
   REORDER.xcl_reorder_buffer/Mram_memory19/SPO has no load.
INFO:LIT:243 - Logical network
   DDR2_SDRAM/DDR2_SDRAM/DUALXCL0_INST.dualxcl_0/dualxcl_read_0/xcl_read_data_a/
   REORDER.xcl_reorder_buffer/Mram_memory23/SPO has no load.
INFO:LIT:243 - Logical network
   DDR2_SDRAM/DDR2_SDRAM/DUALXCL0_INST.dualxcl_0/dualxcl_read_0/xcl_read_data_a/
   REORDER.xcl_reorder_buffer/Mram_memory21/SPO has no load.
INFO:LIT:243 - Logical network
   DDR2_SDRAM/DDR2_SDRAM/DUALXCL0_INST.dualxcl_0/dualxcl_read_0/xcl_read_data_a/
   REORDER.xcl_reorder_buffer/Mram_memory22/SPO has no load.
INFO:LIT:243 - Logical network
   DDR2_SDRAM/DDR2_SDRAM/DUALXCL0_INST.dualxcl_0/dualxcl_read_0/xcl_read_data_a/
   REORDER.xcl_reorder_buffer/Mram_memory24/SPO has no load.
INFO:LIT:243 - Logical network
   DDR2_SDRAM/DDR2_SDRAM/DUALXCL0_INST.dualxcl_0/dualxcl_read_0/xcl_read_data_a/
   REORDER.xcl_reorder_buffer/Mram_memory25/SPO has no load.
INFO:LIT:243 - Logical network
   DDR2_SDRAM/DDR2_SDRAM/DUALXCL0_INST.dualxcl_0/dualxcl_read_0/xcl_read_data_a/
   REORDER.xcl_reorder_buffer/Mram_memory28/SPO has no load.
INFO:LIT:243 - Logical network
   DDR2_SDRAM/DDR2_SDRAM/DUALXCL0_INST.dualxcl_0/dualxcl_read_0/xcl_read_data_a/
   REORDER.xcl_reorder_buffer/Mram_memory26/SPO has no load.
INFO:LIT:243 - Logical network
   DDR2_SDRAM/DDR2_SDRAM/DUALXCL0_INST.dualxcl_0/dualxcl_read_0/xcl_read_data_a/
   REORDER.xcl_reorder_buffer/Mram_memory27/SPO has no load.
INFO:LIT:243 - Logical network
   DDR2_SDRAM/DDR2_SDRAM/DUALXCL0_INST.dualxcl_0/dualxcl_read_0/xcl_read_data_a/
   REORDER.xcl_reorder_buffer/Mram_memory29/SPO has no load.
INFO:LIT:243 - Logical network
   DDR2_SDRAM/DDR2_SDRAM/DUALXCL0_INST.dualxcl_0/dualxcl_read_0/xcl_read_data_a/
   REORDER.xcl_reorder_buffer/Mram_memory30/SPO has no load.
INFO:LIT:243 - Logical network
   DDR2_SDRAM/DDR2_SDRAM/DUALXCL0_INST.dualxcl_0/dualxcl_read_0/xcl_read_data_a/
   REORDER.xcl_reorder_buffer/Mram_memory33/SPO has no load.
INFO:LIT:243 - Logical network
   DDR2_SDRAM/DDR2_SDRAM/DUALXCL0_INST.dualxcl_0/dualxcl_read_0/xcl_read_data_a/
   REORDER.xcl_reorder_buffer/Mram_memory31/SPO has no load.
INFO:LIT:243 - Logical network
   DDR2_SDRAM/DDR2_SDRAM/DUALXCL0_INST.dualxcl_0/dualxcl_read_0/xcl_read_data_a/
   REORDER.xcl_reorder_buffer/Mram_memory32/SPO has no load.
INFO:LIT:243 - Logical network
   RS232_Uart_0/RS232_Uart_0/XUART_I_1/UART16550_I_1/Ddis has no load.
INFO:LIT:243 - Logical network RS232_Uart_0/out1N has no load.
INFO:LIT:243 - Logical network RS232_Uart_0/dtrN has no load.
INFO:LIT:243 - Logical network RS232_Uart_0/out2N has no load.
INFO:LIT:243 - Logical network
   RS232_Uart_0/RS232_Uart_0/XUART_I_1/UART16550_I_1/Intr has no load.
INFO:LIT:243 - Logical network RS232_Uart_0/rtsN has no load.
INFO:LIT:243 - Logical network RS232_Uart_0/baudoutN has no load.
INFO:LIT:243 - Logical network
   RS232_Uart_0/RS232_Uart_0/XUART_I_1/UART16550_I_1/GENERATING_FIFOS.rx_fifo_bl
   ock_1/srl_fifo_rbu_f_i1/CNTR_INCR_DECR_ADDN_F_I/STRUCTURAL_A_GEN.Addr_Counter
   s[4].MUXCY_L_I/LO has no load.
INFO:LIT:243 - Logical network
   RS232_Uart_0/RS232_Uart_0/XUART_I_1/UART16550_I_1/GENERATING_FIFOS.tx_fifo_bl
   ock_1/srl_fifo_rbu_f_i1/CNTR_INCR_DECR_ADDN_F_I/STRUCTURAL_A_GEN.Addr_Counter
   s[4].MUXCY_L_I/LO has no load.
INFO:LIT:243 - Logical network
   RS232_Uart_1/RS232_Uart_1/XUART_I_1/UART16550_I_1/Ddis has no load.
INFO:LIT:243 - Logical network
   RS232_Uart_1/RS232_Uart_1/XUART_I_1/UART16550_I_1/rxrdyN_int has no load.
INFO:LIT:243 - Logical network RS232_Uart_1/out1N has no load.
INFO:LIT:243 - Logical network RS232_Uart_1/dtrN has no load.
INFO:LIT:243 - Logical network RS232_Uart_1/out2N has no load.
INFO:LIT:243 - Logical network
   RS232_Uart_1/RS232_Uart_1/XUART_I_1/UART16550_I_1/Intr has no load.
INFO:LIT:243 - Logical network RS232_Uart_1/rtsN has no load.
INFO:LIT:243 - Logical network
   RS232_Uart_1/RS232_Uart_1/XUART_I_1/UART16550_I_1/txrdyN_int has no load.
INFO:LIT:243 - Logical network RS232_Uart_1/baudoutN has no load.
INFO:LIT:243 - Logical network mdm_0/Ext_JTAG_RESET has no load.
INFO:LIT:243 - Logical network mdm_0/Interrupt has no load.
INFO:LIT:243 - Logical network mdm_0/Ext_JTAG_SEL has no load.
INFO:LIT:243 - Logical network
   mdm_0/mdm_0/MDM_Core_I1/JTAG_CONTROL_I/Use_UART.RX_FIFO_I/Addr_Counters[3].MU
   XCY_L_I/LO has no load.
INFO:LIT:243 - Logical network
   mdm_0/mdm_0/MDM_Core_I1/JTAG_CONTROL_I/Use_UART.TX_FIFO_I/Addr_Counters[3].MU
   XCY_L_I/LO has no load.
INFO:LIT:243 - Logical network
   proc_sys_reset_0/proc_sys_reset_0/RstcPPCresetsys_0 has no load.
INFO:LIT:243 - Logical network
   proc_sys_reset_0/proc_sys_reset_0/RstcPPCresetchip_0 has no load.
INFO:LIT:243 - Logical network
   proc_sys_reset_0/proc_sys_reset_0/RstcPPCresetcore_0 has no load.
INFO:LIT:243 - Logical network
   proc_sys_reset_0/proc_sys_reset_0/RstcPPCresetcore_1 has no load.
INFO:LIT:243 - Logical network
   proc_sys_reset_0/proc_sys_reset_0/Interconnect_aresetn<0> has no load.
INFO:LIT:243 - Logical network
   proc_sys_reset_0/proc_sys_reset_0/Peripheral_aresetn<0> has no load.
