Release 14.6 Xflow P.68d (nt64)
Copyright (c) 1995-2013 Xilinx, Inc.  All rights reserved.
xflow.exe -wd implementation -p xc5vlx50tff1136-1 -implement xflow.opt
system.ngc  
PMSPEC -- Overriding Xilinx file
<C:/Xilinx/14.6/ISE_DS/EDK/virtex5/data/virtex5.acd> with local file
<C:/Xilinx/14.6/ISE_DS/ISE/virtex5/data/virtex5.acd>

Using Flow File:
C:/Users/CS152B/Desktop/cs152b/Lab3/Lab3/implementation/fpga.flw 
Using Option File(s): 
 C:/Users/CS152B/Desktop/cs152b/Lab3/Lab3/implementation/xflow.opt 

Creating Script File ... 

#----------------------------------------------#
# Starting program ngdbuild
# ngdbuild -p xc5vlx50tff1136-1 -nt timestamp -bm system.bmm
"C:/Users/CS152B/Desktop/cs152b/Lab3/Lab3/implementation/system.ngc" -uc
system.ucf system.ngd 
#----------------------------------------------#
Release 14.6 - ngdbuild P.68d (nt64)
Copyright (c) 1995-2013 Xilinx, Inc.  All rights reserved.
PMSPEC -- Overriding Xilinx file
<C:/Xilinx/14.6/ISE_DS/EDK/virtex5/data/virtex5.acd> with local file
<C:/Xilinx/14.6/ISE_DS/ISE/virtex5/data/virtex5.acd>

Command Line: C:\Xilinx\14.6\ISE_DS\ISE\bin\nt64\unwrapped\ngdbuild.exe -p
xc5vlx50tff1136-1 -nt timestamp -bm system.bmm
C:/Users/CS152B/Desktop/cs152b/Lab3/Lab3/implementation/system.ngc -uc
system.ucf system.ngd

Reading NGO file
"C:/Users/CS152B/Desktop/cs152b/Lab3/Lab3/implementation/system.ngc" ...
Loading design module
"C:/Users/CS152B/Desktop/cs152b/Lab3/Lab3/implementation/system_microblaze_0_wra
pper.ngc"...
Loading design module
"C:/Users/CS152B/Desktop/cs152b/Lab3/Lab3/implementation/system_mb_plb_wrapper.n
gc"...
Loading design module
"C:/Users/CS152B/Desktop/cs152b/Lab3/Lab3/implementation/system_ilmb_wrapper.ngc
"...
Loading design module
"C:/Users/CS152B/Desktop/cs152b/Lab3/Lab3/implementation/system_dlmb_wrapper.ngc
"...
Loading design module
"C:/Users/CS152B/Desktop/cs152b/Lab3/Lab3/implementation/system_dlmb_cntlr_wrapp
er.ngc"...
Loading design module
"C:/Users/CS152B/Desktop/cs152b/Lab3/Lab3/implementation/system_ilmb_cntlr_wrapp
er.ngc"...
Loading design module
"C:/Users/CS152B/Desktop/cs152b/Lab3/Lab3/implementation/system_lmb_bram_wrapper
.ngc"...
Loading design module
"C:/Users/CS152B/Desktop/cs152b/Lab3/Lab3/implementation/system_leds_8bit_wrappe
r.ngc"...
Loading design module
"C:/Users/CS152B/Desktop/cs152b/Lab3/Lab3/implementation/system_push_buttons_7bi
t_wrapper.ngc"...
Loading design module
"C:/Users/CS152B/Desktop/cs152b/Lab3/Lab3/implementation/system_dip_switches_8bi
t_wrapper.ngc"...
Loading design module
"C:/Users/CS152B/Desktop/cs152b/Lab3/Lab3/implementation/system_flash_wrapper.ng
c"...
Loading design module
"C:/Users/CS152B/Desktop/cs152b/Lab3/Lab3/implementation/system_ddr2_sdram_wrapp
er.ngc"...
Loading design module
"C:/Users/CS152B/Desktop/cs152b/Lab3/Lab3/implementation/system_rs232_uart_0_wra
pper.ngc"...
Loading design module
"C:/Users/CS152B/Desktop/cs152b/Lab3/Lab3/implementation/system_rs232_uart_1_wra
pper.ngc"...
Loading design module
"C:/Users/CS152B/Desktop/cs152b/Lab3/Lab3/implementation/system_clock_generator_
0_wrapper.ngc"...
Loading design module
"C:/Users/CS152B/Desktop/cs152b/Lab3/Lab3/implementation/system_mdm_0_wrapper.ng
c"...
Loading design module
"C:/Users/CS152B/Desktop/cs152b/Lab3/Lab3/implementation/system_proc_sys_reset_0
_wrapper.ngc"...
Loading design module
"C:/Users/CS152B/Desktop/cs152b/Lab3/Lab3/implementation/system_xps_gpio_0_wrapp
er.ngc"...
Applying constraints in
"C:/Users/CS152B/Desktop/cs152b/Lab3/Lab3/implementation/system_ddr2_sdram_wrapp
er.ncf" to module "DDR2_SDRAM"...
Checking Constraint Associations...
Gathering constraint information from source properties...
Done.

Annotating constraints to design from ucf file "system.ucf" ...
Resolving constraint associations...
Checking Constraint Associations...
Done...

Processing BMM file "system.bmm" ...

Checking expanded design ...
WARNING:NgdBuild:443 - SFF primitive
   'FLASH/FLASH/EMC_CTRL_I/MEM_STATE_MACHINE_I/READ_COMPLETE_PIPE_GEN[6].READ_CO
   MPLETE_PIPE' has unconnected output pin
WARNING:NgdBuild:443 - SFF primitive
   'FLASH/FLASH/EMC_CTRL_I/MEM_STEER_I/RDDATA_PATH_MUX_GEN.ASYNC_ADDR_CNT_GEN.RD
   DATA_EN_GEN_ASYNC[3].RDDATA_EN_REG_ASYNC' has unconnected output pin
WARNING:NgdBuild:443 - SFF primitive
   'FLASH/FLASH/EMC_CTRL_I/MEM_STEER_I/ASYNC_MEM_RDACK_GEN.AALIGN_PIPE_GEN[1].AA
   LIGN_PIPE' has unconnected output pin
WARNING:NgdBuild:443 - SFF primitive
   'FLASH/FLASH/EMC_CTRL_I/ADDR_COUNTER_MUX_I/ADDRESS_STORE_GEN[31].ADDRESS_REG'
   has unconnected output pin
WARNING:NgdBuild:443 - SFF primitive
   'FLASH/FLASH/EMC_CTRL_I/ADDR_COUNTER_MUX_I/ADDRESS_STORE_GEN[30].ADDRESS_REG'
   has unconnected output pin
WARNING:NgdBuild:443 - SFF primitive
   'FLASH/FLASH/MCH_PLB_IPIF_I/NO_CHNL_IF_GEN.PLBV46_SLAVE_BURST_I/I_SLAVE_ATTAC
   HMENT/I_STEER_ADDRESS_COUNTER/GEN_FOR_SHARED.GEN_S_H_SIZE_REG[0].I_SIZE_S_H_R
   EG' has unconnected output pin
WARNING:NgdBuild:443 - SFF primitive
   'FLASH/FLASH/MCH_PLB_IPIF_I/NO_CHNL_IF_GEN.PLBV46_SLAVE_BURST_I/I_SLAVE_ATTAC
   HMENT/I_BUS_ADDRESS_COUNTER/GEN_FOR_SHARED.GEN_S_H_SIZE_REG[0].I_SIZE_S_H_REG
   ' has unconnected output pin
WARNING:NgdBuild:443 - SFF primitive
   'FLASH/FLASH/MCH_PLB_IPIF_I/NO_CHNL_IF_GEN.PLBV46_SLAVE_BURST_I/I_SLAVE_ATTAC
   HMENT/I_BUS_ADDRESS_COUNTER/I_FLEX_ADDR_CNTR/LDMUX_FDRSE_0to3[3].I_FDRSE_BE0t
   o3' has unconnected output pin
WARNING:NgdBuild:443 - SFF primitive
   'FLASH/FLASH/MCH_PLB_IPIF_I/NO_CHNL_IF_GEN.PLBV46_SLAVE_BURST_I/I_SLAVE_ATTAC
   HMENT/I_BUS_ADDRESS_COUNTER/I_FLEX_ADDR_CNTR/LDMUX_FDRSE_0to3[2].I_FDRSE_BE0t
   o3' has unconnected output pin
WARNING:NgdBuild:443 - SFF primitive
   'FLASH/FLASH/MCH_PLB_IPIF_I/NO_CHNL_IF_GEN.PLBV46_SLAVE_BURST_I/I_SLAVE_ATTAC
   HMENT/I_BUS_ADDRESS_COUNTER/I_FLEX_ADDR_CNTR/LDMUX_FDRSE_0to3[1].I_FDRSE_BE0t
   o3' has unconnected output pin
WARNING:NgdBuild:443 - SFF primitive
   'FLASH/FLASH/MCH_PLB_IPIF_I/NO_CHNL_IF_GEN.PLBV46_SLAVE_BURST_I/I_SLAVE_ATTAC
   HMENT/I_BUS_ADDRESS_COUNTER/I_FLEX_ADDR_CNTR/LDMUX_FDRSE_0to3[0].I_FDRSE_BE0t
   o3' has unconnected output pin
WARNING:NgdBuild:443 - SFF primitive
   'FLASH/FLASH/MCH_PLB_IPIF_I/NO_CHNL_IF_GEN.PLBV46_SLAVE_BURST_I/I_SLAVE_ATTAC
   HMENT/I_BURST_SUPPORT/CONTROL_DBEAT_CNTR_I/STRUCTURAL_A_GEN.I_ADDSUB_GEN[5].F
   DRE_I' has unconnected output pin
WARNING:NgdBuild:443 - SFF primitive
   'FLASH/FLASH/MCH_PLB_IPIF_I/NO_CHNL_IF_GEN.PLBV46_SLAVE_BURST_I/I_SLAVE_ATTAC
   HMENT/I_BURST_SUPPORT/RESPONSE_DBEAT_CNTR_I/STRUCTURAL_A_GEN.I_ADDSUB_GEN[5].
   FDRE_I' has unconnected output pin
WARNING:NgdBuild:443 - SFF primitive
   'FLASH/FLASH/MCH_PLB_IPIF_I/NO_CHNL_IF_GEN.PLBV46_SLAVE_BURST_I/I_SLAVE_ATTAC
   HMENT/I_DECODER/GEN_CE_FOR_SHARED.GEN_BKEND_CE_REGISTERS[0].I_BKEND_RDCE_REG'
   has unconnected output pin
WARNING:NgdBuild:443 - SFF primitive
   'FLASH/FLASH/MCH_PLB_IPIF_I/NO_CHNL_IF_GEN.PLBV46_SLAVE_BURST_I/I_SLAVE_ATTAC
   HMENT/I_DECODER/GEN_CE_FOR_SHARED.GEN_BKEND_CE_REGISTERS[0].I_BKEND_WRCE_REG'
   has unconnected output pin
WARNING:NgdBuild:443 - SFF primitive
   'DDR2_SDRAM/DDR2_SDRAM/mpmc_core_0/gen_v5_ddr2_phy.mpmc_phy_if_0/u_phy_io_0/u
   _phy_calib_0/gen_rden[1].u_calib_rden_r' has unconnected output pin
WARNING:NgdBuild:443 - SFF primitive
   'DDR2_SDRAM/DDR2_SDRAM/mpmc_core_0/gen_v5_ddr2_phy.mpmc_phy_if_0/u_phy_io_0/u
   _phy_calib_0/gen_rden[2].u_calib_rden_r' has unconnected output pin
WARNING:NgdBuild:443 - SFF primitive
   'DDR2_SDRAM/DDR2_SDRAM/mpmc_core_0/gen_v5_ddr2_phy.mpmc_phy_if_0/u_phy_io_0/u
   _phy_calib_0/gen_rden[3].u_calib_rden_r' has unconnected output pin
WARNING:NgdBuild:443 - SFF primitive
   'DDR2_SDRAM/DDR2_SDRAM/mpmc_core_0/gen_v5_ddr2_phy.mpmc_phy_if_0/u_phy_io_0/u
   _phy_calib_0/gen_rden[4].u_calib_rden_r' has unconnected output pin
WARNING:NgdBuild:443 - SFF primitive
   'DDR2_SDRAM/DDR2_SDRAM/mpmc_core_0/gen_v5_ddr2_phy.mpmc_phy_if_0/u_phy_io_0/u
   _phy_calib_0/gen_rden[5].u_calib_rden_r' has unconnected output pin
WARNING:NgdBuild:443 - SFF primitive
   'DDR2_SDRAM/DDR2_SDRAM/mpmc_core_0/gen_v5_ddr2_phy.mpmc_phy_if_0/u_phy_io_0/u
   _phy_calib_0/gen_rden[6].u_calib_rden_r' has unconnected output pin
WARNING:NgdBuild:443 - SFF primitive
   'DDR2_SDRAM/DDR2_SDRAM/mpmc_core_0/gen_v5_ddr2_phy.mpmc_phy_if_0/u_phy_io_0/u
   _phy_calib_0/gen_rden[7].u_calib_rden_r' has unconnected output pin
WARNING:NgdBuild:486 - Attribute "INIT_FILE" is not allowed on symbol
   "DDR2_SDRAM/mpmc_core_0/gen_paths.mpmc_data_path_0/gen_read_fifos[0].gen_fifo
   s.mpmc_read_fifo_0/gen_fifos_bram.mpmc_bram_fifo_0/gen_brams_normal.gen_v4.ge
   n_brams[3].bram" of type "RAMB16".  This attribute will be ignored.
WARNING:NgdBuild:486 - Attribute "INIT_FILE" is not allowed on symbol
   "DDR2_SDRAM/mpmc_core_0/gen_paths.mpmc_data_path_0/gen_read_fifos[0].gen_fifo
   s.mpmc_read_fifo_0/gen_fifos_bram.mpmc_bram_fifo_0/gen_brams_normal.gen_v4.ge
   n_brams[2].bram" of type "RAMB16".  This attribute will be ignored.
WARNING:NgdBuild:486 - Attribute "INIT_FILE" is not allowed on symbol
   "DDR2_SDRAM/mpmc_core_0/gen_paths.mpmc_data_path_0/gen_read_fifos[0].gen_fifo
   s.mpmc_read_fifo_0/gen_fifos_bram.mpmc_bram_fifo_0/gen_brams_normal.gen_v4.ge
   n_brams[1].bram" of type "RAMB16".  This attribute will be ignored.
WARNING:NgdBuild:486 - Attribute "INIT_FILE" is not allowed on symbol
   "DDR2_SDRAM/mpmc_core_0/gen_paths.mpmc_data_path_0/gen_read_fifos[0].gen_fifo
   s.mpmc_read_fifo_0/gen_fifos_bram.mpmc_bram_fifo_0/gen_brams_normal.gen_v4.ge
   n_brams[0].bram" of type "RAMB16".  This attribute will be ignored.
WARNING:NgdBuild:486 - Attribute "INIT_FILE" is not allowed on symbol
   "DDR2_SDRAM/mpmc_core_0/gen_paths.mpmc_data_path_0/gen_read_fifos[1].gen_fifo
   s.mpmc_read_fifo_0/gen_fifos_bram.mpmc_bram_fifo_0/gen_brams_normal.gen_v4.ge
   n_brams[3].bram" of type "RAMB16".  This attribute will be ignored.
WARNING:NgdBuild:486 - Attribute "INIT_FILE" is not allowed on symbol
   "DDR2_SDRAM/mpmc_core_0/gen_paths.mpmc_data_path_0/gen_read_fifos[1].gen_fifo
   s.mpmc_read_fifo_0/gen_fifos_bram.mpmc_bram_fifo_0/gen_brams_normal.gen_v4.ge
   n_brams[2].bram" of type "RAMB16".  This attribute will be ignored.
WARNING:NgdBuild:486 - Attribute "INIT_FILE" is not allowed on symbol
   "DDR2_SDRAM/mpmc_core_0/gen_paths.mpmc_data_path_0/gen_read_fifos[1].gen_fifo
   s.mpmc_read_fifo_0/gen_fifos_bram.mpmc_bram_fifo_0/gen_brams_normal.gen_v4.ge
   n_brams[1].bram" of type "RAMB16".  This attribute will be ignored.
WARNING:NgdBuild:486 - Attribute "INIT_FILE" is not allowed on symbol
   "DDR2_SDRAM/mpmc_core_0/gen_paths.mpmc_data_path_0/gen_read_fifos[1].gen_fifo
   s.mpmc_read_fifo_0/gen_fifos_bram.mpmc_bram_fifo_0/gen_brams_normal.gen_v4.ge
   n_brams[0].bram" of type "RAMB16".  This attribute will be ignored.
WARNING:NgdBuild:486 - Attribute "INIT_FILE" is not allowed on symbol
   "DDR2_SDRAM/mpmc_core_0/gen_paths.mpmc_data_path_0/gen_write_fifos[1].gen_fif
   os.mpmc_write_fifo_0/gen_fifo_bram.mpmc_bram_fifo_0/gen_brams_normal.gen_v4.g
   en_brams[3].bram" of type "RAMB16".  This attribute will be ignored.
WARNING:NgdBuild:486 - Attribute "INIT_FILE" is not allowed on symbol
   "DDR2_SDRAM/mpmc_core_0/gen_paths.mpmc_data_path_0/gen_write_fifos[1].gen_fif
   os.mpmc_write_fifo_0/gen_fifo_bram.mpmc_bram_fifo_0/gen_brams_normal.gen_v4.g
   en_brams[2].bram" of type "RAMB16".  This attribute will be ignored.
WARNING:NgdBuild:486 - Attribute "INIT_FILE" is not allowed on symbol
   "DDR2_SDRAM/mpmc_core_0/gen_paths.mpmc_data_path_0/gen_write_fifos[1].gen_fif
   os.mpmc_write_fifo_0/gen_fifo_bram.mpmc_bram_fifo_0/gen_brams_normal.gen_v4.g
   en_brams[1].bram" of type "RAMB16".  This attribute will be ignored.
WARNING:NgdBuild:486 - Attribute "INIT_FILE" is not allowed on symbol
   "DDR2_SDRAM/mpmc_core_0/gen_paths.mpmc_data_path_0/gen_write_fifos[1].gen_fif
   os.mpmc_write_fifo_0/gen_fifo_bram.mpmc_bram_fifo_0/gen_brams_normal.gen_v4.g
   en_brams[0].bram" of type "RAMB16".  This attribute will be ignored.
WARNING:NgdBuild:452 - logical net 'N161' has no driver
WARNING:NgdBuild:452 - logical net 'N162' has no driver
WARNING:NgdBuild:452 - logical net 'N163' has no driver
WARNING:NgdBuild:452 - logical net 'N164' has no driver
WARNING:NgdBuild:452 - logical net 'N165' has no driver
WARNING:NgdBuild:452 - logical net 'N166' has no driver
WARNING:NgdBuild:452 - logical net 'N167' has no driver
WARNING:NgdBuild:452 - logical net 'N168' has no driver
WARNING:NgdBuild:452 - logical net 'N169' has no driver
WARNING:NgdBuild:452 - logical net 'N170' has no driver
WARNING:NgdBuild:452 - logical net 'N171' has no driver
WARNING:NgdBuild:452 - logical net 'N172' has no driver
WARNING:NgdBuild:452 - logical net 'N173' has no driver
WARNING:NgdBuild:452 - logical net 'N174' has no driver
WARNING:NgdBuild:452 - logical net 'N175' has no driver
WARNING:NgdBuild:452 - logical net 'N176' has no driver
WARNING:NgdBuild:452 - logical net 'N177' has no driver
WARNING:NgdBuild:452 - logical net 'N178' has no driver
WARNING:NgdBuild:452 - logical net 'N179' has no driver
WARNING:NgdBuild:452 - logical net 'N180' has no driver
WARNING:NgdBuild:452 - logical net 'N181' has no driver
WARNING:NgdBuild:452 - logical net 'N182' has no driver
WARNING:NgdBuild:452 - logical net 'N183' has no driver
WARNING:NgdBuild:452 - logical net 'N184' has no driver
WARNING:NgdBuild:452 - logical net 'N185' has no driver
WARNING:NgdBuild:452 - logical net 'N186' has no driver
WARNING:NgdBuild:452 - logical net 'N187' has no driver
WARNING:NgdBuild:452 - logical net 'N188' has no driver
WARNING:NgdBuild:452 - logical net 'N189' has no driver
WARNING:NgdBuild:452 - logical net 'N190' has no driver
WARNING:NgdBuild:452 - logical net 'N191' has no driver
WARNING:NgdBuild:452 - logical net 'N192' has no driver
WARNING:NgdBuild:452 - logical net 'N193' has no driver
WARNING:NgdBuild:452 - logical net 'N194' has no driver
WARNING:NgdBuild:452 - logical net 'N195' has no driver
WARNING:NgdBuild:452 - logical net 'N196' has no driver
WARNING:NgdBuild:452 - logical net 'N197' has no driver
WARNING:NgdBuild:452 - logical net 'N198' has no driver
WARNING:NgdBuild:452 - logical net 'N199' has no driver
WARNING:NgdBuild:452 - logical net 'N200' has no driver
WARNING:NgdBuild:452 - logical net 'N201' has no driver
WARNING:NgdBuild:452 - logical net 'N202' has no driver
WARNING:NgdBuild:452 - logical net 'N203' has no driver
WARNING:NgdBuild:452 - logical net 'N204' has no driver
WARNING:NgdBuild:452 - logical net 'N205' has no driver
WARNING:NgdBuild:452 - logical net 'N206' has no driver
WARNING:NgdBuild:452 - logical net 'N207' has no driver
WARNING:NgdBuild:452 - logical net 'N208' has no driver
WARNING:NgdBuild:452 - logical net 'N209' has no driver
WARNING:NgdBuild:452 - logical net 'N210' has no driver
WARNING:NgdBuild:452 - logical net 'N211' has no driver
WARNING:NgdBuild:452 - logical net 'N212' has no driver
WARNING:NgdBuild:452 - logical net 'N213' has no driver
WARNING:NgdBuild:452 - logical net 'N214' has no driver
WARNING:NgdBuild:452 - logical net 'N215' has no driver
WARNING:NgdBuild:452 - logical net 'N216' has no driver
WARNING:NgdBuild:452 - logical net 'N217' has no driver
WARNING:NgdBuild:452 - logical net 'N218' has no driver
WARNING:NgdBuild:452 - logical net 'N219' has no driver
WARNING:NgdBuild:452 - logical net 'N220' has no driver
WARNING:NgdBuild:452 - logical net 'N221' has no driver
WARNING:NgdBuild:452 - logical net 'N222' has no driver
WARNING:NgdBuild:452 - logical net 'N223' has no driver
WARNING:NgdBuild:452 - logical net 'N224' has no driver
WARNING:NgdBuild:452 - logical net 'N240' has no driver
WARNING:NgdBuild:452 - logical net 'N241' has no driver
WARNING:NgdBuild:452 - logical net 'N242' has no driver
WARNING:NgdBuild:452 - logical net 'N243' has no driver
WARNING:NgdBuild:452 - logical net 'N244' has no driver
WARNING:NgdBuild:452 - logical net 'N245' has no driver
WARNING:NgdBuild:452 - logical net 'N246' has no driver
WARNING:NgdBuild:452 - logical net 'N247' has no driver
WARNING:NgdBuild:452 - logical net 'N248' has no driver
WARNING:NgdBuild:452 - logical net 'N249' has no driver
WARNING:NgdBuild:452 - logical net 'N250' has no driver
WARNING:NgdBuild:452 - logical net 'N251' has no driver
WARNING:NgdBuild:452 - logical net 'N252' has no driver
WARNING:NgdBuild:452 - logical net 'N253' has no driver
WARNING:NgdBuild:452 - logical net 'N254' has no driver
WARNING:NgdBuild:452 - logical net 'N255' has no driver

Partition Implementation Status
-------------------------------

  No Partitions were found in this design.

-------------------------------

NGDBUILD Design Results Summary:
  Number of errors:     0
  Number of warnings: 114

Writing NGD file "system.ngd" ...
Total REAL time to NGDBUILD completion:  39 sec
Total CPU time to NGDBUILD completion:   38 sec

Writing NGDBUILD log file "system.bld"...

NGDBUILD done.



#----------------------------------------------#
# Starting program map
# map -o system_map.ncd -w -pr b -ol high -timing -detail system.ngd system.pcf 
#----------------------------------------------#
Release 14.6 - Map P.68d (nt64)
Copyright (c) 1995-2013 Xilinx, Inc.  All rights reserved.
PMSPEC -- Overriding Xilinx file
<C:/Xilinx/14.6/ISE_DS/EDK/data/Xdh_PrimTypeLib.xda> with local file
<C:/Xilinx/14.6/ISE_DS/ISE/data/Xdh_PrimTypeLib.xda>
Using target part "5vlx50tff1136-1".
vvvvvvvvvvvvvvvvvvvvvvvvvvvvvvvvvvvvvvvvvvvvvvvvvvvvvvvvvvvvvvvvvvvvvv
INFO:Security:54 - 'xc5vlx50t' is a WebPack part.
WARNING:Security:42 - Your software subscription period has lapsed. Your current
version of Xilinx tools will continue to function, but you no longer qualify for
Xilinx software updates or new releases.
----------------------------------------------------------------------
ERROR:LIT:600 - IOBUFDS symbol
   "DDR2_SDRAM/DDR2_SDRAM/mpmc_core_0/gen_v5_ddr2_phy.mpmc_phy_if_0/u_phy_io_0/g
   en_dqs[0].u_iob_dqs/gen_dqs_iob_ddr2.u_iobuf_dqs" (output
   signal=DDR2_SDRAM/DDR2_SDRAM/mpmc_core_0/gen_v5_ddr2_phy.mpmc_phy_if_0/u_phy_
   io_0/gen_dqs[0].u_iob_dqs/dqs_ibuf) does not have IOSTANDARD specified. Map
   is unable to generate a default IOSTANDARD for IOBUFDS, one has to be
   explicitly provided.
ERROR:LIT:600 - IOBUFDS symbol
   "DDR2_SDRAM/DDR2_SDRAM/mpmc_core_0/gen_v5_ddr2_phy.mpmc_phy_if_0/u_phy_io_0/g
   en_dqs[1].u_iob_dqs/gen_dqs_iob_ddr2.u_iobuf_dqs" (output
   signal=DDR2_SDRAM/DDR2_SDRAM/mpmc_core_0/gen_v5_ddr2_phy.mpmc_phy_if_0/u_phy_
   io_0/gen_dqs[1].u_iob_dqs/dqs_ibuf) does not have IOSTANDARD specified. Map
   is unable to generate a default IOSTANDARD for IOBUFDS, one has to be
   explicitly provided.
ERROR:LIT:600 - IOBUFDS symbol
   "DDR2_SDRAM/DDR2_SDRAM/mpmc_core_0/gen_v5_ddr2_phy.mpmc_phy_if_0/u_phy_io_0/g
   en_dqs[2].u_iob_dqs/gen_dqs_iob_ddr2.u_iobuf_dqs" (output
   signal=DDR2_SDRAM/DDR2_SDRAM/mpmc_core_0/gen_v5_ddr2_phy.mpmc_phy_if_0/u_phy_
   io_0/gen_dqs[2].u_iob_dqs/dqs_ibuf) does not have IOSTANDARD specified. Map
   is unable to generate a default IOSTANDARD for IOBUFDS, one has to be
   explicitly provided.
ERROR:LIT:600 - IOBUFDS symbol
   "DDR2_SDRAM/DDR2_SDRAM/mpmc_core_0/gen_v5_ddr2_phy.mpmc_phy_if_0/u_phy_io_0/g
   en_dqs[3].u_iob_dqs/gen_dqs_iob_ddr2.u_iobuf_dqs" (output
   signal=DDR2_SDRAM/DDR2_SDRAM/mpmc_core_0/gen_v5_ddr2_phy.mpmc_phy_if_0/u_phy_
   io_0/gen_dqs[3].u_iob_dqs/dqs_ibuf) does not have IOSTANDARD specified. Map
   is unable to generate a default IOSTANDARD for IOBUFDS, one has to be
   explicitly provided.
ERROR:LIT:600 - IOBUFDS symbol
   "DDR2_SDRAM/DDR2_SDRAM/mpmc_core_0/gen_v5_ddr2_phy.mpmc_phy_if_0/u_phy_io_0/g
   en_dqs[4].u_iob_dqs/gen_dqs_iob_ddr2.u_iobuf_dqs" (output
   signal=DDR2_SDRAM/DDR2_SDRAM/mpmc_core_0/gen_v5_ddr2_phy.mpmc_phy_if_0/u_phy_
   io_0/gen_dqs[4].u_iob_dqs/dqs_ibuf) does not have IOSTANDARD specified. Map
   is unable to generate a default IOSTANDARD for IOBUFDS, one has to be
   explicitly provided.
ERROR:LIT:600 - IOBUFDS symbol
   "DDR2_SDRAM/DDR2_SDRAM/mpmc_core_0/gen_v5_ddr2_phy.mpmc_phy_if_0/u_phy_io_0/g
   en_dqs[5].u_iob_dqs/gen_dqs_iob_ddr2.u_iobuf_dqs" (output
   signal=DDR2_SDRAM/DDR2_SDRAM/mpmc_core_0/gen_v5_ddr2_phy.mpmc_phy_if_0/u_phy_
   io_0/gen_dqs[5].u_iob_dqs/dqs_ibuf) does not have IOSTANDARD specified. Map
   is unable to generate a default IOSTANDARD for IOBUFDS, one has to be
   explicitly provided.
ERROR:LIT:600 - IOBUFDS symbol
   "DDR2_SDRAM/DDR2_SDRAM/mpmc_core_0/gen_v5_ddr2_phy.mpmc_phy_if_0/u_phy_io_0/g
   en_dqs[6].u_iob_dqs/gen_dqs_iob_ddr2.u_iobuf_dqs" (output
   signal=DDR2_SDRAM/DDR2_SDRAM/mpmc_core_0/gen_v5_ddr2_phy.mpmc_phy_if_0/u_phy_
   io_0/gen_dqs[6].u_iob_dqs/dqs_ibuf) does not have IOSTANDARD specified. Map
   is unable to generate a default IOSTANDARD for IOBUFDS, one has to be
   explicitly provided.
ERROR:LIT:600 - IOBUFDS symbol
   "DDR2_SDRAM/DDR2_SDRAM/mpmc_core_0/gen_v5_ddr2_phy.mpmc_phy_if_0/u_phy_io_0/g
   en_dqs[7].u_iob_dqs/gen_dqs_iob_ddr2.u_iobuf_dqs" (output
   signal=DDR2_SDRAM/DDR2_SDRAM/mpmc_core_0/gen_v5_ddr2_phy.mpmc_phy_if_0/u_phy_
   io_0/gen_dqs[7].u_iob_dqs/dqs_ibuf) does not have IOSTANDARD specified. Map
   is unable to generate a default IOSTANDARD for IOBUFDS, one has to be
   explicitly provided.
Errors found during logical drc. 

Design Summary
--------------
Number of errors   :   8
Number of warnings :   0
ERROR:Xflow - Program map returned error code 2. Aborting flow execution...
