ISim log file
Running: C:\Users\CS152B\Desktop\cs152b\Lab1\tb_isim_beh.exe -intstyle ise -gui -tclbatch isim.cmd -wdb C:/Users/CS152B/Desktop/cs152b/Lab1/tb_isim_beh.wdb 
ISim P.68d (signature 0x7708f090)
----------------------------------------------------------------------
WARNING:Security:42 - Your software subscription period has lapsed. Your current version of Xilinx tools will continue to function, but you no longer qualify for Xilinx software updates or new releases.


----------------------------------------------------------------------
This is a Full version of ISim.
Time resolution is 1 ps
# onerror resume
# wave add /
# run 1000 ns
Simulator is doing circuit initialization process.
Test cases for the register file:
Finished circuit initialization process.
Reading register  0...Success
Reading register  1...Success
Reading register  2...Success
Reading register  3...Success
Reading register  4...Success
Reading register  5...Success
Reading register  6...Success
Reading register  7...Success
Reading register  8...Success
Reading register  9...Success
Reading register 10...Success
Reading register 11...Success
Reading register 12...Success
Reading register 13...Success
Reading register 14...Success
Reading register 15...Success
Reading register 16...Success
Reading register 17...Success
Reading register 18...Success
Reading register 19...Success
Reading register 20...Success
Reading register 21...Success
Reading register 22...Success
Reading register 23...Success
Reading register 24...Success
Reading register 25...Success
Reading register 26...Success
Reading register 27...Success
Reading register 28...Success
Reading register 29...Success
Reading register 30...Success
Reading register 31...Success
RF Pass simultaneous read/write
SUB Pass 1
