Running: C:\Xilinx\14.6\ISE_DS\ISE\bin\nt64\unwrapped\fuse.exe -intstyle ise -incremental -lib unisims_ver -lib unimacro_ver -lib xilinxcorelib_ver -lib secureip -o C:/Users/CS152B/Desktop/cs152b/Lab2/tb_isim_beh.exe -prj C:/Users/CS152B/Desktop/cs152b/Lab2/tb_beh.prj work.tb work.glbl 
ISim P.68d (signature 0x7708f090)
Number of CPUs detected in this system: 4
Turning on mult-threading, number of parallel sub-compilation jobs: 8 
Determining compilation order of HDL files
Analyzing Verilog file "C:/Users/CS152B/Desktop/cs152b/Lab2/Lab2/verilog src/master_clk.v" into library work
Analyzing Verilog file "C:/Users/CS152B/Desktop/cs152b/Lab2/Lab2/verilog src/debouncer.v" into library work
Analyzing Verilog file "C:/Users/CS152B/Desktop/cs152b/Lab2/Lab2/verilog src/top.v" into library work
Analyzing Verilog file "C:/Users/CS152B/Desktop/cs152b/Lab2/Lab2/verilog src/tb.v" into library work
Analyzing Verilog file "C:/Xilinx/14.6/ISE_DS/ISE//verilog/src/glbl.v" into library work
Starting static elaboration
Completed static elaboration
Compiling module master_clk
Compiling module debouncer
Compiling module top
Compiling module tb
Compiling module glbl
Time Resolution for simulation is 1ps.
Waiting for 1 sub-compilation(s) to finish...
Compiled 5 Verilog Units
Built simulation executable C:/Users/CS152B/Desktop/cs152b/Lab2/tb_isim_beh.exe
Fuse Memory Usage: 28168 KB
Fuse CPU Usage: 420 ms
